rusticate-analyze-modules
Command: ./target/release/rusticate-analyze-modules -C /home/milnes/projects/RustCodebases -m 100 -j 8
Codebase: /home/milnes/projects/RustCodebases | Max: 100 | Jobs: 8 | Started: Instant { tv_sec: 78864, tv_nsec: 809080950 }
Found 1070 codebases
Limiting to 100 codebases

Found 224366 Rust files across 100 codebases

/home/milnes/projects/RustCodebases/TinyTemplate/benches/benchmarks.rs:1: Parse error
/home/milnes/projects/RustCodebases/autocfg/src/lib.rs:1: Parse error
/home/milnes/projects/RustCodebases/autocfg/src/version.rs:1: Parse error
/home/milnes/projects/RustCodebases/aws-lc-rs/scripts/tests/prefix_test.rs:1: Parse error
/home/milnes/projects/RustCodebases/aws-lc-rs/scripts/tests/assert_cpu_jitter_entropy_fips.rs:1: Parse error
/home/milnes/projects/RustCodebases/aws-lc-rs/scripts/tests/assert_cpu_jitter_entropy.rs:1: Parse error
/home/milnes/projects/RustCodebases/aws-lc-rs/scripts/tests/first_random_byte_latency.rs:1: Parse error
/home/milnes/projects/RustCodebases/aws-lc-rs/scripts/tools/cargo-dig.rs:1: Parse error
/home/milnes/projects/RustCodebases/aws-lc-rs/scripts/tools/semver.rs:1: Parse error
/home/milnes/projects/RustCodebases/aws-lc-rs/aws-lc-rs/util/process-criterion-csv.rs:1: Parse error
/home/milnes/projects/RustCodebases/azure-sdk-for-rust/eng/scripts/update-pathversions.rs:1: Parse error
/home/milnes/projects/RustCodebases/azure-sdk-for-rust/eng/scripts/update-cratenames.rs:1: Parse error
/home/milnes/projects/RustCodebases/azure-sdk-for-rust/eng/scripts/verify-dependencies.rs:1: Parse error
Analysis complete: 30685 std lib uses, 679 unique paths, 13 errors

=== Standard Library Modules Used ===
Modules (113 total):
   546 std::fmt
   190 std::io
   163 core::ffi
   104 core::fmt
    88 std::env
    83 core::mem
    80 std::mem
    57 std::fmt::self
    56 std::thread
    53 std::str
    49 std::io::self
    44 std::hint
    39 proc_macro::TokenStream
    37 core::ptr
    30 std::fs
    26 core::str
    26 std::cmp
    25 std::net
    25 test::Bencher
    23 alloc::vec
    18 core::fmt::self
    17 std::ptr
    15 std::iter
    14 std::error
    13 core::slice
    13 core::cmp
    11 core::mem::self
    11 std::slice
    11 std::ops
    10 std::vec
     8 std::task::self
     8 std::time
     8 alloc::format
     8 core::ptr::self
     8 std::process
     7 core::ops
     6 core::f64
     6 core::iter
     6 core::f32
     5 std::task
     5 test::black_box
     4 core
     4 std::ptr::self
     4 std::result
     4 core::hash
     4 core::slice::self
     3 core::usize
     3 std::self
     3 core::marker
     3 core::cell
     3 std::path::self
     3 std::path
     3 std::iter::self
     2 core::panic
     2 alloc::vec::self
     2 std::format
     2 alloc::string
     2 std::str::self
     2 std::panic
     2 core::iter::self
     2 core::stringify
     2 core::task::self
     2 std::num
     2 std::fs::self
     2 std::f64
     2 std::future
     2 alloc::borrow
     2 std::marker
     2 std::ffi
     2 alloc::str
     1 core::hint
     1 std::vec::self
     1 core::concat
     1 std::cmp::self
     1 core::ops::self
     1 proc_macro::Span
     1 core::num::self
     1 core::u8
     1 core::u16
     1 std::string
     1 core::convert
     1 std::future::self
     1 std::default
     1 std::hash
     1 std::boxed::self
     1 std::sync::atomic::self
     1 core::task
     1 std::char
     1 std::cell
     1 std::convert
     1 std::sync
     1 core::error::self
     1 std::u32
     1 core::Level
     1 std::option::Option::self
     1 test
     1 std
     1 core::i8
     1 core::num
     1 std::borrow
     1 std::thread_local
     1 std::task::Poll::self
     1 core::default
     1 alloc::boxed::self
     1 std::result::Result::self
     1 core::format_args
     1 std::thread::self
     1 std::borrow::Cow::self
     1 core::array
     1 core::borrow
     1 std::process::self
     1 std::f32
     1 alloc::fmt

=== Standard Library Data Types Used ===
Data types (566 total):
  15576 std::ops::Deref
  2882 std::borrow::Cow
  1528 std::collections::HashMap
   780 std::sync::Arc
   616 std::error::Error
   374 std::pin::Pin
   340 std::time::Duration
   288 std::sync::Mutex
   284 std::task::Poll
   264 std::task::Context
   259 std::future::Future
   175 std::io::Write
   130 std::fmt::Debug
   129 std::str::FromStr
   120 std::sync::atomic::Ordering
   117 std::marker::PhantomData
   115 alloc::vec::Vec
   109 std::convert::Infallible
   104 std::fmt::Display
   101 core::pin::Pin
   101 std::path::Path
    97 std::path::PathBuf
    89 std::time::SystemTime
    84 std::collections::HashSet
    84 std::sync::atomic::AtomicUsize
    82 std::io::Read
    82 std::fs::File
    79 core::marker::PhantomData
    76 std::fmt::Formatter
    73 std::any::Any
    70 std::rc::Rc
    68 std::fmt::Write
    65 core::future::Future
    61 std::net::SocketAddr
    61 std::ops::Range
    55 core::fmt::Debug
    52 std::io::Result
    48 std::time::Instant
    47 alloc::string::String
    44 core::task::Poll
    42 std::collections::VecDeque
    40 std::hash::Hash
    38 std::cell::RefCell
    38 core::task::Context
    38 std::cmp::Ordering
    35 std::io::Cursor
    34 std::io::BufReader
    33 std::io::Error
    33 std::time::UNIX_EPOCH
    32 alloc::boxed::Box
    32 std::sync::atomic::AtomicBool
    30 alloc::sync::Arc
    30 std::cell::Cell
    29 std::sync::OnceLock
    29 alloc::string::ToString
    28 std::net::IpAddr
    28 std::ops::DerefMut
    26 core::cmp::Ordering
    26 std::sync::LazyLock
    25 core::ops::Deref
    25 std::ptr::NonNull
    25 core::mem::MaybeUninit
    24 std::net::Ipv4Addr
    24 std::hash::Hasher
    24 std::borrow::Borrow
    24 std::ffi::OsStr
    24 std::ffi::OsString
    23 std::collections::BTreeMap
    23 core::time::Duration
    23 std::collections::BTreeSet
    23 core::convert::TryFrom
    21 std::process::Command
    21 std::convert::TryInto
    21 std::io::ErrorKind
    21 std::hash::BuildHasher
    20 std::hint::black_box
    20 std::io::Seek
    20 core::ffi::c_void
    19 std::any::TypeId
    19 core::ptr::NonNull
    19 std::ffi::CStr
    19 core::sync::atomic::Ordering
    18 core::fmt::Display
    18 std::io::BufRead
    18 std::io::prelude
    17 std::sync::RwLock
    17 alloc::borrow::Cow
    17 std::io::IoSlice
    17 std::mem::MaybeUninit
    16 core::fmt::Formatter
    16 std::convert::TryFrom
    16 std::mem::size_of
    16 core::mem::size_of
    15 core::iter::FromIterator
    15 std::task::ready
    15 core::hash::Hasher
    15 core::arch::x86_64
    15 alloc::rc::Rc
    14 std::ffi::CString
    14 std::os::unix::io::AsRawFd
    14 std::io::SeekFrom
    14 std::cmp::min
    13 std::sync::Weak
    13 std::cell::RefMut
    13 std::os::unix::io::BorrowedFd
    13 core::hash::Hash
    12 std::sync::MutexGuard
    12 core::ptr::null_mut
    12 std::borrow::BorrowMut
    12 std::panic::UnwindSafe
    12 core::mem::ManuallyDrop
    12 core::cell::Cell
    11 std::task::Waker
    11 std::ops::Add
    11 std::os::unix::io::RawFd
    11 std::pin::pin
    11 std::panic::RefUnwindSafe
    11 core::sync::atomic::AtomicUsize
    11 core::convert::Infallible
    11 std::any::type_name
    10 core::cell::UnsafeCell
    10 std::cell::Ref
    10 std::panic::catch_unwind
    10 core::arch::x86
    10 std::net::Ipv6Addr
    10 core::convert::TryInto
    10 core::fmt::Write
    10 std::future::poll_fn
    10 std::sync::mpsc
    10 std::iter::FromIterator
    10 std::convert::From
     9 std::os::unix::net::UnixStream
     9 std::ffi::c_void
     9 std::os::unix::io::AsFd
     9 core::ops::Mul
     9 std::default::Default
     9 std::io::BufWriter
     9 std::future::IntoFuture
     8 alloc::borrow::ToOwned
     8 std::net::TcpStream
     8 std::ops::Not
     8 core::num::Wrapping
     8 std::os::unix::io::OwnedFd
     8 std::os::raw::c_void
     8 std::vec::Vec
     8 std::hash::BuildHasherDefault
     8 std::net::Shutdown
     8 std::collections::hash_map::Entry
     8 core::borrow::Borrow
     8 std::future::ready
     8 std::ops::ControlFlow
     7 core::ops::Not
     7 std::ops::BitAnd
     7 core::sync::atomic::AtomicPtr
     7 std::num::NonZeroUsize
     7 std::str::Utf8Error
     7 core::ops::DerefMut
     7 std::ops::BitOr
     7 std::os::raw::c_int
     7 core::ops::ControlFlow
     7 std::net::SocketAddrV6
     7 std::os::windows::io::AsRawSocket
     7 std::iter::FusedIterator
     7 core::task::ready
     7 std::net::SocketAddrV4
     7 std::result::Result
     7 std::ops::BitXor
     7 std::os::windows::io::AsRawHandle
     7 std::iter::Peekable
     6 core::panic::RefUnwindSafe
     6 std::sync::atomic::AtomicU64
     6 std::net::TcpListener
     6 core::ops::Index
     6 std::num::NonZeroU32
     6 std::ops::Index
     6 std::os::unix::ffi::OsStrExt
     6 std::ops::AddAssign
     6 std::num::ParseIntError
     6 core::task::Waker
     6 std::process::Stdio
     6 std::net::ToSocketAddrs
     6 std::path::Component
     6 core::ops::IndexMut
     6 std::os::unix::net::UnixListener
     6 core::cmp::min
     6 core::panic::UnwindSafe
     6 core::ops::Add
     6 std::os::raw::c_char
     5 std::ptr::null_mut
     5 std::os::windows::io::BorrowedSocket
     5 core::mem::size_of_val
     5 std::panic::AssertUnwindSafe
     5 std::process::Output
     5 std::str::from_utf8
     5 core::ffi::CStr
     5 std::os::windows::io::RawSocket
     5 std::marker::Unpin
     5 core::str::FromStr
     5 std::cmp::max
     5 core::num::NonZeroU32
     5 std::sync::atomic::AtomicU32
     5 std::mem::ManuallyDrop
     5 std::cell::UnsafeCell
     5 core::iter::FusedIterator
     5 core::marker::PhantomPinned
     5 std::string::String
     5 std::iter::zip
     5 std::collections::LinkedList
     5 std::collections::hash_map
     5 std::alloc::Layout
     5 std::os::windows::io::RawHandle
     5 core::hash::BuildHasher
     5 core::ops::RangeFrom
     5 std::convert::AsRef
     4 core::arch::aarch64
     4 std::collections::BinaryHeap
     4 std::ffi::c_int
     4 core::cell::RefCell
     4 core::ops::RangeBounds
     4 std::os::windows::io::AsSocket
     4 core::fmt::UpperHex
     4 std::collections::hash_map::DefaultHasher
     4 core::ops::AddAssign
     4 core::any::Any
     4 std::boxed::Box
     4 core::fmt::LowerHex
     4 core::ops::Range
     4 std::ffi::c_char
     4 std::alloc::System
     4 std::ptr::null
     4 core::ops::Bound
     4 std::borrow::ToOwned
     4 core::ffi::c_int
     4 std::thread::sleep
     4 std::os::windows::ffi::OsStringExt
     4 std::fs::OpenOptions
     4 std::convert::identity
     4 std::num::NonZeroI32
     4 std::fs::read_to_string
     3 std::ops::Sub
     3 core::iter::Enumerate
     3 core::ops::MulAssign
     3 core::ops::SubAssign
     3 std::env::args
     3 std::slice::Iter
     3 std::future::Ready
     3 core::iter::Iterator
     3 std::iter::repeat_n
     3 std::os::unix::net::UnixDatagram
     3 std::num::ParseFloatError
     3 core::ops::BitXor
     3 std::os::unix::net::SocketAddr
     3 alloc::collections::BTreeSet
     3 std::fmt::Result
     3 std::f64::consts::PI
     3 core::slice::Iter
     3 std::io::IoSliceMut
     3 core::cell::OnceCell
     3 std::vec::IntoIter
     3 core::ops::Shl
     3 core::alloc::Layout
     3 core::ops::DivAssign
     3 std::net::UdpSocket
     3 std::os::unix::io::FromRawFd
     3 std::ops::Bound
     3 std::env::current_dir
     3 core::error::Error
     3 std::fs::Metadata
     3 std::fmt::Error
     3 core::ops::BitAnd
     3 alloc::collections::BTreeMap
     3 std::marker::PhantomPinned
     3 std::os::windows::io::OwnedSocket
     3 std::os::fd::FromRawFd
     3 core::ptr::null
     3 std::os::fd::OwnedFd
     3 core::ops::BitOr
     3 std::mem::align_of
     3 std::panic::Location
     3 core::ops::Div
     3 std::fs::read_dir
     3 std::ptr::addr_of_mut
     3 core::ops::Sub
     3 std::ops::RangeBounds
     3 std::num::Wrapping
     3 std::env::VarError
     3 std::sync::PoisonError
     2 std::env::consts::ARCH
     2 core::ops::ShrAssign
     2 std::collections::hash_map::RandomState
     2 std::net::AddrParseError
     2 std::process::ExitStatus
     2 core::fmt::Octal
     2 core::ops::ShlAssign
     2 std::iter::Once
     2 std::iter::Rev
     2 std::os::fd::BorrowedFd
     2 std::os::windows::io::BorrowedHandle
     2 alloc::collections::VecDeque
     2 std::ops::RangeInclusive
     2 core::ops::Shr
     2 std::str::from_utf8_unchecked
     2 core::mem::align_of
     2 core::arch::x86_64::_addcarry_u64
     2 std::sync::mpsc::SyncSender
     2 core::mem::forget
     2 core::num::NonZeroU64
     2 std::os::raw::c_long
     2 std::os::unix::fs::MetadataExt
     2 std::str::Chars
     2 std::ptr::addr_of
     2 core::sync::atomic::Ordering::SeqCst
     2 std::fs::Permissions
     2 std::ops::Neg
     2 core::fmt::Error
     2 core::iter::repeat
     2 core::arch::arm
     2 core::fmt::Binary
     2 std::os::fd::AsRawFd
     2 std::backtrace::Backtrace
     2 std::io::copy
     2 std::ops::RemAssign
     2 std::string::ToString
     2 core::sync::atomic
     2 core::ffi::c_uint
     2 std::cell::OnceCell
     2 std::sync::atomic::AtomicPtr
     2 core::alloc::LayoutError
     2 std::sync::atomic
     2 std::ptr::copy_nonoverlapping
     2 std::rc::Weak
     2 std::iter::repeat_with
     2 std::process::id
     2 core::ops::RemAssign
     2 core::ops::BitXorAssign
     2 std::sync::atomic::Ordering::SeqCst
     2 core::num::TryFromIntError
     2 std::os::unix::prelude::OsStrExt
     2 std::option::Option
     2 core::task::RawWaker
     2 std::collections::hash_map::HashMap
     2 std::string::FromUtf8Error
     2 core::any::TypeId
     2 core::str::Utf8Error
     2 std::os::windows::io::AsHandle
     2 alloc::alloc::Layout
     2 std::sync::Once
     2 core::num::NonZeroUsize
     2 std::sync::atomic::AtomicI32
     2 std::env::consts::OS
     2 std::future::pending
     2 core::ops::BitOrAssign
     2 core::ops::BitAndAssign
     2 std::process::abort
     2 std::os::unix::fs::PermissionsExt
     2 std::mem::size_of_val
     2 std::os::fd::IntoRawFd
     2 core::cmp::Ord
     2 std::sync::atomic::Ordering::Relaxed
     2 std::ops::Mul
     2 std::os::unix::io::IntoRawFd
     2 std::os::windows::fs::OpenOptionsExt
     2 std::sync::mpsc::channel
     2 core::ops::Rem
     2 std::iter::once
     2 std::ops::MulAssign
     1 std::collections::vec_deque::VecDeque
     1 std::clone::Clone
     1 std::result::Result::Err
     1 std::ops::RangeFrom
     1 core::iter::Cloned
     1 std::collections::hash_set
     1 core::num::NonZeroI32
     1 core::sync::atomic::AtomicIsize
     1 core::cmp::Reverse
     1 std::path::Display
     1 std::mem::replace
     1 core::ops::RangeToInclusive
     1 std::borrow::Cow::Borrowed
     1 core::num::NonZeroIsize
     1 core::hash::BuildHasherDefault
     1 std::path::MAIN_SEPARATOR
     1 std::os::unix::fs::symlink
     1 alloc::alloc::alloc_zeroed
     1 core::slice::SliceIndex
     1 core::num::NonZeroU8
     1 std::task::RawWakerVTable
     1 std::fs::FileType
     1 alloc::ffi::CString
     1 std::os::windows::process::CommandExt
     1 alloc::sync::Weak
     1 std::ops::RangeTo
     1 std::sync::mpsc::sync_channel
     1 std::ops::BitAndAssign
     1 std::collections::linked_list::LinkedList
     1 std::ops::Shr
     1 std::os::windows::fs::MetadataExt
     1 std::ops::BitOrAssign
     1 core::iter::Chain
     1 std::ops::Rem
     1 std::iter::Extend
     1 core::cmp::max
     1 std::num::NonZeroU16
     1 std::collections::btree_map
     1 core::default::Default
     1 std::cmp::Ordering::Less
     1 alloc::alloc::handle_alloc_error
     1 std::ops::RangeFull
     1 std::ops::IndexMut
     1 std::option::Option::None
     1 std::collections::btree_set::BTreeSet
     1 std::num::NonZeroI64
     1 std::result::Result::Ok
     1 std::io::IsTerminal
     1 std::iter::Fuse
     1 alloc::collections::btree_map
     1 core::sync::atomic::Ordering::AcqRel
     1 std::process::exit
     1 std::prelude::v1
     1 core::sync::atomic::Ordering::Acquire
     1 std::fs::remove_dir_all
     1 core::num::NonZeroU16
     1 std::sync::RwLockWriteGuard
     1 std::fs::set_permissions
     1 core::iter::Take
     1 std::fmt::LowerHex
     1 std::path::Prefix
     1 core::fmt::Arguments
     1 std::mem::forget
     1 core::future::poll_fn
     1 core::result::Result::Err
     1 std::os::fd::RawFd
     1 core::iter::Empty
     1 std::thread::available_parallelism
     1 std::f32::consts::PI
     1 core::arch::x86_64::_subborrow_u64
     1 std::os::unix::process::CommandExt
     1 std::io::StdinLock
     1 std::os::linux::net::SocketAddrExt
     1 std::os::unix::fs::DirEntryExt
     1 std::fmt::UpperHex
     1 std::char::ParseCharError
     1 std::panic::take_hook
     1 core::sync::atomic::fence
     1 std::fmt::Binary
     1 core::ops::Drop
     1 std::collections::btree_map::BTreeMap
     1 std::os::unix::prelude::AsRawFd
     1 core::iter::Sum
     1 std::num::NonZeroU64
     1 core::num::FpCategory
     1 std::slice::from_raw_parts_mut
     1 core::future::Ready
     1 core::mem::replace
     1 std::mem::take
     1 core::num::NonZeroI16
     1 std::path::PrefixComponent
     1 std::fs::DirEntry
     1 alloc::borrow::Borrow
     1 core::num::NonZeroI8
     1 std::iter::ExactSizeIterator
     1 std::os::windows::io::FromRawSocket
     1 core::sync::atomic::AtomicBool
     1 std::fs::symlink_metadata
     1 std::ops::Drop
     1 std::collections::vec_deque
     1 std::str::Split
     1 core::error::Request
     1 core::convert::From
     1 core::iter::Extend
     1 std::num::NonZeroI8
     1 std::cmp::Ordering::Equal
     1 std::collections::binary_heap::BinaryHeap
     1 std::io::Lines
     1 alloc::alloc::realloc
     1 core::pin::pin
     1 std::path::StripPrefixError
     1 std::ops::BitXorAssign
     1 std::num::NonZeroU8
     1 core::num::NonZeroU128
     1 alloc::alloc::alloc
     1 std::iter::Cycle
     1 std::task::Poll::Ready
     1 std::task::RawWaker
     1 std::collections::hash_map::IntoKeys
     1 core::task::RawWakerVTable
     1 core::ops::RangeTo
     1 core::marker::Unpin
     1 std::os::unix::ffi::OsStringExt
     1 core::iter::Repeat
     1 std::sync::Condvar
     1 core::ops::Neg
     1 std::cmp::Ordering::Greater
     1 std::ops::SubAssign
     1 core::arch::wasm32
     1 std::env::args_os
     1 core::num::NonZeroI64
     1 core::iter::Skip
     1 std::os::unix::fs::OpenOptionsExt
     1 core::ops::RangeInclusive
     1 std::path::is_separator
     1 std::sync::atomic::AtomicU16
     1 std::os::unix::fs::FileTypeExt
     1 std::collections::hash_map::IntoValues
     1 std::num::NonZeroI16
     1 std::borrow::Cow::Owned
     1 std::alloc::handle_alloc_error
     1 core::alloc::GlobalAlloc
     1 core::array::IntoIter
     1 std::os::windows::raw::SOCKET
     1 std::cmp::PartialEq
     1 std::str::ParseBoolError
     1 std::sync::mpsc::Receiver
     1 core::iter::empty
     1 std::sync::TryLockError
     1 std::num::Saturating
     1 std::os::windows::io::IntoRawSocket
     1 core::arch::x86_64::__m128i
     1 std::task::Poll::Pending
     1 std::num::NonZero
     1 core::slice::from_raw_parts
     1 std::panic::set_hook
     1 std::hash::DefaultHasher
     1 std::io::Empty
     1 core::fmt::Result
     1 std::slice::SliceIndex
     1 std::os::raw::c_uint
     1 core::iter::Peekable
     1 std::collections::hash_set::HashSet
     1 std::fs::create_dir_all
     1 std::iter::Copied
     1 std::process::Child
     1 std::thread::JoinHandle
     1 std::io::Take
     1 std::os::unix::prelude::PermissionsExt
     1 std::ffi::NulError
     1 std::os::windows::io::OwnedHandle
     1 std::os::unix::process::ExitStatusExt
     1 std::backtrace::BacktraceStatus
     1 std::option::Option::Some
     1 std::os::android::net::SocketAddrExt
     1 std::os::unix::prelude::FromRawFd
     1 std::fs::metadata
     1 core::sync::atomic::Ordering::Release
     1 core::ptr::copy_nonoverlapping
     1 std::any::type_name_of_val
     1 std::convert::Into
     1 std::fmt::Octal
     1 alloc::alloc::dealloc
     1 core::future::ready
     1 core::num::NonZeroI128
     1 std::env::var_os
     1 std::array::TryFromSliceError
     1 core::ptr::addr_of_mut
     1 alloc::rc::Weak
     1 std::task::Wake
     1 std::io::stdin
     1 std::cmp::Reverse
     1 core::arch::aarch64::uint8x16_t
     1 std::num::NonZeroIsize
     1 core::ptr::slice_from_raw_parts
     1 core::num::Saturating
     1 std::thread::ThreadId
     1 std::ops::Shl
     1 core::arch::x86_64::__m256i
     1 std::collections::btree_map::Iter

Completed in 24565 ms.
