Entering directory '/home/milnes/projects/rusticate'
src/Chap35/OrderStatSelectMtPer.rs:1: Converted Chap18 -> Chap19
src/Chap35/OrderStatSelectStPer.rs:1: Converted Chap18 -> Chap19
src/Chap41/ArraySetEnumMtEph.rs:1: Converted Chap18 -> Chap19
src/Chap41/ArraySetStEph.rs:1: Converted Chap18 -> Chap19
src/Chap27/ScanContractMtEph.rs:1: Converted Chap18 -> Chap19
src/Chap27/ScanContractStEph.rs:1: Converted Chap18 -> Chap19
src/Chap27/ReduceContractMtEph.rs:1: Converted Chap18 -> Chap19
src/Chap27/ReduceContractStEph.rs:1: Converted Chap18 -> Chap19
src/Chap38/BSTParaStEph.rs:1: Converted Chap18 -> Chap19
src/Chap38/BSTParaMtEph.rs:1: Converted Chap18 -> Chap19
src/Chap42/TableStEph.rs:1: Converted Chap18 -> Chap19
src/Chap26/DivConReduceSt.rs:1: Converted Chap18 -> Chap19
src/Chap26/MergeSortSt.rs:1: Converted Chap18 -> Chap19
src/Chap26/DivConReduceMt.rs:1: Converted Chap18 -> Chap19
src/Chap26/MergeSortMt.rs:1: Converted Chap18 -> Chap19
src/Chap49/SubsetSumMtEph.rs:1: Converted Chap18 -> Chap19
src/Chap49/MinEditDistStPer.rs:1: Converted Chap18 -> Chap19
src/Chap49/SubsetSumMtPer.rs:1: Converted Chap18 -> Chap19
src/Chap49/MinEditDistMtEph.rs:1: Converted Chap18 -> Chap19
src/Chap49/SubsetSumStPer.rs:1: Converted Chap18 -> Chap19
src/Chap49/MinEditDistStEph.rs:1: Converted Chap18 -> Chap19
src/Chap49/SubsetSumStEph.rs:1: Converted Chap18 -> Chap19
src/Chap49/MinEditDistMtPer.rs:1: Converted Chap18 -> Chap19
src/Chap62/StarContractionMtEph.rs:1: Converted Chap18 -> Chap19
src/Chap44/DocumentIndex.rs:1: Converted Chap18 -> Chap19
src/Chap44/Example44_1.rs:1: Converted Chap18 -> Chap19
src/Chap52/AdjMatrixGraphMtPer.rs:1: Converted Chap18 -> Chap19
src/Chap52/AdjSeqGraphStEph.rs:1: Converted Chap18 -> Chap19
src/Chap52/AdjSeqGraphStPer.rs:1: Converted Chap18 -> Chap19
src/Chap52/AdjMatrixGraphStPer.rs:1: Converted Chap18 -> Chap19
src/Chap52/AdjSeqGraphMtPer.rs:1: Converted Chap18 -> Chap19
src/Chap52/AdjMatrixGraphMtEph.rs:1: Converted Chap18 -> Chap19
src/Chap52/AdjMatrixGraphStEph.rs:1: Converted Chap18 -> Chap19
src/Chap52/AdjSeqGraphMtEph.rs:1: Converted Chap18 -> Chap19
src/Chap21/Problem21_1.rs:1: Converted Chap18 -> Chap19
src/Chap21/Problem21_3.rs:1: Converted Chap18 -> Chap19
src/Chap21/Exercise21_5.rs:1: Converted Chap18 -> Chap19
src/Chap21/Algorithm21_2.rs:1: Converted Chap18 -> Chap19
src/Chap21/Algorithm21_1.rs:1: Converted Chap18 -> Chap19
src/Chap21/Algorithm21_5.rs:1: Converted Chap18 -> Chap19
src/Chap21/Exercise21_8.rs:1: Converted Chap18 -> Chap19
src/Chap21/Problem21_4.rs:1: Converted Chap18 -> Chap19
src/Chap21/Exercise21_7.rs:1: Converted Chap18 -> Chap19
src/Chap21/Algorithm21_6.rs:1: Converted Chap18 -> Chap19
src/Chap63/ConnectivityMtEph.rs:1: Converted Chap18 -> Chap19
src/Chap39/BSTTreapMtEph.rs:1: Converted Chap18 -> Chap19
src/Chap39/BSTSetTreapMtEph.rs:1: Converted Chap18 -> Chap19
src/Chap39/BSTParaTreapMtEph.rs:1: Converted Chap18 -> Chap19
src/Chap39/BSTTreapStEph.rs:1: Converted Chap18 -> Chap19
src/Chap51/BottomUpDPStPer.rs:1: Converted Chap18 -> Chap19
src/Chap51/TopDownDPMtEph.rs:1: Converted Chap18 -> Chap19
src/Chap51/BottomUpDPMtPer.rs:1: Converted Chap18 -> Chap19
src/Chap51/TopDownDPMtPer.rs:1: Converted Chap18 -> Chap19
src/Chap51/BottomUpDPMtEph.rs:1: Converted Chap18 -> Chap19
src/Chap51/TopDownDPStEph.rs:1: Converted Chap18 -> Chap19
src/Chap51/TopDownDPStPer.rs:1: Converted Chap18 -> Chap19
src/Chap51/BottomUpDPStEph.rs:1: Converted Chap18 -> Chap19
src/Chap54/BFSMtPer.rs:1: Converted Chap18 -> Chap19
src/Chap54/BFSMtEph.rs:1: Converted Chap18 -> Chap19
src/Chap54/BFSStEph.rs:1: Converted Chap18 -> Chap19
src/Chap45/UnsortedListPQ.rs:1: Converted Chap18 -> Chap19
src/Chap45/HeapsortExample.rs:1: Converted Chap18 -> Chap19
src/Chap45/SortedListPQ.rs:1: Converted Chap18 -> Chap19
src/Chap45/BinaryHeapPQ.rs:1: Converted Chap18 -> Chap19
src/Chap61/EdgeContractionMtEph.rs:1: Converted Chap18 -> Chap19
src/Chap61/VertexMatchingMtEph.rs:1: Converted Chap18 -> Chap19
src/Chap61/EdgeContractionStEph.rs:1: Converted Chap18 -> Chap19
src/Chap36/QuickSortSt.rs:1: Converted Chap18 -> Chap19
src/Chap36/QuickSortMt.rs:1: Converted Chap18 -> Chap19
src/Chap28/MaxContigSubSumReducedStEph.rs:1: Converted Chap18 -> Chap19
src/Chap28/MaxContigSubSumOptStEph.rs:1: Converted Chap18 -> Chap19
src/Chap28/MaxContigSubSumDivConMtEph.rs:1: Converted Chap18 -> Chap19
src/Chap28/MaxContigSubSumDivConOptMtEph.rs:1: Converted Chap18 -> Chap19
src/Chap28/MaxContigSubSumDivConOptStEph.rs:1: Converted Chap18 -> Chap19
src/Chap28/MaxContigSubSumBruteStEph.rs:1: Converted Chap18 -> Chap19
src/Chap28/MaxContigSubSumDivConStEph.rs:1: Converted Chap18 -> Chap19
src/Chap28/MaxContigSubSumOptMtEph.rs:1: Converted Chap18 -> Chap19
src/Chap40/BSTSizeStEph.rs:1: Converted Chap18 -> Chap19
src/Chap40/BSTReducedStEph.rs:1: Converted Chap18 -> Chap19
src/Chap40/BSTKeyValueStEph.rs:1: Converted Chap18 -> Chap19
src/Chap43/OrderedSetStPer.rs:1: Converted Chap18 -> Chap19
src/Chap43/OrderedSetStEph.rs:1: Converted Chap18 -> Chap19
src/Chap43/AugOrderedTableMtEph.rs:1: Converted Chap18 -> Chap19
src/Chap43/OrderedTableStPer.rs:1: Converted Chap18 -> Chap19
src/Chap43/OrderedTableMtEph.rs:1: Converted Chap18 -> Chap19
src/Chap43/OrderedTableStEph.rs:1: Converted Chap18 -> Chap19
src/Chap37/BSTSetAVLMtEph.rs:1: Converted Chap18 -> Chap19
src/Chap37/AVLTreeSeqStPer.rs:1: Converted Chap18 -> Chap19
src/Chap37/AVLTreeSeqMtPer.rs:1: Converted Chap18 -> Chap19
src/Chap37/BSTSetPlainMtEph.rs:1: Converted Chap18 -> Chap19
src/Chap37/BSTRBStEph.rs:1: Converted Chap18 -> Chap19
src/Chap37/AVLTreeSeq.rs:1: Converted Chap18 -> Chap19
src/Chap37/BSTSetSplayMtEph.rs:1: Converted Chap18 -> Chap19
src/Chap37/BSTBBAlphaMtEph.rs:1: Converted Chap18 -> Chap19
src/Chap37/BSTAVLStEph.rs:1: Converted Chap18 -> Chap19
src/Chap37/BSTPlainMtEph.rs:1: Converted Chap18 -> Chap19
src/Chap37/BSTBBAlphaStEph.rs:1: Converted Chap18 -> Chap19
src/Chap37/BSTSplayMtEph.rs:1: Converted Chap18 -> Chap19
src/Chap37/BSTSetRBMtEph.rs:1: Converted Chap18 -> Chap19
src/Chap37/AVLTreeSeqStEph.rs:1: Converted Chap18 -> Chap19
src/Chap37/BSTRBMtEph.rs:1: Converted Chap18 -> Chap19
src/Chap37/BSTSplayStEph.rs:1: Converted Chap18 -> Chap19
src/Chap37/BSTAVLMtEph.rs:1: Converted Chap18 -> Chap19
src/Chap37/BSTPlainStEph.rs:1: Converted Chap18 -> Chap19
src/Chap37/BSTSetBBAlphaMtEph.rs:1: Converted Chap18 -> Chap19
src/Chap59/JohnsonStEphInt.rs:1: Converted Chap18 -> Chap19
src/Chap59/JohnsonMtEphInt.rs:1: Converted Chap18 -> Chap19
src/Chap59/JohnsonMtEphFloat.rs:1: Converted Chap18 -> Chap19
src/Chap59/JohnsonStEphFloat.rs:1: Converted Chap18 -> Chap19
tests/Chap55/TestTopoSortStEph.rs:1: Converted Chap18 -> Chap19
tests/Chap55/TestCycleDetectStEph.rs:1: Converted Chap18 -> Chap19
tests/Chap55/TestSCCStEph.rs:1: Converted Chap18 -> Chap19
tests/Chap55/TestSCCStPer.rs:1: Converted Chap18 -> Chap19
tests/Chap55/TestCycleDetectStPer.rs:1: Converted Chap18 -> Chap19
tests/Chap55/TestTopoSortStPer.rs:1: Converted Chap18 -> Chap19
tests/Chap35/TestOrderStatSelectMtPer.rs:1: Converted Chap18 -> Chap19
tests/Chap35/TestOrderStatSelectStEph.rs:1: Converted Chap18 -> Chap19
tests/Chap35/TestOrderStatSelectMtEph.rs:1: Converted Chap18 -> Chap19
tests/Chap27/TestScanContractStEph.rs:1: Converted Chap18 -> Chap19
tests/Chap27/TestScanContractMtEph.rs:1: Converted Chap18 -> Chap19
tests/Chap27/TestReduceContractStEph.rs:1: Converted Chap18 -> Chap19
tests/Chap27/TestReduceContractMtEph.rs:1: Converted Chap18 -> Chap19
tests/Chap26/TestDivConReduceMt.rs:1: Converted Chap18 -> Chap19
tests/Chap26/TestMergeSortMt.rs:1: Converted Chap18 -> Chap19
tests/Chap49/TestMinEditDistMtEph.rs:1: Converted Chap18 -> Chap19
tests/Chap49/TestSubsetSumStEph.rs:1: Converted Chap18 -> Chap19
tests/Chap49/TestSubsetSumMtEph.rs:1: Converted Chap18 -> Chap19
tests/Chap49/TestMinEditDistStPer.rs:1: Converted Chap18 -> Chap19
tests/Chap49/TestSubsetSumMtPer.rs:1: Converted Chap18 -> Chap19
tests/Chap49/TestMinEditDistMtPer.rs:1: Converted Chap18 -> Chap19
tests/Chap52/TestAdjSeqGraphMtPer.rs:1: Converted Chap18 -> Chap19
tests/Chap52/TestAdjMatrixGraphMtPer.rs:1: Converted Chap18 -> Chap19
tests/Chap21/TestProblem_21_4.rs:1: Converted Chap18 -> Chap19
tests/Chap21/TestProblem_21_3.rs:1: Converted Chap18 -> Chap19
tests/Chap21/TestProblem_21_1.rs:1: Converted Chap18 -> Chap19
tests/Chap51/TestTopDownDPStEph.rs:1: Converted Chap18 -> Chap19
tests/Chap51/TestBottomUpDPStEph.rs:1: Converted Chap18 -> Chap19
tests/Chap51/TestBottomUpDPMtEph.rs:1: Converted Chap18 -> Chap19
tests/Chap51/TestTopDownDPStPer.rs:1: Converted Chap18 -> Chap19
tests/Chap51/TestTopDownDPMtPer.rs:1: Converted Chap18 -> Chap19
tests/Chap51/TestBottomUpDPStPer.rs:1: Converted Chap18 -> Chap19
tests/Chap51/TestBottomUpDPMtPer.rs:1: Converted Chap18 -> Chap19
tests/Chap51/TestTopDownDPMtEph.rs:1: Converted Chap18 -> Chap19
tests/Chap54/TestBFSStEph.rs:1: Converted Chap18 -> Chap19
tests/Chap54/TestBFSMtPer.rs:1: Converted Chap18 -> Chap19
tests/Chap54/TestBFSMtEph.rs:1: Converted Chap18 -> Chap19
tests/Chap36/TestQuickSortMt.rs:1: Converted Chap18 -> Chap19
tests/Chap28/TestMaxContigSubSumDivConOptMtEph.rs:1: Converted Chap18 -> Chap19
tests/Chap28/TestMaxContigSubSumDivConStEph.rs:1: Converted Chap18 -> Chap19
tests/Chap28/TestMaxContigSubSumOptMtEph.rs:1: Converted Chap18 -> Chap19
tests/Chap28/TestMaxContigSubSumOptStEph.rs:1: Converted Chap18 -> Chap19
tests/Chap28/TestMaxContigSubSumBruteStEph.rs:1: Converted Chap18 -> Chap19
tests/Chap28/TestMaxContigSubSumDivConOptStEph.rs:1: Converted Chap18 -> Chap19
tests/Chap28/TestMaxContigSubSumDivConMtEph.rs:1: Converted Chap18 -> Chap19
tests/Chap28/TestMaxContigSubSumReducedStEph.rs:1: Converted Chap18 -> Chap19
tests/Chap37/TestAVLTreeSeq.rs:1: Converted Chap18 -> Chap19
tests/Chap37/TestAVLTreeSeqStEph18.rs:1: Converted Chap18 -> Chap19
tests/Chap37/TestAVLTreeSeqStPer18.rs:1: Converted Chap18 -> Chap19
benches/Chap35/BenchOrderStatSelectMtPer.rs:1: Converted Chap18 -> Chap19
benches/Chap35/BenchOrderStatSelectMtEph.rs:1: Converted Chap18 -> Chap19
benches/Chap27/BenchReduceContractMtEph.rs:1: Converted Chap18 -> Chap19
benches/Chap27/BenchScanContractMtEph.rs:1: Converted Chap18 -> Chap19
benches/Chap26/BenchMergeSortMt.rs:1: Converted Chap18 -> Chap19
benches/Chap26/BenchChapter26Mt.rs:1: Converted Chap18 -> Chap19
benches/Chap26/BenchDivConReduceMt.rs:1: Converted Chap18 -> Chap19
benches/Chap49/BenchMinEditDistMtPer.rs:1: Converted Chap18 -> Chap19
benches/Chap49/BenchSubsetSumMtEph.rs:1: Converted Chap18 -> Chap19
benches/Chap49/BenchMinEditDistMtEph.rs:1: Converted Chap18 -> Chap19
benches/Chap51/BenchBottomUpDPStPer.rs:1: Converted Chap18 -> Chap19
benches/Chap51/BenchBottomUpDPMtEph.rs:1: Converted Chap18 -> Chap19
benches/Chap51/BenchTopDownDPStPer.rs:1: Converted Chap18 -> Chap19
benches/Chap51/BenchTopDownDPMtPer.rs:1: Converted Chap18 -> Chap19
benches/Chap51/BenchBottomUpDPStEph.rs:1: Converted Chap18 -> Chap19
benches/Chap51/BenchBottomUpDPMtPer.rs:1: Converted Chap18 -> Chap19
benches/Chap51/BenchTopDownDPStEph.rs:1: Converted Chap18 -> Chap19
benches/Chap51/BenchTopDownDPMtEph.rs:1: Converted Chap18 -> Chap19
benches/Chap54/BenchBFSMtEph.rs:1: Converted Chap18 -> Chap19
benches/Chap54/BenchBFSMtPer.rs:1: Converted Chap18 -> Chap19
benches/Chap36/BenchChapter36Mt.rs:1: Converted Chap18 -> Chap19
benches/Chap28/BenchMaxContigSubSumOptMtEph.rs:1: Converted Chap18 -> Chap19
benches/Chap28/BenchMaxContigSubSumDivConMtEph.rs:1: Converted Chap18 -> Chap19
benches/Chap28/BenchMaxContigSubSumDivConOptMtEph.rs:1: Converted Chap18 -> Chap19
================================================================================
SUMMARY:
  Files fixed: 182
Files modified:
  src/Chap35/OrderStatSelectMtPer.rs
  src/Chap35/OrderStatSelectStPer.rs
  src/Chap41/ArraySetEnumMtEph.rs
  src/Chap41/ArraySetStEph.rs
  src/Chap27/ScanContractMtEph.rs
  src/Chap27/ScanContractStEph.rs
  src/Chap27/ReduceContractMtEph.rs
  src/Chap27/ReduceContractStEph.rs
  src/Chap38/BSTParaStEph.rs
  src/Chap38/BSTParaMtEph.rs
  src/Chap42/TableStEph.rs
  src/Chap26/DivConReduceSt.rs
  src/Chap26/MergeSortSt.rs
  src/Chap26/DivConReduceMt.rs
  src/Chap26/MergeSortMt.rs
  src/Chap49/SubsetSumMtEph.rs
  src/Chap49/MinEditDistStPer.rs
  src/Chap49/SubsetSumMtPer.rs
  src/Chap49/MinEditDistMtEph.rs
  src/Chap49/SubsetSumStPer.rs
  src/Chap49/MinEditDistStEph.rs
  src/Chap49/SubsetSumStEph.rs
  src/Chap49/MinEditDistMtPer.rs
  src/Chap62/StarContractionMtEph.rs
  src/Chap44/DocumentIndex.rs
  src/Chap44/Example44_1.rs
  src/Chap52/AdjMatrixGraphMtPer.rs
  src/Chap52/AdjSeqGraphStEph.rs
  src/Chap52/AdjSeqGraphStPer.rs
  src/Chap52/AdjMatrixGraphStPer.rs
  src/Chap52/AdjSeqGraphMtPer.rs
  src/Chap52/AdjMatrixGraphMtEph.rs
  src/Chap52/AdjMatrixGraphStEph.rs
  src/Chap52/AdjSeqGraphMtEph.rs
  src/Chap21/Problem21_1.rs
  src/Chap21/Problem21_3.rs
  src/Chap21/Exercise21_5.rs
  src/Chap21/Algorithm21_2.rs
  src/Chap21/Algorithm21_1.rs
  src/Chap21/Algorithm21_5.rs
  src/Chap21/Exercise21_8.rs
  src/Chap21/Problem21_4.rs
  src/Chap21/Exercise21_7.rs
  src/Chap21/Algorithm21_6.rs
  src/Chap63/ConnectivityMtEph.rs
  src/Chap39/BSTTreapMtEph.rs
  src/Chap39/BSTSetTreapMtEph.rs
  src/Chap39/BSTParaTreapMtEph.rs
  src/Chap39/BSTTreapStEph.rs
  src/Chap51/BottomUpDPStPer.rs
  src/Chap51/TopDownDPMtEph.rs
  src/Chap51/BottomUpDPMtPer.rs
  src/Chap51/TopDownDPMtPer.rs
  src/Chap51/BottomUpDPMtEph.rs
  src/Chap51/TopDownDPStEph.rs
  src/Chap51/TopDownDPStPer.rs
  src/Chap51/BottomUpDPStEph.rs
  src/Chap54/BFSMtPer.rs
  src/Chap54/BFSMtEph.rs
  src/Chap54/BFSStEph.rs
  src/Chap45/UnsortedListPQ.rs
  src/Chap45/HeapsortExample.rs
  src/Chap45/SortedListPQ.rs
  src/Chap45/BinaryHeapPQ.rs
  src/Chap61/EdgeContractionMtEph.rs
  src/Chap61/VertexMatchingMtEph.rs
  src/Chap61/EdgeContractionStEph.rs
  src/Chap36/QuickSortSt.rs
  src/Chap36/QuickSortMt.rs
  src/Chap28/MaxContigSubSumReducedStEph.rs
  src/Chap28/MaxContigSubSumOptStEph.rs
  src/Chap28/MaxContigSubSumDivConMtEph.rs
  src/Chap28/MaxContigSubSumDivConOptMtEph.rs
  src/Chap28/MaxContigSubSumDivConOptStEph.rs
  src/Chap28/MaxContigSubSumBruteStEph.rs
  src/Chap28/MaxContigSubSumDivConStEph.rs
  src/Chap28/MaxContigSubSumOptMtEph.rs
  src/Chap40/BSTSizeStEph.rs
  src/Chap40/BSTReducedStEph.rs
  src/Chap40/BSTKeyValueStEph.rs
  src/Chap43/OrderedSetStPer.rs
  src/Chap43/OrderedSetStEph.rs
  src/Chap43/AugOrderedTableMtEph.rs
  src/Chap43/OrderedTableStPer.rs
  src/Chap43/OrderedTableMtEph.rs
  src/Chap43/OrderedTableStEph.rs
  src/Chap37/BSTSetAVLMtEph.rs
  src/Chap37/AVLTreeSeqStPer.rs
  src/Chap37/AVLTreeSeqMtPer.rs
  src/Chap37/BSTSetPlainMtEph.rs
  src/Chap37/BSTRBStEph.rs
  src/Chap37/AVLTreeSeq.rs
  src/Chap37/BSTSetSplayMtEph.rs
  src/Chap37/BSTBBAlphaMtEph.rs
  src/Chap37/BSTAVLStEph.rs
  src/Chap37/BSTPlainMtEph.rs
  src/Chap37/BSTBBAlphaStEph.rs
  src/Chap37/BSTSplayMtEph.rs
  src/Chap37/BSTSetRBMtEph.rs
  src/Chap37/AVLTreeSeqStEph.rs
  src/Chap37/BSTRBMtEph.rs
  src/Chap37/BSTSplayStEph.rs
  src/Chap37/BSTAVLMtEph.rs
  src/Chap37/BSTPlainStEph.rs
  src/Chap37/BSTSetBBAlphaMtEph.rs
  src/Chap59/JohnsonStEphInt.rs
  src/Chap59/JohnsonMtEphInt.rs
  src/Chap59/JohnsonMtEphFloat.rs
  src/Chap59/JohnsonStEphFloat.rs
  tests/Chap55/TestTopoSortStEph.rs
  tests/Chap55/TestCycleDetectStEph.rs
  tests/Chap55/TestSCCStEph.rs
  tests/Chap55/TestSCCStPer.rs
  tests/Chap55/TestCycleDetectStPer.rs
  tests/Chap55/TestTopoSortStPer.rs
  tests/Chap35/TestOrderStatSelectMtPer.rs
  tests/Chap35/TestOrderStatSelectStEph.rs
  tests/Chap35/TestOrderStatSelectMtEph.rs
  tests/Chap27/TestScanContractStEph.rs
  tests/Chap27/TestScanContractMtEph.rs
  tests/Chap27/TestReduceContractStEph.rs
  tests/Chap27/TestReduceContractMtEph.rs
  tests/Chap26/TestDivConReduceMt.rs
  tests/Chap26/TestMergeSortMt.rs
  tests/Chap49/TestMinEditDistMtEph.rs
  tests/Chap49/TestSubsetSumStEph.rs
  tests/Chap49/TestSubsetSumMtEph.rs
  tests/Chap49/TestMinEditDistStPer.rs
  tests/Chap49/TestSubsetSumMtPer.rs
  tests/Chap49/TestMinEditDistMtPer.rs
  tests/Chap52/TestAdjSeqGraphMtPer.rs
  tests/Chap52/TestAdjMatrixGraphMtPer.rs
  tests/Chap21/TestProblem_21_4.rs
  tests/Chap21/TestProblem_21_3.rs
  tests/Chap21/TestProblem_21_1.rs
  tests/Chap51/TestTopDownDPStEph.rs
  tests/Chap51/TestBottomUpDPStEph.rs
  tests/Chap51/TestBottomUpDPMtEph.rs
  tests/Chap51/TestTopDownDPStPer.rs
  tests/Chap51/TestTopDownDPMtPer.rs
  tests/Chap51/TestBottomUpDPStPer.rs
  tests/Chap51/TestBottomUpDPMtPer.rs
  tests/Chap51/TestTopDownDPMtEph.rs
  tests/Chap54/TestBFSStEph.rs
  tests/Chap54/TestBFSMtPer.rs
  tests/Chap54/TestBFSMtEph.rs
  tests/Chap36/TestQuickSortMt.rs
  tests/Chap28/TestMaxContigSubSumDivConOptMtEph.rs
  tests/Chap28/TestMaxContigSubSumDivConStEph.rs
  tests/Chap28/TestMaxContigSubSumOptMtEph.rs
  tests/Chap28/TestMaxContigSubSumOptStEph.rs
  tests/Chap28/TestMaxContigSubSumBruteStEph.rs
  tests/Chap28/TestMaxContigSubSumDivConOptStEph.rs
  tests/Chap28/TestMaxContigSubSumDivConMtEph.rs
  tests/Chap28/TestMaxContigSubSumReducedStEph.rs
  tests/Chap37/TestAVLTreeSeq.rs
  tests/Chap37/TestAVLTreeSeqStEph18.rs
  tests/Chap37/TestAVLTreeSeqStPer18.rs
  benches/Chap35/BenchOrderStatSelectMtPer.rs
  benches/Chap35/BenchOrderStatSelectMtEph.rs
  benches/Chap27/BenchReduceContractMtEph.rs
  benches/Chap27/BenchScanContractMtEph.rs
  benches/Chap26/BenchMergeSortMt.rs
  benches/Chap26/BenchChapter26Mt.rs
  benches/Chap26/BenchDivConReduceMt.rs
  benches/Chap49/BenchMinEditDistMtPer.rs
  benches/Chap49/BenchSubsetSumMtEph.rs
  benches/Chap49/BenchMinEditDistMtEph.rs
  benches/Chap51/BenchBottomUpDPStPer.rs
  benches/Chap51/BenchBottomUpDPMtEph.rs
  benches/Chap51/BenchTopDownDPStPer.rs
  benches/Chap51/BenchTopDownDPMtPer.rs
  benches/Chap51/BenchBottomUpDPStEph.rs
  benches/Chap51/BenchBottomUpDPMtPer.rs
  benches/Chap51/BenchTopDownDPStEph.rs
  benches/Chap51/BenchTopDownDPMtEph.rs
  benches/Chap54/BenchBFSMtEph.rs
  benches/Chap54/BenchBFSMtPer.rs
  benches/Chap36/BenchChapter36Mt.rs
  benches/Chap28/BenchMaxContigSubSumOptMtEph.rs
  benches/Chap28/BenchMaxContigSubSumDivConMtEph.rs
  benches/Chap28/BenchMaxContigSubSumDivConOptMtEph.rs
Completed in 199ms
