Entering directory 'tests/fixtures/veracity/src'

tests/fixtures/veracity/src/bin/minimize_lib.rs:655: String hacking detected: line.contains("spec fn ") - Use AST traversal instead
tests/fixtures/veracity/src/bin/minimize_lib.rs:655: String hacking detected: line.contains("open spec fn ") - Use AST traversal instead
tests/fixtures/veracity/src/bin/minimize_lib.rs:1400: String hacking detected: line.contains("proof fn ") - Use AST traversal instead
tests/fixtures/veracity/src/bin/minimize_lib.rs:1400: String hacking detected: line.contains("pub proof fn ") - Use AST traversal instead
tests/fixtures/veracity/src/bin/minimize_lib.rs:1471: String hacking detected: line.contains("proof fn ") - Use AST traversal instead
tests/fixtures/veracity/src/bin/minimize_lib.rs:1475: String hacking detected: line.contains("fn ") - Use AST traversal instead
tests/fixtures/veracity/src/bin/minimize_lib.rs:1494: String hacking detected: search_line.contains("let ") - Use AST traversal instead

Total violations: 30 files checked, 7 violations found

Completed in 48ms
Entering directory 'src/bin'

src/bin/analyze_review_typeclasses.rs:54: String hacking detected: line.contains("no pub data type") - Use AST traversal instead
src/bin/analyze_review_typeclasses.rs:60: String hacking detected: line.contains("impl<") - Use AST traversal instead
src/bin/analyze_review_typeclasses.rs:60: String hacking detected: line.contains("{ (for external type) - BUG") - Use AST traversal instead
src/bin/fix_import_order.rs:185: String hacking detected: line.contains("pub mod") - Use AST traversal instead
src/bin/fix_no_pub_type.rs:1966: String hacking detected: first_line.contains("impl<T") - Use AST traversal instead
src/bin/review_integration_test_structure.rs:69: String hacking detected: line.contains("#[cfg(test)]") - Use AST traversal instead
src/bin/review_std_lib.rs:355: String hacking detected: text.find("fn ") - Use AST traversal instead
src/bin/review_summary_accuracy.rs:146: String hacking detected: line.contains("call(s) in") - Use AST traversal instead

Total violations: 84 files checked, 8 violations found

Completed in 72ms
Entering directory 'src/bin'

src/bin/analyze_review_typeclasses.rs:54: String hacking detected: line.contains("no pub data type") - Use AST traversal instead
src/bin/analyze_review_typeclasses.rs:60: String hacking detected: line.contains("impl<") - Use AST traversal instead
src/bin/analyze_review_typeclasses.rs:60: String hacking detected: line.contains("{ (for external type) - BUG") - Use AST traversal instead
src/bin/fix_import_order.rs:185: String hacking detected: line.contains("pub mod") - Use AST traversal instead
src/bin/fix_no_pub_type.rs:1966: String hacking detected: first_line.contains("impl<T") - Use AST traversal instead
src/bin/review_integration_test_structure.rs:69: String hacking detected: line.contains("#[cfg(test)]") - Use AST traversal instead
src/bin/review_std_lib.rs:355: String hacking detected: text.find("fn ") - Use AST traversal instead
src/bin/review_summary_accuracy.rs:146: String hacking detected: line.contains("call(s) in") - Use AST traversal instead

Total violations: 84 files checked, 8 violations found

Completed in 74ms
Entering directory 'src/bin'

src/bin/analyze_modules.rs:152: String hacking detected: use_tree.syntax().text().to_string() - Extract path/items from AST structure, not raw text
src/bin/analyze_review_typeclasses.rs:54: String hacking detected: line.contains("no pub data type") - Use AST traversal instead
src/bin/analyze_review_typeclasses.rs:60: String hacking detected: line.contains("impl<") - Use AST traversal instead
src/bin/analyze_review_typeclasses.rs:60: String hacking detected: line.contains("{ (for external type) - BUG") - Use AST traversal instead
src/bin/fix_APAS_chap18_to_chap19.rs:127: String hacking detected: use_stmt.syntax().to_string() - Extract path/items from AST structure, not raw text
src/bin/fix_grouped_imports.rs:35: String hacking detected: tree.to_string() - Extract path/items from AST structure, not raw text
src/bin/fix_import_order.rs:185: String hacking detected: line.contains("pub mod") - Use AST traversal instead
src/bin/fix_import_order.rs:190: String hacking detected: use_node.text().to_string() - Extract path/items from AST structure, not raw text
src/bin/fix_logging.rs:98: String hacking detected: path.syntax().text().to_string() - Extract path/items from AST structure, not raw text
src/bin/fix_min_typing.rs:57: String hacking detected: node.to_string() - Extract path/items from AST structure, not raw text
src/bin/fix_min_typing.rs:60: String hacking detected: use_stmt.syntax().to_string() - Extract path/items from AST structure, not raw text
src/bin/fix_no_pub_type.rs:78: String hacking detected: node.to_string().trim().to_string() - Extract path/items from AST structure, not raw text
src/bin/fix_no_pub_type.rs:78: String hacking detected: node.to_string() - Extract path/items from AST structure, not raw text
src/bin/fix_no_pub_type.rs:167: String hacking detected: node.to_string().trim().to_string() - Extract path/items from AST structure, not raw text
src/bin/fix_no_pub_type.rs:167: String hacking detected: node.to_string() - Extract path/items from AST structure, not raw text
src/bin/fix_no_pub_type.rs:769: String hacking detected: use_tree.to_string() - Extract path/items from AST structure, not raw text
src/bin/fix_no_pub_type.rs:1010: String hacking detected: use_tree.to_string() - Extract path/items from AST structure, not raw text
src/bin/fix_no_pub_type.rs:1083: String hacking detected: callee_expr.to_string() - Extract path/items from AST structure, not raw text
src/bin/fix_no_pub_type.rs:1181: String hacking detected: node.to_string() - Extract path/items from AST structure, not raw text
src/bin/fix_no_pub_type.rs:1261: String hacking detected: stmt_list.to_string() - Extract path/items from AST structure, not raw text
src/bin/fix_no_pub_type.rs:1704: String hacking detected: stmt_list.to_string() - Extract path/items from AST structure, not raw text
src/bin/fix_no_pub_type.rs:1920: String hacking detected: node.to_string() - Extract path/items from AST structure, not raw text
src/bin/fix_no_pub_type.rs:1961: String hacking detected: node.to_string() - Extract path/items from AST structure, not raw text
src/bin/fix_no_pub_type.rs:1966: String hacking detected: first_line.contains("impl<T") - Use AST traversal instead
src/bin/fix_no_pub_type.rs:2011: String hacking detected: node.to_string() - Extract path/items from AST structure, not raw text
src/bin/fix_no_pub_type.rs:2088: String hacking detected: stmt_list.to_string() - Extract path/items from AST structure, not raw text
src/bin/fix_non_wildcard_uses.rs:51: String hacking detected: last_segment.to_string() - Extract path/items from AST structure, not raw text
src/bin/fix_non_wildcard_uses.rs:69: String hacking detected: use_item.to_string().trim().to_string() - Extract path/items from AST structure, not raw text
src/bin/fix_non_wildcard_uses.rs:69: String hacking detected: use_item.to_string() - Extract path/items from AST structure, not raw text
src/bin/fix_non_wildcard_uses.rs:142: String hacking detected: use_item.to_string().trim().to_string() - Extract path/items from AST structure, not raw text
src/bin/fix_non_wildcard_uses.rs:142: String hacking detected: use_item.to_string() - Extract path/items from AST structure, not raw text
src/bin/fix_non_wildcard_uses.rs:277: String hacking detected: use_item.to_string().trim().to_string() - Extract path/items from AST structure, not raw text
src/bin/fix_non_wildcard_uses.rs:277: String hacking detected: use_item.to_string() - Extract path/items from AST structure, not raw text
src/bin/fix_our_uses_to_wildcards.rs:83: String hacking detected: use_tree.to_string() - Extract path/items from AST structure, not raw text
src/bin/fix_stub_delegation.rs:160: String hacking detected: func.syntax().to_string() - Extract path/items from AST structure, not raw text
src/bin/fix_stub_delegation.rs:206: String hacking detected: func.syntax().to_string() - Extract path/items from AST structure, not raw text
src/bin/fix_stub_delegation.rs:268: String hacking detected: func.syntax().to_string() - Extract path/items from AST structure, not raw text
src/bin/fix_stub_delegation.rs:273: String hacking detected: item.syntax().to_string() - Extract path/items from AST structure, not raw text
src/bin/fix_test_trait_imports.rs:34: String hacking detected: use_item.to_string() - Extract path/items from AST structure, not raw text
src/bin/fix_unnecessary_ufcs.rs:125: String hacking detected: name.syntax().text().to_string() - Extract path/items from AST structure, not raw text
src/bin/fix_unnecessary_ufcs.rs:144: String hacking detected: name.syntax().text().to_string() - Extract path/items from AST structure, not raw text
src/bin/fix_unnecessary_ufcs.rs:148: String hacking detected: gen_args.syntax().text().to_string() - Extract path/items from AST structure, not raw text
src/bin/fix_unnecessary_ufcs.rs:165: String hacking detected: arg_list.syntax().text().to_string() - Extract path/items from AST structure, not raw text
src/bin/review_APAS_chap18_chap19.rs:214: String hacking detected: node.to_string() - Extract path/items from AST structure, not raw text
src/bin/review_APAS_st_mt_consistency.rs:272: String hacking detected: node.text().to_string().lines().next().unwrap_or("").to_string() - Extract path/items from AST structure, not raw text
src/bin/review_APAS_st_mt_consistency.rs:272: String hacking detected: node.text().to_string() - Extract path/items from AST structure, not raw text
src/bin/review_grouped_imports.rs:56: String hacking detected: node.to_string() - Extract path/items from AST structure, not raw text
src/bin/review_impl_order.rs:85: String hacking detected: trait_type.syntax().text().to_string() - Extract path/items from AST structure, not raw text
src/bin/review_impl_trait_bounds.rs:66: String hacking detected: impl_node.to_string() - Extract path/items from AST structure, not raw text
src/bin/review_import_order.rs:123: String hacking detected: use_node.text().to_string() - Extract path/items from AST structure, not raw text
src/bin/review_import_order.rs:133: String hacking detected: use_text.trim().to_string() - Extract path/items from AST structure, not raw text
src/bin/review_import_order.rs:141: String hacking detected: use_text.trim().to_string() - Extract path/items from AST structure, not raw text
src/bin/review_import_order.rs:149: String hacking detected: use_text.trim().to_string() - Extract path/items from AST structure, not raw text
src/bin/review_import_order.rs:164: String hacking detected: use_text.trim().to_string() - Extract path/items from AST structure, not raw text
src/bin/review_import_order.rs:192: String hacking detected: use_text.trim().to_string() - Extract path/items from AST structure, not raw text
src/bin/review_import_order.rs:199: String hacking detected: use_text.trim().to_string() - Extract path/items from AST structure, not raw text
src/bin/review_import_order.rs:228: String hacking detected: use_text.trim().to_string() - Extract path/items from AST structure, not raw text
src/bin/review_inherent_and_trait_impl.rs:55: String hacking detected: self_ty.syntax().to_string() - Extract path/items from AST structure, not raw text
src/bin/review_inherent_and_trait_impl.rs:64: String hacking detected: t.syntax().to_string() - Extract path/items from AST structure, not raw text
src/bin/review_inherent_and_trait_impl.rs:79: String hacking detected: func.syntax().to_string() - Extract path/items from AST structure, not raw text
src/bin/review_inherent_and_trait_impl.rs:87: String hacking detected: name_node.to_string() - Extract path/items from AST structure, not raw text
src/bin/review_integration_test_structure.rs:69: String hacking detected: line.contains("#[cfg(test)]") - Use AST traversal instead
src/bin/review_internal_method_impls.rs:81: String hacking detected: self_ty.syntax().to_string() - Extract path/items from AST structure, not raw text
src/bin/review_internal_method_impls.rs:95: String hacking detected: syntax.to_string() - Extract path/items from AST structure, not raw text
src/bin/review_logging.rs:31: String hacking detected: node.text().to_string() - Extract path/items from AST structure, not raw text
src/bin/review_logging.rs:53: String hacking detected: first.syntax().text().to_string() - Extract path/items from AST structure, not raw text
src/bin/review_logging.rs:54: String hacking detected: second.syntax().text().to_string() - Extract path/items from AST structure, not raw text
src/bin/review_merge_imports.rs:119: String hacking detected: use_stmt.to_string() - Extract path/items from AST structure, not raw text
src/bin/review_merge_imports.rs:126: String hacking detected: use_text.trim().to_string() - Extract path/items from AST structure, not raw text
src/bin/review_minimize_ufcs_call_sites.rs:87: String hacking detected: node.text().to_string() - Extract path/items from AST structure, not raw text
src/bin/review_module_encapsulation.rs:94: String hacking detected: item_node.text().to_string() - Extract path/items from AST structure, not raw text
src/bin/review_no_trait_method_duplication.rs:72: String hacking detected: trait_path.split("::").last().unwrap_or(&trait_path).to_string() - Extract path/items from AST structure, not raw text
src/bin/review_non_wildcard_uses.rs:54: String hacking detected: last_segment.to_string() - Extract path/items from AST structure, not raw text
src/bin/review_non_wildcard_uses.rs:155: String hacking detected: use_item.to_string().trim().to_string() - Extract path/items from AST structure, not raw text
src/bin/review_non_wildcard_uses.rs:155: String hacking detected: use_item.to_string() - Extract path/items from AST structure, not raw text
src/bin/review_public_only_inherent_impls.rs:63: String hacking detected: self_ty.syntax().to_string() - Extract path/items from AST structure, not raw text
src/bin/review_public_only_inherent_impls.rs:77: String hacking detected: syntax.to_string() - Extract path/items from AST structure, not raw text
src/bin/review_single_trait_impl.rs:76: String hacking detected: trait_type.syntax().text().to_string() - Extract path/items from AST structure, not raw text
src/bin/review_single_trait_impl.rs:93: String hacking detected: self_ty.syntax().text().to_string() - Extract path/items from AST structure, not raw text
src/bin/review_std_lib.rs:355: String hacking detected: text.find("fn ") - Use AST traversal instead
src/bin/review_std_lib.rs:456: String hacking detected: path_text[5..].to_string() - Extract path/items from AST structure, not raw text
src/bin/review_std_lib.rs:474: String hacking detected: path_text.strip_prefix("std::").unwrap_or(&path_text).to_string() - Extract path/items from AST structure, not raw text
src/bin/review_std_lib.rs:494: String hacking detected: path_text[5..].to_string() - Extract path/items from AST structure, not raw text
src/bin/review_std_lib.rs:524: String hacking detected: item.split("::").next().unwrap_or(item).to_string() - Extract path/items from AST structure, not raw text
src/bin/review_stub_delegation.rs:168: String hacking detected: self_ty.syntax().text().to_string() - Extract path/items from AST structure, not raw text
src/bin/review_stub_delegation.rs:192: String hacking detected: body_node.syntax().to_string() - Extract path/items from AST structure, not raw text
src/bin/review_stub_delegation.rs:245: String hacking detected: t.syntax().text().to_string() - Extract path/items from AST structure, not raw text
src/bin/review_summary_accuracy.rs:146: String hacking detected: line.contains("call(s) in") - Use AST traversal instead
src/bin/review_test_functions.rs:205: String hacking detected: self_ty.syntax().text().to_string() - Extract path/items from AST structure, not raw text
src/bin/review_test_functions.rs:248: String hacking detected: trait_ref.syntax().text().to_string() - Extract path/items from AST structure, not raw text
src/bin/review_test_functions.rs:254: String hacking detected: self_ty.syntax().text().to_string() - Extract path/items from AST structure, not raw text
src/bin/review_test_functions.rs:1114: String hacking detected: self_ty.syntax().text().to_string() - Extract path/items from AST structure, not raw text
src/bin/review_typeclasses.rs:139: String hacking detected: self_ty.syntax().text().to_string() - Extract path/items from AST structure, not raw text
src/bin/review_typeclasses.rs:351: String hacking detected: t.syntax().text().to_string() - Extract path/items from AST structure, not raw text
src/bin/review_typeclasses.rs:355: String hacking detected: impl_node.to_string() - Extract path/items from AST structure, not raw text
src/bin/review_typeclasses.rs:370: String hacking detected: syntax.to_string() - Extract path/items from AST structure, not raw text
src/bin/review_typeclasses.rs:383: String hacking detected: ty.syntax().to_string() - Extract path/items from AST structure, not raw text
src/bin/review_typeclasses.rs:391: String hacking detected: body_node.syntax().to_string() - Extract path/items from AST structure, not raw text
src/bin/review_unnecessary_ufcs_and_qualified_paths.rs:59: String hacking detected: use_stmt.syntax().to_string() - Extract path/items from AST structure, not raw text
src/bin/review_unnecessary_ufcs_and_qualified_paths.rs:76: String hacking detected: node.to_string() - Extract path/items from AST structure, not raw text
src/bin/review_where_clause_simplification.rs:71: String hacking detected: where_node.text().to_string() - Extract path/items from AST structure, not raw text

Total violations: 84 files checked, 101 violations found

Completed in 73ms
Entering directory 'src/bin'

src/bin/analyze_modules.rs:152: String hacking detected: use_tree.syntax().text().to_string() - Extract path/items from AST structure, not raw text
src/bin/analyze_review_typeclasses.rs:54: String hacking detected: line.contains("no pub data type") - Use AST traversal instead
src/bin/analyze_review_typeclasses.rs:60: String hacking detected: line.contains("impl<") - Use AST traversal instead
src/bin/analyze_review_typeclasses.rs:60: String hacking detected: line.contains("{ (for external type) - BUG") - Use AST traversal instead
src/bin/fix_APAS_chap18_to_chap19.rs:127: String hacking detected: use_stmt.syntax().to_string() - Extract path/items from AST structure, not raw text
src/bin/fix_grouped_imports.rs:35: String hacking detected: tree.to_string() - Extract path/items from AST structure, not raw text
src/bin/fix_import_order.rs:185: String hacking detected: line.contains("pub mod") - Use AST traversal instead
src/bin/fix_import_order.rs:190: String hacking detected: use_node.text().to_string() - Extract path/items from AST structure, not raw text
src/bin/fix_logging.rs:98: String hacking detected: path.syntax().text().to_string() - Extract path/items from AST structure, not raw text
src/bin/fix_min_typing.rs:57: String hacking detected: node.to_string() - Extract path/items from AST structure, not raw text
src/bin/fix_min_typing.rs:60: String hacking detected: use_stmt.syntax().to_string() - Extract path/items from AST structure, not raw text
src/bin/fix_no_pub_type.rs:78: String hacking detected: node.to_string().trim().to_string() - Extract path/items from AST structure, not raw text
src/bin/fix_no_pub_type.rs:78: String hacking detected: node.to_string() - Extract path/items from AST structure, not raw text
src/bin/fix_no_pub_type.rs:167: String hacking detected: node.to_string().trim().to_string() - Extract path/items from AST structure, not raw text
src/bin/fix_no_pub_type.rs:167: String hacking detected: node.to_string() - Extract path/items from AST structure, not raw text
src/bin/fix_no_pub_type.rs:769: String hacking detected: use_tree.to_string() - Extract path/items from AST structure, not raw text
src/bin/fix_no_pub_type.rs:1010: String hacking detected: use_tree.to_string() - Extract path/items from AST structure, not raw text
src/bin/fix_no_pub_type.rs:1083: String hacking detected: callee_expr.to_string() - Extract path/items from AST structure, not raw text
src/bin/fix_no_pub_type.rs:1181: String hacking detected: node.to_string() - Extract path/items from AST structure, not raw text
src/bin/fix_no_pub_type.rs:1261: String hacking detected: stmt_list.to_string() - Extract path/items from AST structure, not raw text
src/bin/fix_no_pub_type.rs:1704: String hacking detected: stmt_list.to_string() - Extract path/items from AST structure, not raw text
src/bin/fix_no_pub_type.rs:1920: String hacking detected: node.to_string() - Extract path/items from AST structure, not raw text
src/bin/fix_no_pub_type.rs:1961: String hacking detected: node.to_string() - Extract path/items from AST structure, not raw text
src/bin/fix_no_pub_type.rs:1966: String hacking detected: first_line.contains("impl<T") - Use AST traversal instead
src/bin/fix_no_pub_type.rs:2011: String hacking detected: node.to_string() - Extract path/items from AST structure, not raw text
src/bin/fix_no_pub_type.rs:2088: String hacking detected: stmt_list.to_string() - Extract path/items from AST structure, not raw text
src/bin/fix_non_wildcard_uses.rs:51: String hacking detected: last_segment.to_string() - Extract path/items from AST structure, not raw text
src/bin/fix_non_wildcard_uses.rs:69: String hacking detected: use_item.to_string().trim().to_string() - Extract path/items from AST structure, not raw text
src/bin/fix_non_wildcard_uses.rs:69: String hacking detected: use_item.to_string() - Extract path/items from AST structure, not raw text
src/bin/fix_non_wildcard_uses.rs:142: String hacking detected: use_item.to_string().trim().to_string() - Extract path/items from AST structure, not raw text
src/bin/fix_non_wildcard_uses.rs:142: String hacking detected: use_item.to_string() - Extract path/items from AST structure, not raw text
src/bin/fix_non_wildcard_uses.rs:277: String hacking detected: use_item.to_string().trim().to_string() - Extract path/items from AST structure, not raw text
src/bin/fix_non_wildcard_uses.rs:277: String hacking detected: use_item.to_string() - Extract path/items from AST structure, not raw text
src/bin/fix_our_uses_to_wildcards.rs:83: String hacking detected: use_tree.to_string() - Extract path/items from AST structure, not raw text
src/bin/fix_stub_delegation.rs:160: String hacking detected: func.syntax().to_string() - Extract path/items from AST structure, not raw text
src/bin/fix_stub_delegation.rs:206: String hacking detected: func.syntax().to_string() - Extract path/items from AST structure, not raw text
src/bin/fix_stub_delegation.rs:268: String hacking detected: func.syntax().to_string() - Extract path/items from AST structure, not raw text
src/bin/fix_stub_delegation.rs:273: String hacking detected: item.syntax().to_string() - Extract path/items from AST structure, not raw text
src/bin/fix_test_trait_imports.rs:34: String hacking detected: use_item.to_string() - Extract path/items from AST structure, not raw text
src/bin/fix_unnecessary_ufcs.rs:125: String hacking detected: name.syntax().text().to_string() - Extract path/items from AST structure, not raw text
src/bin/fix_unnecessary_ufcs.rs:144: String hacking detected: name.syntax().text().to_string() - Extract path/items from AST structure, not raw text
src/bin/fix_unnecessary_ufcs.rs:148: String hacking detected: gen_args.syntax().text().to_string() - Extract path/items from AST structure, not raw text
src/bin/fix_unnecessary_ufcs.rs:165: String hacking detected: arg_list.syntax().text().to_string() - Extract path/items from AST structure, not raw text
src/bin/review_APAS_chap18_chap19.rs:214: String hacking detected: node.to_string() - Extract path/items from AST structure, not raw text
src/bin/review_APAS_st_mt_consistency.rs:272: String hacking detected: node.text().to_string().lines().next().unwrap_or("").to_string() - Extract path/items from AST structure, not raw text
src/bin/review_APAS_st_mt_consistency.rs:272: String hacking detected: node.text().to_string() - Extract path/items from AST structure, not raw text
src/bin/review_grouped_imports.rs:56: String hacking detected: node.to_string() - Extract path/items from AST structure, not raw text
src/bin/review_impl_order.rs:85: String hacking detected: trait_type.syntax().text().to_string() - Extract path/items from AST structure, not raw text
src/bin/review_impl_trait_bounds.rs:66: String hacking detected: impl_node.to_string() - Extract path/items from AST structure, not raw text
src/bin/review_import_order.rs:123: String hacking detected: use_node.text().to_string() - Extract path/items from AST structure, not raw text
src/bin/review_import_order.rs:133: String hacking detected: use_text.trim().to_string() - Extract path/items from AST structure, not raw text
src/bin/review_import_order.rs:141: String hacking detected: use_text.trim().to_string() - Extract path/items from AST structure, not raw text
src/bin/review_import_order.rs:149: String hacking detected: use_text.trim().to_string() - Extract path/items from AST structure, not raw text
src/bin/review_import_order.rs:164: String hacking detected: use_text.trim().to_string() - Extract path/items from AST structure, not raw text
src/bin/review_import_order.rs:192: String hacking detected: use_text.trim().to_string() - Extract path/items from AST structure, not raw text
src/bin/review_import_order.rs:199: String hacking detected: use_text.trim().to_string() - Extract path/items from AST structure, not raw text
src/bin/review_import_order.rs:228: String hacking detected: use_text.trim().to_string() - Extract path/items from AST structure, not raw text
src/bin/review_inherent_and_trait_impl.rs:55: String hacking detected: self_ty.syntax().to_string() - Extract path/items from AST structure, not raw text
src/bin/review_inherent_and_trait_impl.rs:64: String hacking detected: t.syntax().to_string() - Extract path/items from AST structure, not raw text
src/bin/review_inherent_and_trait_impl.rs:79: String hacking detected: func.syntax().to_string() - Extract path/items from AST structure, not raw text
src/bin/review_inherent_and_trait_impl.rs:87: String hacking detected: name_node.to_string() - Extract path/items from AST structure, not raw text
src/bin/review_integration_test_structure.rs:69: String hacking detected: line.contains("#[cfg(test)]") - Use AST traversal instead
src/bin/review_internal_method_impls.rs:81: String hacking detected: self_ty.syntax().to_string() - Extract path/items from AST structure, not raw text
src/bin/review_internal_method_impls.rs:95: String hacking detected: syntax.to_string() - Extract path/items from AST structure, not raw text
src/bin/review_logging.rs:31: String hacking detected: node.text().to_string() - Extract path/items from AST structure, not raw text
src/bin/review_logging.rs:53: String hacking detected: first.syntax().text().to_string() - Extract path/items from AST structure, not raw text
src/bin/review_logging.rs:54: String hacking detected: second.syntax().text().to_string() - Extract path/items from AST structure, not raw text
src/bin/review_merge_imports.rs:119: String hacking detected: use_stmt.to_string() - Extract path/items from AST structure, not raw text
src/bin/review_merge_imports.rs:126: String hacking detected: use_text.trim().to_string() - Extract path/items from AST structure, not raw text
src/bin/review_minimize_ufcs_call_sites.rs:87: String hacking detected: node.text().to_string() - Extract path/items from AST structure, not raw text
src/bin/review_module_encapsulation.rs:94: String hacking detected: item_node.text().to_string() - Extract path/items from AST structure, not raw text
src/bin/review_no_trait_method_duplication.rs:72: String hacking detected: trait_path.split("::").last().unwrap_or(&trait_path).to_string() - Extract path/items from AST structure, not raw text
src/bin/review_non_wildcard_uses.rs:54: String hacking detected: last_segment.to_string() - Extract path/items from AST structure, not raw text
src/bin/review_non_wildcard_uses.rs:155: String hacking detected: use_item.to_string().trim().to_string() - Extract path/items from AST structure, not raw text
src/bin/review_non_wildcard_uses.rs:155: String hacking detected: use_item.to_string() - Extract path/items from AST structure, not raw text
src/bin/review_public_only_inherent_impls.rs:63: String hacking detected: self_ty.syntax().to_string() - Extract path/items from AST structure, not raw text
src/bin/review_public_only_inherent_impls.rs:77: String hacking detected: syntax.to_string() - Extract path/items from AST structure, not raw text
src/bin/review_single_trait_impl.rs:76: String hacking detected: trait_type.syntax().text().to_string() - Extract path/items from AST structure, not raw text
src/bin/review_single_trait_impl.rs:93: String hacking detected: self_ty.syntax().text().to_string() - Extract path/items from AST structure, not raw text
src/bin/review_std_lib.rs:355: String hacking detected: text.find("fn ") - Use AST traversal instead
src/bin/review_std_lib.rs:456: String hacking detected: path_text[5..].to_string() - Extract path/items from AST structure, not raw text
src/bin/review_std_lib.rs:474: String hacking detected: path_text.strip_prefix("std::").unwrap_or(&path_text).to_string() - Extract path/items from AST structure, not raw text
src/bin/review_std_lib.rs:494: String hacking detected: path_text[5..].to_string() - Extract path/items from AST structure, not raw text
src/bin/review_std_lib.rs:524: String hacking detected: item.split("::").next().unwrap_or(item).to_string() - Extract path/items from AST structure, not raw text
src/bin/review_stub_delegation.rs:168: String hacking detected: self_ty.syntax().text().to_string() - Extract path/items from AST structure, not raw text
src/bin/review_stub_delegation.rs:192: String hacking detected: body_node.syntax().to_string() - Extract path/items from AST structure, not raw text
src/bin/review_stub_delegation.rs:245: String hacking detected: t.syntax().text().to_string() - Extract path/items from AST structure, not raw text
src/bin/review_summary_accuracy.rs:146: String hacking detected: line.contains("call(s) in") - Use AST traversal instead
src/bin/review_test_functions.rs:205: String hacking detected: self_ty.syntax().text().to_string() - Extract path/items from AST structure, not raw text
src/bin/review_test_functions.rs:248: String hacking detected: trait_ref.syntax().text().to_string() - Extract path/items from AST structure, not raw text
src/bin/review_test_functions.rs:254: String hacking detected: self_ty.syntax().text().to_string() - Extract path/items from AST structure, not raw text
src/bin/review_test_functions.rs:1114: String hacking detected: self_ty.syntax().text().to_string() - Extract path/items from AST structure, not raw text
src/bin/review_typeclasses.rs:139: String hacking detected: self_ty.syntax().text().to_string() - Extract path/items from AST structure, not raw text
src/bin/review_typeclasses.rs:351: String hacking detected: t.syntax().text().to_string() - Extract path/items from AST structure, not raw text
src/bin/review_typeclasses.rs:355: String hacking detected: impl_node.to_string() - Extract path/items from AST structure, not raw text
src/bin/review_typeclasses.rs:370: String hacking detected: syntax.to_string() - Extract path/items from AST structure, not raw text
src/bin/review_typeclasses.rs:383: String hacking detected: ty.syntax().to_string() - Extract path/items from AST structure, not raw text
src/bin/review_typeclasses.rs:391: String hacking detected: body_node.syntax().to_string() - Extract path/items from AST structure, not raw text
src/bin/review_unnecessary_ufcs_and_qualified_paths.rs:59: String hacking detected: use_stmt.syntax().to_string() - Extract path/items from AST structure, not raw text
src/bin/review_unnecessary_ufcs_and_qualified_paths.rs:76: String hacking detected: node.to_string() - Extract path/items from AST structure, not raw text
src/bin/review_where_clause_simplification.rs:71: String hacking detected: where_node.text().to_string() - Extract path/items from AST structure, not raw text

Total violations: 84 files checked, 101 violations found

Completed in 75ms
Entering directory 'src/bin'

src/bin/analyze_review_typeclasses.rs:54: String hacking detected: line.contains("no pub data type") - Use AST traversal instead
src/bin/analyze_review_typeclasses.rs:60: String hacking detected: line.contains("impl<") - Use AST traversal instead
src/bin/analyze_review_typeclasses.rs:60: String hacking detected: line.contains("{ (for external type) - BUG") - Use AST traversal instead
src/bin/fix_APAS_chap18_to_chap19.rs:127: String hacking detected: use_stmt.syntax().to_string() - Extract path/items from AST structure, not raw text
src/bin/fix_grouped_imports.rs:35: String hacking detected: tree.to_string() - Extract path/items from AST structure, not raw text
src/bin/fix_import_order.rs:185: String hacking detected: line.contains("pub mod") - Use AST traversal instead
src/bin/fix_import_order.rs:190: String hacking detected: use_node.text().to_string() - Extract path/items from AST structure, not raw text
src/bin/fix_logging.rs:98: String hacking detected: path.syntax().text().to_string() - Extract path/items from AST structure, not raw text
src/bin/fix_min_typing.rs:57: String hacking detected: node.to_string() - Extract path/items from AST structure, not raw text
src/bin/fix_min_typing.rs:60: String hacking detected: use_stmt.syntax().to_string() - Extract path/items from AST structure, not raw text
src/bin/fix_no_pub_type.rs:78: String hacking detected: node.to_string().trim().to_string() - Extract path/items from AST structure, not raw text
src/bin/fix_no_pub_type.rs:78: String hacking detected: node.to_string() - Extract path/items from AST structure, not raw text
src/bin/fix_no_pub_type.rs:167: String hacking detected: node.to_string().trim().to_string() - Extract path/items from AST structure, not raw text
src/bin/fix_no_pub_type.rs:167: String hacking detected: node.to_string() - Extract path/items from AST structure, not raw text
src/bin/fix_no_pub_type.rs:769: String hacking detected: use_tree.to_string() - Extract path/items from AST structure, not raw text
src/bin/fix_no_pub_type.rs:1010: String hacking detected: use_tree.to_string() - Extract path/items from AST structure, not raw text
src/bin/fix_no_pub_type.rs:1083: String hacking detected: callee_expr.to_string() - Extract path/items from AST structure, not raw text
src/bin/fix_no_pub_type.rs:1181: String hacking detected: node.to_string() - Extract path/items from AST structure, not raw text
src/bin/fix_no_pub_type.rs:1261: String hacking detected: stmt_list.to_string() - Extract path/items from AST structure, not raw text
src/bin/fix_no_pub_type.rs:1704: String hacking detected: stmt_list.to_string() - Extract path/items from AST structure, not raw text
src/bin/fix_no_pub_type.rs:1920: String hacking detected: node.to_string() - Extract path/items from AST structure, not raw text
src/bin/fix_no_pub_type.rs:1961: String hacking detected: node.to_string() - Extract path/items from AST structure, not raw text
src/bin/fix_no_pub_type.rs:1966: String hacking detected: first_line.contains("impl<T") - Use AST traversal instead
src/bin/fix_no_pub_type.rs:2011: String hacking detected: node.to_string() - Extract path/items from AST structure, not raw text
src/bin/fix_no_pub_type.rs:2088: String hacking detected: stmt_list.to_string() - Extract path/items from AST structure, not raw text
src/bin/fix_non_wildcard_uses.rs:51: String hacking detected: last_segment.to_string() - Extract path/items from AST structure, not raw text
src/bin/fix_non_wildcard_uses.rs:69: String hacking detected: use_item.to_string().trim().to_string() - Extract path/items from AST structure, not raw text
src/bin/fix_non_wildcard_uses.rs:69: String hacking detected: use_item.to_string() - Extract path/items from AST structure, not raw text
src/bin/fix_non_wildcard_uses.rs:142: String hacking detected: use_item.to_string().trim().to_string() - Extract path/items from AST structure, not raw text
src/bin/fix_non_wildcard_uses.rs:142: String hacking detected: use_item.to_string() - Extract path/items from AST structure, not raw text
src/bin/fix_non_wildcard_uses.rs:277: String hacking detected: use_item.to_string().trim().to_string() - Extract path/items from AST structure, not raw text
src/bin/fix_non_wildcard_uses.rs:277: String hacking detected: use_item.to_string() - Extract path/items from AST structure, not raw text
src/bin/fix_our_uses_to_wildcards.rs:83: String hacking detected: use_tree.to_string() - Extract path/items from AST structure, not raw text
src/bin/fix_stub_delegation.rs:160: String hacking detected: func.syntax().to_string() - Extract path/items from AST structure, not raw text
src/bin/fix_stub_delegation.rs:206: String hacking detected: func.syntax().to_string() - Extract path/items from AST structure, not raw text
src/bin/fix_stub_delegation.rs:268: String hacking detected: func.syntax().to_string() - Extract path/items from AST structure, not raw text
src/bin/fix_stub_delegation.rs:273: String hacking detected: item.syntax().to_string() - Extract path/items from AST structure, not raw text
src/bin/fix_test_trait_imports.rs:34: String hacking detected: use_item.to_string() - Extract path/items from AST structure, not raw text
src/bin/fix_unnecessary_ufcs.rs:125: String hacking detected: name.syntax().text().to_string() - Extract path/items from AST structure, not raw text
src/bin/fix_unnecessary_ufcs.rs:144: String hacking detected: name.syntax().text().to_string() - Extract path/items from AST structure, not raw text
src/bin/fix_unnecessary_ufcs.rs:148: String hacking detected: gen_args.syntax().text().to_string() - Extract path/items from AST structure, not raw text
src/bin/fix_unnecessary_ufcs.rs:165: String hacking detected: arg_list.syntax().text().to_string() - Extract path/items from AST structure, not raw text
src/bin/review_APAS_chap18_chap19.rs:214: String hacking detected: node.to_string() - Extract path/items from AST structure, not raw text
src/bin/review_APAS_st_mt_consistency.rs:272: String hacking detected: node.text().to_string().lines().next().unwrap_or("").to_string() - Extract path/items from AST structure, not raw text
src/bin/review_APAS_st_mt_consistency.rs:272: String hacking detected: node.text().to_string() - Extract path/items from AST structure, not raw text
src/bin/review_grouped_imports.rs:56: String hacking detected: node.to_string() - Extract path/items from AST structure, not raw text
src/bin/review_impl_order.rs:85: String hacking detected: trait_type.syntax().text().to_string() - Extract path/items from AST structure, not raw text
src/bin/review_impl_trait_bounds.rs:66: String hacking detected: impl_node.to_string() - Extract path/items from AST structure, not raw text
src/bin/review_import_order.rs:123: String hacking detected: use_node.text().to_string() - Extract path/items from AST structure, not raw text
src/bin/review_import_order.rs:133: String hacking detected: use_text.trim().to_string() - Extract path/items from AST structure, not raw text
src/bin/review_import_order.rs:141: String hacking detected: use_text.trim().to_string() - Extract path/items from AST structure, not raw text
src/bin/review_import_order.rs:149: String hacking detected: use_text.trim().to_string() - Extract path/items from AST structure, not raw text
src/bin/review_import_order.rs:164: String hacking detected: use_text.trim().to_string() - Extract path/items from AST structure, not raw text
src/bin/review_import_order.rs:192: String hacking detected: use_text.trim().to_string() - Extract path/items from AST structure, not raw text
src/bin/review_import_order.rs:199: String hacking detected: use_text.trim().to_string() - Extract path/items from AST structure, not raw text
src/bin/review_import_order.rs:228: String hacking detected: use_text.trim().to_string() - Extract path/items from AST structure, not raw text
src/bin/review_inherent_and_trait_impl.rs:55: String hacking detected: self_ty.syntax().to_string() - Extract path/items from AST structure, not raw text
src/bin/review_inherent_and_trait_impl.rs:64: String hacking detected: t.syntax().to_string() - Extract path/items from AST structure, not raw text
src/bin/review_inherent_and_trait_impl.rs:79: String hacking detected: func.syntax().to_string() - Extract path/items from AST structure, not raw text
src/bin/review_inherent_and_trait_impl.rs:87: String hacking detected: name_node.to_string() - Extract path/items from AST structure, not raw text
src/bin/review_integration_test_structure.rs:69: String hacking detected: line.contains("#[cfg(test)]") - Use AST traversal instead
src/bin/review_internal_method_impls.rs:81: String hacking detected: self_ty.syntax().to_string() - Extract path/items from AST structure, not raw text
src/bin/review_internal_method_impls.rs:95: String hacking detected: syntax.to_string() - Extract path/items from AST structure, not raw text
src/bin/review_logging.rs:31: String hacking detected: node.text().to_string() - Extract path/items from AST structure, not raw text
src/bin/review_logging.rs:53: String hacking detected: first.syntax().text().to_string() - Extract path/items from AST structure, not raw text
src/bin/review_logging.rs:54: String hacking detected: second.syntax().text().to_string() - Extract path/items from AST structure, not raw text
src/bin/review_merge_imports.rs:119: String hacking detected: use_stmt.to_string() - Extract path/items from AST structure, not raw text
src/bin/review_merge_imports.rs:126: String hacking detected: use_text.trim().to_string() - Extract path/items from AST structure, not raw text
src/bin/review_minimize_ufcs_call_sites.rs:87: String hacking detected: node.text().to_string() - Extract path/items from AST structure, not raw text
src/bin/review_module_encapsulation.rs:94: String hacking detected: item_node.text().to_string() - Extract path/items from AST structure, not raw text
src/bin/review_no_trait_method_duplication.rs:72: String hacking detected: trait_path.split("::").last().unwrap_or(&trait_path).to_string() - Extract path/items from AST structure, not raw text
src/bin/review_non_wildcard_uses.rs:54: String hacking detected: last_segment.to_string() - Extract path/items from AST structure, not raw text
src/bin/review_non_wildcard_uses.rs:155: String hacking detected: use_item.to_string().trim().to_string() - Extract path/items from AST structure, not raw text
src/bin/review_non_wildcard_uses.rs:155: String hacking detected: use_item.to_string() - Extract path/items from AST structure, not raw text
src/bin/review_public_only_inherent_impls.rs:63: String hacking detected: self_ty.syntax().to_string() - Extract path/items from AST structure, not raw text
src/bin/review_public_only_inherent_impls.rs:77: String hacking detected: syntax.to_string() - Extract path/items from AST structure, not raw text
src/bin/review_single_trait_impl.rs:76: String hacking detected: trait_type.syntax().text().to_string() - Extract path/items from AST structure, not raw text
src/bin/review_single_trait_impl.rs:93: String hacking detected: self_ty.syntax().text().to_string() - Extract path/items from AST structure, not raw text
src/bin/review_std_lib.rs:355: String hacking detected: text.find("fn ") - Use AST traversal instead
src/bin/review_std_lib.rs:456: String hacking detected: path_text[5..].to_string() - Extract path/items from AST structure, not raw text
src/bin/review_std_lib.rs:474: String hacking detected: path_text.strip_prefix("std::").unwrap_or(&path_text).to_string() - Extract path/items from AST structure, not raw text
src/bin/review_std_lib.rs:494: String hacking detected: path_text[5..].to_string() - Extract path/items from AST structure, not raw text
src/bin/review_std_lib.rs:524: String hacking detected: item.split("::").next().unwrap_or(item).to_string() - Extract path/items from AST structure, not raw text
src/bin/review_stub_delegation.rs:168: String hacking detected: self_ty.syntax().text().to_string() - Extract path/items from AST structure, not raw text
src/bin/review_stub_delegation.rs:192: String hacking detected: body_node.syntax().to_string() - Extract path/items from AST structure, not raw text
src/bin/review_stub_delegation.rs:245: String hacking detected: t.syntax().text().to_string() - Extract path/items from AST structure, not raw text
src/bin/review_summary_accuracy.rs:146: String hacking detected: line.contains("call(s) in") - Use AST traversal instead
src/bin/review_test_functions.rs:205: String hacking detected: self_ty.syntax().text().to_string() - Extract path/items from AST structure, not raw text
src/bin/review_test_functions.rs:248: String hacking detected: trait_ref.syntax().text().to_string() - Extract path/items from AST structure, not raw text
src/bin/review_test_functions.rs:254: String hacking detected: self_ty.syntax().text().to_string() - Extract path/items from AST structure, not raw text
src/bin/review_test_functions.rs:1114: String hacking detected: self_ty.syntax().text().to_string() - Extract path/items from AST structure, not raw text
src/bin/review_typeclasses.rs:139: String hacking detected: self_ty.syntax().text().to_string() - Extract path/items from AST structure, not raw text
src/bin/review_typeclasses.rs:351: String hacking detected: t.syntax().text().to_string() - Extract path/items from AST structure, not raw text
src/bin/review_typeclasses.rs:355: String hacking detected: impl_node.to_string() - Extract path/items from AST structure, not raw text
src/bin/review_typeclasses.rs:370: String hacking detected: syntax.to_string() - Extract path/items from AST structure, not raw text
src/bin/review_typeclasses.rs:383: String hacking detected: ty.syntax().to_string() - Extract path/items from AST structure, not raw text
src/bin/review_typeclasses.rs:391: String hacking detected: body_node.syntax().to_string() - Extract path/items from AST structure, not raw text
src/bin/review_unnecessary_ufcs_and_qualified_paths.rs:59: String hacking detected: use_stmt.syntax().to_string() - Extract path/items from AST structure, not raw text
src/bin/review_unnecessary_ufcs_and_qualified_paths.rs:76: String hacking detected: node.to_string() - Extract path/items from AST structure, not raw text
src/bin/review_where_clause_simplification.rs:71: String hacking detected: where_node.text().to_string() - Extract path/items from AST structure, not raw text

Total violations: 84 files checked, 100 violations found

Completed in 73ms
