Found 31 files with redundant inherent impls:

APAS-AI-copy/apas-ai/apas-ai/src/Chap37/BSTSetBBAlphaMtEph.rs: BSTSetBBAlphaMtEph
APAS-AI-copy/apas-ai/apas-ai/src/Chap37/BSTSetPlainMtEph.rs: BSTSetPlainMtEph
APAS-AI-copy/apas-ai/apas-ai/src/Chap37/BSTSetRBMtEph.rs: BSTSetRBMtEph
APAS-AI-copy/apas-ai/apas-ai/src/Chap37/BSTSetSplayMtEph.rs: BSTSetSplayMtEph
APAS-AI-copy/apas-ai/apas-ai/src/Chap39/BSTParaTreapMtEph.rs: ParamTreap
APAS-AI-copy/apas-ai/apas-ai/src/Chap39/BSTSetTreapMtEph.rs: BSTSetTreapMtEph
APAS-AI-copy/apas-ai/apas-ai/src/Chap39/BSTTreapMtEph.rs: BSTTreapMtEph
APAS-AI-copy/apas-ai/apas-ai/src/Chap40/BSTSizeStEph.rs: BSTSizeStEph
APAS-AI-copy/apas-ai/apas-ai/src/Chap43/AugOrderedTableStEph.rs: AugOrderedTableStEph
APAS-AI-copy/apas-ai/apas-ai/src/Chap43/AugOrderedTableStPer.rs: AugOrderedTableStPer
APAS-AI-copy/apas-ai/apas-ai/src/Chap44/Example44_1.rs: TweetQueryExamples
APAS-AI-copy/apas-ai/apas-ai/src/Chap45/BalancedTreePQ.rs: BalancedTreePQ
APAS-AI-copy/apas-ai/apas-ai/src/Chap45/BinaryHeapPQ.rs: BinaryHeapPQ
APAS-AI-copy/apas-ai/apas-ai/src/Chap47/DoubleHashFlatHashTableStEph.rs: DoubleHashFlatHashTableStEph
APAS-AI-copy/apas-ai/apas-ai/src/Chap49/MinEditDistMtEph.rs: MinEditDistMtEphS
APAS-AI-copy/apas-ai/apas-ai/src/Chap50/Probability.rs: Probability
APAS-AI-copy/apas-ai/apas-ai/src/Chap51/BottomUpDPMtEph.rs: BottomUpDPMtEphS
APAS-AI-copy/apas-ai/apas-ai/src/Chap51/BottomUpDPMtPer.rs: BottomUpDPMtPerS
APAS-AI-copy/apas-ai/apas-ai/src/Chap51/BottomUpDPStEph.rs: BottomUpDPStEphS
APAS-AI-copy/apas-ai/apas-ai/src/Chap51/BottomUpDPStPer.rs: BottomUpDPStPerS
APAS-AI-copy/apas-ai/apas-ai/src/Chap51/TopDownDPMtEph.rs: TopDownDPMtEphS
APAS-AI-copy/apas-ai/apas-ai/src/Chap51/TopDownDPMtPer.rs: TopDownDPMtPerS
APAS-AI-copy/apas-ai/apas-ai/src/Chap51/TopDownDPStEph.rs: TopDownDPStEphS
APAS-AI-copy/apas-ai/apas-ai/src/Chap51/TopDownDPStPer.rs: TopDownDPStPerS
APAS-AI-copy/apas-ai/apas-ai/src/Chap57/StackStEph.rs: StackStEph
APAS-AI-copy/apas-ai/experiments/src/M1.rs: M1
APAS-AI-copy/apas-ai/experiments/src/SwappableModule.rs: MemoryStorage
APAS-AI-copy/experiments/src/M1.rs: M1
APAS-AI-copy/experiments/src/SwappableModule.rs: MemoryStorage
src/logging.rs: ToolLogger
src/visitor.rs: IssueVisitor
Found 82 files with redundant inherent impls:

APAS-AI-copy/apas-ai/apas-ai/src/Chap05/MappingStEph.rs: MappingStEph
APAS-AI-copy/apas-ai/apas-ai/src/Chap05/RelationStEph.rs: RelationStEph
APAS-AI-copy/apas-ai/apas-ai/src/Chap05/SetStEph.rs: SetStEph
APAS-AI-copy/apas-ai/apas-ai/src/Chap06/LabUnDirGraphMtEph.rs: LabUnDirGraphMtEph
APAS-AI-copy/apas-ai/apas-ai/src/Chap06/LabUnDirGraphStEph.rs: LabUnDirGraphStEph
APAS-AI-copy/apas-ai/apas-ai/src/Chap06/UnDirGraphMtEph.rs: UnDirGraphMtEph
APAS-AI-copy/apas-ai/apas-ai/src/Chap06/UnDirGraphStEph.rs: UnDirGraphStEph
APAS-AI-copy/apas-ai/apas-ai/src/Chap12/Exercise12_1.rs: SpinLock
APAS-AI-copy/apas-ai/apas-ai/src/Chap12/Exercise12_5.rs: ConcurrentStackMt
APAS-AI-copy/apas-ai/apas-ai/src/Chap17/MathSeq.rs: MathSeqS
APAS-AI-copy/apas-ai/apas-ai/src/Chap18/ArraySeq.rs: ArraySeqS
APAS-AI-copy/apas-ai/apas-ai/src/Chap18/ArraySeqMtEph.rs: ArraySeqMtEphS
APAS-AI-copy/apas-ai/apas-ai/src/Chap18/ArraySeqMtPer.rs: ArraySeqMtPerS
APAS-AI-copy/apas-ai/apas-ai/src/Chap18/ArraySeqStEph.rs: ArraySeqStEphS
APAS-AI-copy/apas-ai/apas-ai/src/Chap18/ArraySeqStPer.rs: ArraySeqStPerS
APAS-AI-copy/apas-ai/apas-ai/src/Chap19/ArraySeqMtEphSlice.rs: ArraySeqMtEphSliceS
APAS-AI-copy/apas-ai/apas-ai/src/Chap23/PrimTreeSeqSt.rs: PrimTreeSeqStS
APAS-AI-copy/apas-ai/apas-ai/src/Chap37/AVLTreeSeqStPer.rs: AVLTreeSeqStPerS
APAS-AI-copy/apas-ai/apas-ai/src/Chap37/BSTAVLMtEph.rs: BSTAVLMtEph
APAS-AI-copy/apas-ai/apas-ai/src/Chap37/BSTAVLStEph.rs: BSTAVLStEph
APAS-AI-copy/apas-ai/apas-ai/src/Chap37/BSTBBAlphaMtEph.rs: BSTBBAlphaMtEph
APAS-AI-copy/apas-ai/apas-ai/src/Chap37/BSTBBAlphaStEph.rs: BSTBBAlphaStEph
APAS-AI-copy/apas-ai/apas-ai/src/Chap37/BSTRBMtEph.rs: BSTRBMtEph
APAS-AI-copy/apas-ai/apas-ai/src/Chap37/BSTRBStEph.rs: BSTRBStEph
APAS-AI-copy/apas-ai/apas-ai/src/Chap37/BSTSetAVLMtEph.rs: BSTSetAVLMtEph
APAS-AI-copy/apas-ai/apas-ai/src/Chap37/BSTSetBBAlphaMtEph.rs: BSTSetBBAlphaMtEph
APAS-AI-copy/apas-ai/apas-ai/src/Chap37/BSTSetPlainMtEph.rs: BSTSetPlainMtEph
APAS-AI-copy/apas-ai/apas-ai/src/Chap37/BSTSetRBMtEph.rs: BSTSetRBMtEph
APAS-AI-copy/apas-ai/apas-ai/src/Chap37/BSTSetSplayMtEph.rs: BSTSetSplayMtEph
APAS-AI-copy/apas-ai/apas-ai/src/Chap37/BSTSplayMtEph.rs: BSTSplayMtEph
APAS-AI-copy/apas-ai/apas-ai/src/Chap37/BSTSplayStEph.rs: BSTSplayStEph
APAS-AI-copy/apas-ai/apas-ai/src/Chap38/BSTParaMtEph.rs: ParamBST
APAS-AI-copy/apas-ai/apas-ai/src/Chap38/BSTParaStEph.rs: ParamBST
APAS-AI-copy/apas-ai/apas-ai/src/Chap39/BSTParaTreapMtEph.rs: ParamTreap
APAS-AI-copy/apas-ai/apas-ai/src/Chap39/BSTSetTreapMtEph.rs: BSTSetTreapMtEph
APAS-AI-copy/apas-ai/apas-ai/src/Chap39/BSTTreapMtEph.rs: BSTTreapMtEph
APAS-AI-copy/apas-ai/apas-ai/src/Chap39/BSTTreapStEph.rs: BSTTreapStEph
APAS-AI-copy/apas-ai/apas-ai/src/Chap40/BSTKeyValueStEph.rs: BSTKeyValueStEph
APAS-AI-copy/apas-ai/apas-ai/src/Chap40/BSTSizeStEph.rs: BSTSizeStEph
APAS-AI-copy/apas-ai/apas-ai/src/Chap43/AugOrderedTableMtEph.rs: AugOrderedTableMtEph
APAS-AI-copy/apas-ai/apas-ai/src/Chap43/AugOrderedTableStEph.rs: AugOrderedTableStEph
APAS-AI-copy/apas-ai/apas-ai/src/Chap43/AugOrderedTableStPer.rs: AugOrderedTableStPer
APAS-AI-copy/apas-ai/apas-ai/src/Chap44/DocumentIndex.rs: DocumentIndex
APAS-AI-copy/apas-ai/apas-ai/src/Chap44/Example44_1.rs: TweetQueryExamples
APAS-AI-copy/apas-ai/apas-ai/src/Chap45/BalancedTreePQ.rs: BalancedTreePQ
APAS-AI-copy/apas-ai/apas-ai/src/Chap45/BinaryHeapPQ.rs: BinaryHeapPQ
APAS-AI-copy/apas-ai/apas-ai/src/Chap45/LeftistHeapPQ.rs: LeftistHeapPQ
APAS-AI-copy/apas-ai/apas-ai/src/Chap45/SortedListPQ.rs: SortedListPQ
APAS-AI-copy/apas-ai/apas-ai/src/Chap45/UnsortedListPQ.rs: UnsortedListPQ
APAS-AI-copy/apas-ai/apas-ai/src/Chap47/AdvancedDoubleHashing.rs: AdvancedDoubleHashingStrategy
APAS-AI-copy/apas-ai/apas-ai/src/Chap47/AdvancedLinearProbing.rs: AdvancedLinearProbingStrategy
APAS-AI-copy/apas-ai/apas-ai/src/Chap47/AdvancedQuadraticProbing.rs: AdvancedQuadraticProbingStrategy
APAS-AI-copy/apas-ai/apas-ai/src/Chap47/DoubleHashing.rs: DoubleHashingStrategy
APAS-AI-copy/apas-ai/apas-ai/src/Chap47/FlatHashTable.rs: FlatHashTable
APAS-AI-copy/apas-ai/apas-ai/src/Chap47/LinearProbing.rs: LinearProbingStrategy
APAS-AI-copy/apas-ai/apas-ai/src/Chap47/NestedHashTable.rs: NestedHashTable
APAS-AI-copy/apas-ai/apas-ai/src/Chap47/QuadraticProbing.rs: QuadraticProbingStrategy
APAS-AI-copy/apas-ai/apas-ai/src/Chap47clean/DoubleHashFlatHashTableStEph.rs: DoubleHashFlatHashTableStEph
APAS-AI-copy/apas-ai/apas-ai/src/Chap49/MinEditDistMtEph.rs: MinEditDistMtEphS
APAS-AI-copy/apas-ai/apas-ai/src/Chap49/MinEditDistMtPer.rs: MinEditDistMtPerS
APAS-AI-copy/apas-ai/apas-ai/src/Chap49/MinEditDistStEph.rs: MinEditDistStEphS
APAS-AI-copy/apas-ai/apas-ai/src/Chap49/MinEditDistStPer.rs: MinEditDistStPerS
APAS-AI-copy/apas-ai/apas-ai/src/Chap49/SubsetSumMtEph.rs: SubsetSumMtEphS
APAS-AI-copy/apas-ai/apas-ai/src/Chap49/SubsetSumMtPer.rs: SubsetSumMtPerS
APAS-AI-copy/apas-ai/apas-ai/src/Chap49/SubsetSumStEph.rs: SubsetSumStEphS
APAS-AI-copy/apas-ai/apas-ai/src/Chap49/SubsetSumStPer.rs: SubsetSumStPerS
APAS-AI-copy/apas-ai/apas-ai/src/Chap50/Probability.rs: Probability
APAS-AI-copy/apas-ai/apas-ai/src/Chap51/BottomUpDPMtEph.rs: BottomUpDPMtEphS
APAS-AI-copy/apas-ai/apas-ai/src/Chap51/BottomUpDPMtPer.rs: BottomUpDPMtPerS
APAS-AI-copy/apas-ai/apas-ai/src/Chap51/BottomUpDPStEph.rs: BottomUpDPStEphS
APAS-AI-copy/apas-ai/apas-ai/src/Chap51/BottomUpDPStPer.rs: BottomUpDPStPerS
APAS-AI-copy/apas-ai/apas-ai/src/Chap51/TopDownDPMtEph.rs: TopDownDPMtEphS
APAS-AI-copy/apas-ai/apas-ai/src/Chap51/TopDownDPMtPer.rs: TopDownDPMtPerS
APAS-AI-copy/apas-ai/apas-ai/src/Chap51/TopDownDPStEph.rs: TopDownDPStEphS
APAS-AI-copy/apas-ai/apas-ai/src/Chap51/TopDownDPStPer.rs: TopDownDPStPerS
APAS-AI-copy/apas-ai/apas-ai/src/Chap57/StackStEph.rs: StackStEph
APAS-AI-copy/apas-ai/apas-ai/src/Chap65/UnionFindStEph.rs: UnionFindStEph
APAS-AI-copy/apas-ai/experiments/src/SwappableModule.rs: MemoryStorage
APAS-AI-copy/experiments/src/M1.rs: M1
APAS-AI-copy/experiments/src/SwappableModule.rs: MemoryStorage
src/logging.rs: ToolLogger
src/visitor.rs: IssueVisitor
Found 82 files with redundant inherent impls:

APAS-AI-copy/apas-ai/apas-ai/src/Chap05/MappingStEph.rs: MappingStEph
APAS-AI-copy/apas-ai/apas-ai/src/Chap05/RelationStEph.rs: RelationStEph
APAS-AI-copy/apas-ai/apas-ai/src/Chap05/SetStEph.rs: SetStEph
APAS-AI-copy/apas-ai/apas-ai/src/Chap06/LabUnDirGraphMtEph.rs: LabUnDirGraphMtEph
APAS-AI-copy/apas-ai/apas-ai/src/Chap06/LabUnDirGraphStEph.rs: LabUnDirGraphStEph
APAS-AI-copy/apas-ai/apas-ai/src/Chap06/UnDirGraphMtEph.rs: UnDirGraphMtEph
APAS-AI-copy/apas-ai/apas-ai/src/Chap06/UnDirGraphStEph.rs: UnDirGraphStEph
APAS-AI-copy/apas-ai/apas-ai/src/Chap12/Exercise12_1.rs: SpinLock
APAS-AI-copy/apas-ai/apas-ai/src/Chap12/Exercise12_5.rs: ConcurrentStackMt
APAS-AI-copy/apas-ai/apas-ai/src/Chap17/MathSeq.rs: MathSeqS
APAS-AI-copy/apas-ai/apas-ai/src/Chap18/ArraySeq.rs: ArraySeqS
APAS-AI-copy/apas-ai/apas-ai/src/Chap18/ArraySeqMtEph.rs: ArraySeqMtEphS
APAS-AI-copy/apas-ai/apas-ai/src/Chap18/ArraySeqMtPer.rs: ArraySeqMtPerS
APAS-AI-copy/apas-ai/apas-ai/src/Chap18/ArraySeqStEph.rs: ArraySeqStEphS
APAS-AI-copy/apas-ai/apas-ai/src/Chap18/ArraySeqStPer.rs: ArraySeqStPerS
APAS-AI-copy/apas-ai/apas-ai/src/Chap19/ArraySeqMtEphSlice.rs: ArraySeqMtEphSliceS
APAS-AI-copy/apas-ai/apas-ai/src/Chap23/PrimTreeSeqSt.rs: PrimTreeSeqStS
APAS-AI-copy/apas-ai/apas-ai/src/Chap37/AVLTreeSeqStPer.rs: AVLTreeSeqStPerS
APAS-AI-copy/apas-ai/apas-ai/src/Chap37/BSTAVLMtEph.rs: BSTAVLMtEph
APAS-AI-copy/apas-ai/apas-ai/src/Chap37/BSTAVLStEph.rs: BSTAVLStEph
APAS-AI-copy/apas-ai/apas-ai/src/Chap37/BSTBBAlphaMtEph.rs: BSTBBAlphaMtEph
APAS-AI-copy/apas-ai/apas-ai/src/Chap37/BSTBBAlphaStEph.rs: BSTBBAlphaStEph
APAS-AI-copy/apas-ai/apas-ai/src/Chap37/BSTRBMtEph.rs: BSTRBMtEph
APAS-AI-copy/apas-ai/apas-ai/src/Chap37/BSTRBStEph.rs: BSTRBStEph
APAS-AI-copy/apas-ai/apas-ai/src/Chap37/BSTSetAVLMtEph.rs: BSTSetAVLMtEph
APAS-AI-copy/apas-ai/apas-ai/src/Chap37/BSTSetBBAlphaMtEph.rs: BSTSetBBAlphaMtEph
APAS-AI-copy/apas-ai/apas-ai/src/Chap37/BSTSetPlainMtEph.rs: BSTSetPlainMtEph
APAS-AI-copy/apas-ai/apas-ai/src/Chap37/BSTSetRBMtEph.rs: BSTSetRBMtEph
APAS-AI-copy/apas-ai/apas-ai/src/Chap37/BSTSetSplayMtEph.rs: BSTSetSplayMtEph
APAS-AI-copy/apas-ai/apas-ai/src/Chap37/BSTSplayMtEph.rs: BSTSplayMtEph
APAS-AI-copy/apas-ai/apas-ai/src/Chap37/BSTSplayStEph.rs: BSTSplayStEph
APAS-AI-copy/apas-ai/apas-ai/src/Chap38/BSTParaMtEph.rs: ParamBST
APAS-AI-copy/apas-ai/apas-ai/src/Chap38/BSTParaStEph.rs: ParamBST
APAS-AI-copy/apas-ai/apas-ai/src/Chap39/BSTParaTreapMtEph.rs: ParamTreap
APAS-AI-copy/apas-ai/apas-ai/src/Chap39/BSTSetTreapMtEph.rs: BSTSetTreapMtEph
APAS-AI-copy/apas-ai/apas-ai/src/Chap39/BSTTreapMtEph.rs: BSTTreapMtEph
APAS-AI-copy/apas-ai/apas-ai/src/Chap39/BSTTreapStEph.rs: BSTTreapStEph
APAS-AI-copy/apas-ai/apas-ai/src/Chap40/BSTKeyValueStEph.rs: BSTKeyValueStEph
APAS-AI-copy/apas-ai/apas-ai/src/Chap40/BSTSizeStEph.rs: BSTSizeStEph
APAS-AI-copy/apas-ai/apas-ai/src/Chap43/AugOrderedTableMtEph.rs: AugOrderedTableMtEph
APAS-AI-copy/apas-ai/apas-ai/src/Chap43/AugOrderedTableStEph.rs: AugOrderedTableStEph
APAS-AI-copy/apas-ai/apas-ai/src/Chap43/AugOrderedTableStPer.rs: AugOrderedTableStPer
APAS-AI-copy/apas-ai/apas-ai/src/Chap44/DocumentIndex.rs: DocumentIndex
APAS-AI-copy/apas-ai/apas-ai/src/Chap44/Example44_1.rs: TweetQueryExamples
APAS-AI-copy/apas-ai/apas-ai/src/Chap45/BalancedTreePQ.rs: BalancedTreePQ
APAS-AI-copy/apas-ai/apas-ai/src/Chap45/BinaryHeapPQ.rs: BinaryHeapPQ
APAS-AI-copy/apas-ai/apas-ai/src/Chap45/LeftistHeapPQ.rs: LeftistHeapPQ
APAS-AI-copy/apas-ai/apas-ai/src/Chap45/SortedListPQ.rs: SortedListPQ
APAS-AI-copy/apas-ai/apas-ai/src/Chap45/UnsortedListPQ.rs: UnsortedListPQ
APAS-AI-copy/apas-ai/apas-ai/src/Chap47/AdvancedDoubleHashing.rs: AdvancedDoubleHashingStrategy
APAS-AI-copy/apas-ai/apas-ai/src/Chap47/AdvancedLinearProbing.rs: AdvancedLinearProbingStrategy
APAS-AI-copy/apas-ai/apas-ai/src/Chap47/AdvancedQuadraticProbing.rs: AdvancedQuadraticProbingStrategy
APAS-AI-copy/apas-ai/apas-ai/src/Chap47/DoubleHashing.rs: DoubleHashingStrategy
APAS-AI-copy/apas-ai/apas-ai/src/Chap47/FlatHashTable.rs: FlatHashTable
APAS-AI-copy/apas-ai/apas-ai/src/Chap47/LinearProbing.rs: LinearProbingStrategy
APAS-AI-copy/apas-ai/apas-ai/src/Chap47/NestedHashTable.rs: NestedHashTable
APAS-AI-copy/apas-ai/apas-ai/src/Chap47/QuadraticProbing.rs: QuadraticProbingStrategy
APAS-AI-copy/apas-ai/apas-ai/src/Chap47clean/DoubleHashFlatHashTableStEph.rs: DoubleHashFlatHashTableStEph
APAS-AI-copy/apas-ai/apas-ai/src/Chap49/MinEditDistMtEph.rs: MinEditDistMtEphS
APAS-AI-copy/apas-ai/apas-ai/src/Chap49/MinEditDistMtPer.rs: MinEditDistMtPerS
APAS-AI-copy/apas-ai/apas-ai/src/Chap49/MinEditDistStEph.rs: MinEditDistStEphS
APAS-AI-copy/apas-ai/apas-ai/src/Chap49/MinEditDistStPer.rs: MinEditDistStPerS
APAS-AI-copy/apas-ai/apas-ai/src/Chap49/SubsetSumMtEph.rs: SubsetSumMtEphS
APAS-AI-copy/apas-ai/apas-ai/src/Chap49/SubsetSumMtPer.rs: SubsetSumMtPerS
APAS-AI-copy/apas-ai/apas-ai/src/Chap49/SubsetSumStEph.rs: SubsetSumStEphS
APAS-AI-copy/apas-ai/apas-ai/src/Chap49/SubsetSumStPer.rs: SubsetSumStPerS
APAS-AI-copy/apas-ai/apas-ai/src/Chap50/Probability.rs: Probability
APAS-AI-copy/apas-ai/apas-ai/src/Chap51/BottomUpDPMtEph.rs: BottomUpDPMtEphS
APAS-AI-copy/apas-ai/apas-ai/src/Chap51/BottomUpDPMtPer.rs: BottomUpDPMtPerS
APAS-AI-copy/apas-ai/apas-ai/src/Chap51/BottomUpDPStEph.rs: BottomUpDPStEphS
APAS-AI-copy/apas-ai/apas-ai/src/Chap51/BottomUpDPStPer.rs: BottomUpDPStPerS
APAS-AI-copy/apas-ai/apas-ai/src/Chap51/TopDownDPMtEph.rs: TopDownDPMtEphS
APAS-AI-copy/apas-ai/apas-ai/src/Chap51/TopDownDPMtPer.rs: TopDownDPMtPerS
APAS-AI-copy/apas-ai/apas-ai/src/Chap51/TopDownDPStEph.rs: TopDownDPStEphS
APAS-AI-copy/apas-ai/apas-ai/src/Chap51/TopDownDPStPer.rs: TopDownDPStPerS
APAS-AI-copy/apas-ai/apas-ai/src/Chap57/StackStEph.rs: StackStEph
APAS-AI-copy/apas-ai/apas-ai/src/Chap65/UnionFindStEph.rs: UnionFindStEph
APAS-AI-copy/apas-ai/experiments/src/SwappableModule.rs: MemoryStorage
APAS-AI-copy/experiments/src/M1.rs: M1
APAS-AI-copy/experiments/src/SwappableModule.rs: MemoryStorage
src/logging.rs: ToolLogger
src/visitor.rs: IssueVisitor
Found 82 files with redundant inherent impls:

APAS-AI-copy/apas-ai/apas-ai/src/Chap05/MappingStEph.rs: MappingStEph
APAS-AI-copy/apas-ai/apas-ai/src/Chap05/RelationStEph.rs: RelationStEph
APAS-AI-copy/apas-ai/apas-ai/src/Chap05/SetStEph.rs: SetStEph
APAS-AI-copy/apas-ai/apas-ai/src/Chap06/LabUnDirGraphMtEph.rs: LabUnDirGraphMtEph
APAS-AI-copy/apas-ai/apas-ai/src/Chap06/LabUnDirGraphStEph.rs: LabUnDirGraphStEph
APAS-AI-copy/apas-ai/apas-ai/src/Chap06/UnDirGraphMtEph.rs: UnDirGraphMtEph
APAS-AI-copy/apas-ai/apas-ai/src/Chap06/UnDirGraphStEph.rs: UnDirGraphStEph
APAS-AI-copy/apas-ai/apas-ai/src/Chap12/Exercise12_1.rs: SpinLock
APAS-AI-copy/apas-ai/apas-ai/src/Chap12/Exercise12_5.rs: ConcurrentStackMt
APAS-AI-copy/apas-ai/apas-ai/src/Chap17/MathSeq.rs: MathSeqS
APAS-AI-copy/apas-ai/apas-ai/src/Chap18/ArraySeq.rs: ArraySeqS
APAS-AI-copy/apas-ai/apas-ai/src/Chap18/ArraySeqMtEph.rs: ArraySeqMtEphS
APAS-AI-copy/apas-ai/apas-ai/src/Chap18/ArraySeqMtPer.rs: ArraySeqMtPerS
APAS-AI-copy/apas-ai/apas-ai/src/Chap18/ArraySeqStEph.rs: ArraySeqStEphS
APAS-AI-copy/apas-ai/apas-ai/src/Chap18/ArraySeqStPer.rs: ArraySeqStPerS
APAS-AI-copy/apas-ai/apas-ai/src/Chap19/ArraySeqMtEphSlice.rs: ArraySeqMtEphSliceS
APAS-AI-copy/apas-ai/apas-ai/src/Chap23/PrimTreeSeqSt.rs: PrimTreeSeqStS
APAS-AI-copy/apas-ai/apas-ai/src/Chap37/AVLTreeSeqStPer.rs: AVLTreeSeqStPerS
APAS-AI-copy/apas-ai/apas-ai/src/Chap37/BSTAVLMtEph.rs: BSTAVLMtEph
APAS-AI-copy/apas-ai/apas-ai/src/Chap37/BSTAVLStEph.rs: BSTAVLStEph
APAS-AI-copy/apas-ai/apas-ai/src/Chap37/BSTBBAlphaMtEph.rs: BSTBBAlphaMtEph
APAS-AI-copy/apas-ai/apas-ai/src/Chap37/BSTBBAlphaStEph.rs: BSTBBAlphaStEph
APAS-AI-copy/apas-ai/apas-ai/src/Chap37/BSTRBMtEph.rs: BSTRBMtEph
APAS-AI-copy/apas-ai/apas-ai/src/Chap37/BSTRBStEph.rs: BSTRBStEph
APAS-AI-copy/apas-ai/apas-ai/src/Chap37/BSTSetAVLMtEph.rs: BSTSetAVLMtEph
APAS-AI-copy/apas-ai/apas-ai/src/Chap37/BSTSetBBAlphaMtEph.rs: BSTSetBBAlphaMtEph
APAS-AI-copy/apas-ai/apas-ai/src/Chap37/BSTSetPlainMtEph.rs: BSTSetPlainMtEph
APAS-AI-copy/apas-ai/apas-ai/src/Chap37/BSTSetRBMtEph.rs: BSTSetRBMtEph
APAS-AI-copy/apas-ai/apas-ai/src/Chap37/BSTSetSplayMtEph.rs: BSTSetSplayMtEph
APAS-AI-copy/apas-ai/apas-ai/src/Chap37/BSTSplayMtEph.rs: BSTSplayMtEph
APAS-AI-copy/apas-ai/apas-ai/src/Chap37/BSTSplayStEph.rs: BSTSplayStEph
APAS-AI-copy/apas-ai/apas-ai/src/Chap38/BSTParaMtEph.rs: ParamBST
APAS-AI-copy/apas-ai/apas-ai/src/Chap38/BSTParaStEph.rs: ParamBST
APAS-AI-copy/apas-ai/apas-ai/src/Chap39/BSTParaTreapMtEph.rs: ParamTreap
APAS-AI-copy/apas-ai/apas-ai/src/Chap39/BSTSetTreapMtEph.rs: BSTSetTreapMtEph
APAS-AI-copy/apas-ai/apas-ai/src/Chap39/BSTTreapMtEph.rs: BSTTreapMtEph
APAS-AI-copy/apas-ai/apas-ai/src/Chap39/BSTTreapStEph.rs: BSTTreapStEph
APAS-AI-copy/apas-ai/apas-ai/src/Chap40/BSTKeyValueStEph.rs: BSTKeyValueStEph
APAS-AI-copy/apas-ai/apas-ai/src/Chap40/BSTSizeStEph.rs: BSTSizeStEph
APAS-AI-copy/apas-ai/apas-ai/src/Chap43/AugOrderedTableMtEph.rs: AugOrderedTableMtEph
APAS-AI-copy/apas-ai/apas-ai/src/Chap43/AugOrderedTableStEph.rs: AugOrderedTableStEph
APAS-AI-copy/apas-ai/apas-ai/src/Chap43/AugOrderedTableStPer.rs: AugOrderedTableStPer
APAS-AI-copy/apas-ai/apas-ai/src/Chap44/DocumentIndex.rs: DocumentIndex
APAS-AI-copy/apas-ai/apas-ai/src/Chap44/Example44_1.rs: TweetQueryExamples
APAS-AI-copy/apas-ai/apas-ai/src/Chap45/BalancedTreePQ.rs: BalancedTreePQ
APAS-AI-copy/apas-ai/apas-ai/src/Chap45/BinaryHeapPQ.rs: BinaryHeapPQ
APAS-AI-copy/apas-ai/apas-ai/src/Chap45/LeftistHeapPQ.rs: LeftistHeapPQ
APAS-AI-copy/apas-ai/apas-ai/src/Chap45/SortedListPQ.rs: SortedListPQ
APAS-AI-copy/apas-ai/apas-ai/src/Chap45/UnsortedListPQ.rs: UnsortedListPQ
APAS-AI-copy/apas-ai/apas-ai/src/Chap47/AdvancedDoubleHashing.rs: AdvancedDoubleHashingStrategy
APAS-AI-copy/apas-ai/apas-ai/src/Chap47/AdvancedLinearProbing.rs: AdvancedLinearProbingStrategy
APAS-AI-copy/apas-ai/apas-ai/src/Chap47/AdvancedQuadraticProbing.rs: AdvancedQuadraticProbingStrategy
APAS-AI-copy/apas-ai/apas-ai/src/Chap47/DoubleHashing.rs: DoubleHashingStrategy
APAS-AI-copy/apas-ai/apas-ai/src/Chap47/FlatHashTable.rs: FlatHashTable
APAS-AI-copy/apas-ai/apas-ai/src/Chap47/LinearProbing.rs: LinearProbingStrategy
APAS-AI-copy/apas-ai/apas-ai/src/Chap47/NestedHashTable.rs: NestedHashTable
APAS-AI-copy/apas-ai/apas-ai/src/Chap47/QuadraticProbing.rs: QuadraticProbingStrategy
APAS-AI-copy/apas-ai/apas-ai/src/Chap47clean/DoubleHashFlatHashTableStEph.rs: DoubleHashFlatHashTableStEph
APAS-AI-copy/apas-ai/apas-ai/src/Chap49/MinEditDistMtEph.rs: MinEditDistMtEphS
APAS-AI-copy/apas-ai/apas-ai/src/Chap49/MinEditDistMtPer.rs: MinEditDistMtPerS
APAS-AI-copy/apas-ai/apas-ai/src/Chap49/MinEditDistStEph.rs: MinEditDistStEphS
APAS-AI-copy/apas-ai/apas-ai/src/Chap49/MinEditDistStPer.rs: MinEditDistStPerS
APAS-AI-copy/apas-ai/apas-ai/src/Chap49/SubsetSumMtEph.rs: SubsetSumMtEphS
APAS-AI-copy/apas-ai/apas-ai/src/Chap49/SubsetSumMtPer.rs: SubsetSumMtPerS
APAS-AI-copy/apas-ai/apas-ai/src/Chap49/SubsetSumStEph.rs: SubsetSumStEphS
APAS-AI-copy/apas-ai/apas-ai/src/Chap49/SubsetSumStPer.rs: SubsetSumStPerS
APAS-AI-copy/apas-ai/apas-ai/src/Chap50/Probability.rs: Probability
APAS-AI-copy/apas-ai/apas-ai/src/Chap51/BottomUpDPMtEph.rs: BottomUpDPMtEphS
APAS-AI-copy/apas-ai/apas-ai/src/Chap51/BottomUpDPMtPer.rs: BottomUpDPMtPerS
APAS-AI-copy/apas-ai/apas-ai/src/Chap51/BottomUpDPStEph.rs: BottomUpDPStEphS
APAS-AI-copy/apas-ai/apas-ai/src/Chap51/BottomUpDPStPer.rs: BottomUpDPStPerS
APAS-AI-copy/apas-ai/apas-ai/src/Chap51/TopDownDPMtEph.rs: TopDownDPMtEphS
APAS-AI-copy/apas-ai/apas-ai/src/Chap51/TopDownDPMtPer.rs: TopDownDPMtPerS
APAS-AI-copy/apas-ai/apas-ai/src/Chap51/TopDownDPStEph.rs: TopDownDPStEphS
APAS-AI-copy/apas-ai/apas-ai/src/Chap51/TopDownDPStPer.rs: TopDownDPStPerS
APAS-AI-copy/apas-ai/apas-ai/src/Chap57/StackStEph.rs: StackStEph
APAS-AI-copy/apas-ai/apas-ai/src/Chap65/UnionFindStEph.rs: UnionFindStEph
APAS-AI-copy/apas-ai/experiments/src/SwappableModule.rs: MemoryStorage
APAS-AI-copy/experiments/src/M1.rs: M1
APAS-AI-copy/experiments/src/SwappableModule.rs: MemoryStorage
src/logging.rs: ToolLogger
src/visitor.rs: IssueVisitor
No redundant inherent impls found.
