Entering directory '/home/milnes/projects/rusticate'

✓ No 'extern crate' usage found

Summary: 120 files checked, 0 files with violations, 0 total violations
Completed in 98ms
Entering directory '/home/milnes/projects/rusticate'

✓ No 'extern crate' usage found

Summary: 120 files checked, 0 files with violations, 0 total violations
Completed in 101ms
Entering directory '/home/milnes/projects/rusticate'

✓ No 'extern crate' usage found

Summary: 120 files checked, 0 files with violations, 0 total violations
Completed in 70ms
Entering directory '/home/milnes/projects/rusticate'

✓ No 'extern crate' usage found

Summary: 120 files checked, 0 files with violations, 0 total violations
Completed in 71ms
Entering directory 'src/bin'

✓ No 'extern crate' usage found

Summary: 2 files checked, 0 files with violations, 0 total violations
Completed in 1ms
Entering directory 'src/bin'

✓ No 'extern crate' usage found

Summary: 1 files checked, 0 files with violations, 0 total violations
Completed in 0ms
Entering directory 'src/bin'

✓ No 'extern crate' usage found

Summary: 1 files checked, 0 files with violations, 0 total violations
Completed in 0ms
Entering directory '/home/milnes/projects/rusticate'

✓ No 'extern crate' usage found

Summary: 122 files checked, 0 files with violations, 0 total violations
Completed in 69ms
Entering directory 'src/bin'

✓ No 'extern crate' usage found

Summary: 1 files checked, 0 files with violations, 0 total violations
Completed in 0ms
Entering directory '/home/milnes/projects/rusticate'

✓ No 'extern crate' usage found

Summary: 122 files checked, 0 files with violations, 0 total violations
Completed in 66ms
