Entering directory '/home/milnes/projects/rusticate'

✓ All implementations are in correct order

Summary: 87 files checked, 0 violations
Completed in 86ms
Entering directory '/home/milnes/projects/rusticate'

✓ All implementations are in correct order

Summary: 87 files checked, 0 violations
Completed in 105ms
Entering directory '/home/milnes/projects/rusticate'

✓ All implementations are in correct order

Summary: 87 files checked, 0 violations
Completed in 68ms
Entering directory '/home/milnes/projects/rusticate'

✓ All implementations are in correct order

Summary: 87 files checked, 0 violations
Completed in 68ms
Entering directory 'src/bin'

✓ No src/ directories to check
Completed in 0ms
Entering directory 'src/bin'

✓ No src/ directories to check
Completed in 0ms
Entering directory 'src/bin'

✓ No src/ directories to check
Completed in 0ms
Entering directory 'src/bin'

✓ No src/ directories to check
Completed in 0ms
Entering directory 'src/bin'

✓ No src/ directories to check
Completed in 0ms
Entering directory '/home/milnes/projects/rusticate'

✓ All implementations are in correct order

Summary: 89 files checked, 0 violations
Completed in 67ms
Entering directory 'src/bin'

✓ No src/ directories to check
Completed in 0ms
