Entering directory '/home/milnes/projects/rusticate'

✓ No stub delegation found in 817 file(s)
Completed in 624ms
Entering directory '/home/milnes/projects/rusticate'

APAS-AI-copy/apas-ai/apas-ai/src/Chap05/SetStEph.rs:103: SetStEph - inherent impl with 10 overlapping methods
APAS-AI-copy/apas-ai/apas-ai/src/Chap05/SetStEph.rs:172: SetStEph - trait impl SetStEphTrait<T> with 10 overlapping methods
  IDENTICAL (10): union:m, mem:m, intersection:m, insert:m, iter:m, FromVec:f, size:m, partition:m, empty:f, singleton:f
APAS-AI-copy/apas-ai/apas-ai/src/Chap12/Exercise12_1.rs:29: SpinLock - inherent impl with 3 overlapping methods
APAS-AI-copy/apas-ai/apas-ai/src/Chap12/Exercise12_1.rs:66: SpinLock - trait impl SpinLockTrait with 3 overlapping methods
  DIFFERENT (3): lock:m (11.6%), new:f (26.6%), unlock:m (16.3%)
APAS-AI-copy/apas-ai/apas-ai/src/Chap18/ArraySeq.rs:112: ArraySeqS - inherent impl with 10 overlapping methods
APAS-AI-copy/apas-ai/apas-ai/src/Chap18/ArraySeq.rs:187: ArraySeqS - trait impl ArraySeq<T> with 10 overlapping methods
  DIFFERENT (10): subseq:m (12.0%), length:m (28.0%), isEmpty:m (34.6%), nth:m (32.1%), empty:f (48.5%), update:m (24.1%), new:f (27.1%), singleton:f (57.6%), set:m (22.1%), isSingleton:m (23.3%)
APAS-AI-copy/apas-ai/apas-ai/src/Chap18/ArraySeqMtEph.rs:22: ArraySeqMtEphS - inherent impl with 7 overlapping methods
APAS-AI-copy/apas-ai/apas-ai/src/Chap18/ArraySeqMtEph.rs:171: ArraySeqMtEphS - trait impl ArraySeqMtEphTrait<T> with 7 overlapping methods
  DIFFERENT (7): nth_cloned:m (21.1%), new:f (58.8%), set:m (14.4%), singleton:f (63.2%), subseq_copy:m (12.0%), empty:f (33.8%), length:m (18.8%)
APAS-AI-copy/apas-ai/apas-ai/src/Chap18/ArraySeqMtPer.rs:24: ArraySeqMtPerS - inherent impl with 6 overlapping methods
APAS-AI-copy/apas-ai/apas-ai/src/Chap18/ArraySeqMtPer.rs:194: ArraySeqMtPerS - trait impl ArraySeqMtPerTrait<T> with 6 overlapping methods
  DIFFERENT (6): empty:f (41.5%), subseq_copy:m (12.8%), length:m (26.7%), new:f (18.5%), singleton:f (63.2%), nth:m (27.3%)
APAS-AI-copy/apas-ai/apas-ai/src/Chap18/ArraySeqStEph.rs:21: ArraySeqStEphS - inherent impl with 9 overlapping methods
APAS-AI-copy/apas-ai/apas-ai/src/Chap18/ArraySeqStEph.rs:180: ArraySeqStEphS - trait impl ArraySeqStEphTrait<T> with 9 overlapping methods
  DIFFERENT (9): new:f (26.8%), nth:m (27.3%), empty:f (17.9%), singleton:f (27.3%), subseq:m (13.0%), set:m (20.9%), length:m (26.7%), inject:m (10.5%), update:m (16.2%)
APAS-AI-copy/apas-ai/apas-ai/src/Chap18/ArraySeqStPer.rs:20: ArraySeqStPerS - inherent impl with 6 overlapping methods
APAS-AI-copy/apas-ai/apas-ai/src/Chap18/ArraySeqStPer.rs:142: ArraySeqStPerS - trait impl ArraySeqStPerTrait<T> with 6 overlapping methods
  DIFFERENT (6): new:f (29.3%), nth:m (27.3%), length:m (26.7%), singleton:f (30.3%), subseq_copy:m (11.3%), empty:f (17.9%)
APAS-AI-copy/apas-ai/apas-ai/src/Chap18/LinkedListStEph.rs:25: LinkedListStEphS - inherent impl with 7 overlapping methods
APAS-AI-copy/apas-ai/apas-ai/src/Chap18/LinkedListStEph.rs:254: LinkedListStEphS - trait impl LinkedListStEphTrait<T> with 7 overlapping methods
  DIFFERENT (7): new:f (60.4%), set:m (19.6%), subseq_copy:m (8.9%), empty:f (57.1%), nth:m (18.3%), length:m (18.8%), singleton:f (65.0%)
APAS-AI-copy/apas-ai/apas-ai/src/Chap18/LinkedListStPer.rs:97: LinkedListStPerS - inherent impl with 6 overlapping methods
APAS-AI-copy/apas-ai/apas-ai/src/Chap18/LinkedListStPer.rs:174: LinkedListStPerS - trait impl LinkedListStPerTrait<T> with 6 overlapping methods
  DIFFERENT (6): empty:f (57.1%), nth:m (18.3%), new:f (60.4%), singleton:f (65.0%), length:m (21.9%), subseq_copy:m (8.9%)
APAS-AI-copy/apas-ai/apas-ai/src/Chap23/BalBinTreeStEph.rs:50: BalBinTree - inherent impl with 7 overlapping methods
APAS-AI-copy/apas-ai/apas-ai/src/Chap23/BalBinTreeStEph.rs:109: BalBinTree - trait impl BalBinTreeStEphTrait<T> with 7 overlapping methods
  HIGH SIMILARITY (1): leaf:f (85.0%)
  DIFFERENT (6): is_leaf:m (27.7%), in_order:m (7.0%), pre_order:m (7.2%), node:f (57.1%), height:m (17.6%), size:m (21.9%)
APAS-AI-copy/apas-ai/apas-ai/src/Chap23/PrimTreeSeqSt.rs:62: PrimTreeSeqStS - inherent impl with 8 overlapping methods
APAS-AI-copy/apas-ai/apas-ai/src/Chap23/PrimTreeSeqSt.rs:125: PrimTreeSeqStS - trait impl PrimTreeSeqStTrait<T> with 8 overlapping methods
  IDENTICAL (8): singleton:f, as_slice:m, length:m, empty:f, into_vec:m, join:f, expose:m, from_vec:f
APAS-AI-copy/apas-ai/apas-ai/src/Chap37/AVLTreeSeq.rs:92: AVLTreeS - inherent impl with 1 overlapping methods
APAS-AI-copy/apas-ai/apas-ai/src/Chap37/AVLTreeSeq.rs:201: AVLTreeS - trait impl AVLTreeSeq<T> with 1 overlapping methods
  DIFFERENT (1): new:f (68.2%)
APAS-AI-copy/apas-ai/apas-ai/src/Chap37/AVLTreeSeqStEph.rs:69: AVLTreeSeqStEphS - inherent impl with 1 overlapping methods
APAS-AI-copy/apas-ai/apas-ai/src/Chap37/AVLTreeSeqStEph.rs:146: AVLTreeSeqStEphS - trait impl AVLTreeSeqStEphTrait<T> with 1 overlapping methods
  DIFFERENT (1): new:f (53.3%)
APAS-AI-copy/apas-ai/apas-ai/src/Chap37/BSTBBAlphaStEph.rs:69: BSTBBAlphaStEph - inherent impl with 4 overlapping methods
APAS-AI-copy/apas-ai/apas-ai/src/Chap37/BSTBBAlphaStEph.rs:217: BSTBBAlphaStEph - trait impl BSTBBAlphaStEphTrait<T> with 4 overlapping methods
  IDENTICAL (3): height:m, pre_order:m, in_order:m
  DIFFERENT (1): insert:m (27.5%)
APAS-AI-copy/apas-ai/apas-ai/src/Chap37/BSTSetAVLMtEph.rs:62: BSTSetAVLMtEph - inherent impl with 20 overlapping methods
APAS-AI-copy/apas-ai/apas-ai/src/Chap37/BSTSetAVLMtEph.rs:221: BSTSetAVLMtEph - trait impl BSTSetAVLMtEphTrait<T> with 20 overlapping methods
  IDENTICAL (9): iter_in_order:m, is_empty:m, minimum:m, find:m, maximum:m, size:m, insert:m, contains:m, as_tree:m
  STUB DELEGATION (2): empty:f, singleton:f
  DIFFERENT (9): reduce:m (20.5%), intersection:m (13.0%), split:m (8.4%), delete:m (13.0%), union:m (14.2%), join_pair:f (14.3%), join_m:f (14.1%), difference:m (12.5%), filter:m (16.2%)
APAS-AI-copy/apas-ai/apas-ai/src/Chap37/BSTSetBBAlphaMtEph.rs:62: BSTSetBBAlphaMtEph - inherent impl with 20 overlapping methods
APAS-AI-copy/apas-ai/apas-ai/src/Chap37/BSTSetBBAlphaMtEph.rs:221: BSTSetBBAlphaMtEph - trait impl BSTSetBBAlphaMtEphTrait<T> with 20 overlapping methods
  IDENTICAL (9): minimum:m, is_empty:m, maximum:m, insert:m, iter_in_order:m, size:m, contains:m, as_tree:m, find:m
  STUB DELEGATION (2): singleton:f, empty:f
  DIFFERENT (9): union:m (14.9%), intersection:m (13.4%), difference:m (12.9%), join_pair:f (14.9%), delete:m (14.4%), join_m:f (14.7%), reduce:m (19.2%), filter:m (16.2%), split:m (8.4%)
APAS-AI-copy/apas-ai/apas-ai/src/Chap37/BSTSetPlainMtEph.rs:62: BSTSetPlainMtEph - inherent impl with 20 overlapping methods
APAS-AI-copy/apas-ai/apas-ai/src/Chap37/BSTSetPlainMtEph.rs:221: BSTSetPlainMtEph - trait impl BSTSetPlainMtEphTrait<T> with 20 overlapping methods
  IDENTICAL (16): size:m, minimum:m, delete:m, is_empty:m, find:m, union:m, maximum:m, contains:m, join_m:f, as_tree:m, insert:m, join_pair:f, iter_in_order:m, difference:m, split:m, intersection:m
  STUB DELEGATION (4): filter:m, empty:f, reduce:m, singleton:f
APAS-AI-copy/apas-ai/apas-ai/src/Chap37/BSTSetRBMtEph.rs:62: BSTSetRBMtEph - inherent impl with 20 overlapping methods
APAS-AI-copy/apas-ai/apas-ai/src/Chap37/BSTSetRBMtEph.rs:221: BSTSetRBMtEph - trait impl BSTSetRBMtEphTrait<T> with 20 overlapping methods
  IDENTICAL (9): size:m, find:m, minimum:m, as_tree:m, contains:m, insert:m, iter_in_order:m, maximum:m, is_empty:m
  STUB DELEGATION (2): empty:f, singleton:f
  DIFFERENT (9): split:m (8.0%), difference:m (12.5%), union:m (14.2%), intersection:m (13.0%), delete:m (13.0%), join_pair:f (14.3%), join_m:f (14.1%), filter:m (16.2%), reduce:m (20.5%)
APAS-AI-copy/apas-ai/apas-ai/src/Chap37/BSTSetSplayMtEph.rs:62: BSTSetSplayMtEph - inherent impl with 20 overlapping methods
APAS-AI-copy/apas-ai/apas-ai/src/Chap37/BSTSetSplayMtEph.rs:221: BSTSetSplayMtEph - trait impl BSTSetSplayMtEphTrait<T> with 20 overlapping methods
  IDENTICAL (9): find:m, insert:m, maximum:m, is_empty:m, size:m, contains:m, iter_in_order:m, as_tree:m, minimum:m
  STUB DELEGATION (2): singleton:f, empty:f
  DIFFERENT (9): delete:m (15.1%), reduce:m (19.2%), join_pair:f (14.9%), join_m:f (14.7%), intersection:m (13.4%), difference:m (12.9%), filter:m (16.2%), split:m (8.4%), union:m (14.9%)
APAS-AI-copy/apas-ai/apas-ai/src/Chap38/BSTParaMtEph.rs:84: ParamBST - inherent impl with 1 overlapping methods
APAS-AI-copy/apas-ai/apas-ai/src/Chap38/BSTParaMtEph.rs:286: ParamBST - trait impl ParamBSTTrait<T> with 1 overlapping methods
  DIFFERENT (1): join_mid:f (10.9%)
APAS-AI-copy/apas-ai/apas-ai/src/Chap38/BSTParaStEph.rs:62: ParamBST - inherent impl with 1 overlapping methods
APAS-AI-copy/apas-ai/apas-ai/src/Chap38/BSTParaStEph.rs:149: ParamBST - trait impl ParamBSTTrait<T> with 1 overlapping methods
  DIFFERENT (1): join_mid:f (10.9%)
APAS-AI-copy/apas-ai/apas-ai/src/Chap39/BSTParaTreapMtEph.rs:67: ParamTreap - inherent impl with 1 overlapping methods
APAS-AI-copy/apas-ai/apas-ai/src/Chap39/BSTParaTreapMtEph.rs:342: ParamTreap - trait impl ParamTreapTrait<T> with 1 overlapping methods
  DIFFERENT (1): join_mid:f (14.7%)
APAS-AI-copy/apas-ai/apas-ai/src/Chap39/BSTSetTreapMtEph.rs:62: BSTSetTreapMtEph - inherent impl with 20 overlapping methods
APAS-AI-copy/apas-ai/apas-ai/src/Chap39/BSTSetTreapMtEph.rs:221: BSTSetTreapMtEph - trait impl BSTSetTreapMtEphTrait<T> with 20 overlapping methods
  IDENTICAL (9): size:m, minimum:m, is_empty:m, contains:m, insert:m, iter_in_order:m, as_tree:m, maximum:m, find:m
  STUB DELEGATION (2): empty:f, singleton:f
  DIFFERENT (9): split:m (9.1%), difference:m (13.4%), union:m (15.5%), join_pair:f (15.6%), delete:m (14.4%), intersection:m (13.9%), filter:m (17.6%), reduce:m (21.9%), join_m:f (15.3%)
APAS-AI-copy/apas-ai/apas-ai/src/Chap47clean/StructChainedHashTable.rs:25: ChainList - inherent impl with 1 overlapping methods
APAS-AI-copy/apas-ai/apas-ai/src/Chap47clean/StructChainedHashTable.rs:29: ChainList - trait impl EntryTrait<Key, Value> with 1 overlapping methods
  DIFFERENT (1): new:f (54.5%)
APAS-AI-copy/apas-ai/apas-ai/src/Chap65/UnionFindStEph.rs:45: UnionFindStEph - inherent impl with 6 overlapping methods
APAS-AI-copy/apas-ai/apas-ai/src/Chap65/UnionFindStEph.rs:165: UnionFindStEph - trait impl UnionFindStEphTrait<V> with 6 overlapping methods
  IDENTICAL (4): insert:m, equals:m, new:f, num_sets:m
  DIFFERENT (2): union:m (76.8%), find:m (77.1%)

================================================================================
PARETO ANALYSIS: DUPLICATION PATTERNS
================================================================================
114    ( 53.0%, cumulative  53.0%): DIFFERENT (<80% similar)
86     ( 40.0%, cumulative  93.0%): IDENTICAL (exact duplication)
14     (  6.5%, cumulative  99.5%): STUB DELEGATION (one calls other)
1      (  0.5%, cumulative 100.0%): HIGH SIMILARITY (>80%)
--------------------------------------------------------------------------------
TOTAL OVERLAPPING: 215 (153 methods :m, 62 functions :f)

✗ Found 25 stub delegation violations in 876 file(s)
Completed in 827ms
Entering directory '/home/milnes/projects/rusticate'

APAS-AI-copy/apas-ai/apas-ai/src/Chap05/SetStEph.rs:103: SetStEph - inherent impl with 10 overlapping methods
APAS-AI-copy/apas-ai/apas-ai/src/Chap05/SetStEph.rs:172: SetStEph - trait impl SetStEphTrait<T> with 10 overlapping methods
  IDENTICAL (10): empty:f, iter:m, FromVec:f, intersection:m, insert:m, singleton:f, union:m, size:m, mem:m, partition:m
APAS-AI-copy/apas-ai/apas-ai/src/Chap12/Exercise12_1.rs:29: SpinLock - inherent impl with 3 overlapping methods
APAS-AI-copy/apas-ai/apas-ai/src/Chap12/Exercise12_1.rs:66: SpinLock - trait impl SpinLockTrait with 3 overlapping methods
  DIFFERENT (3): unlock:m (16.3%), new:f (26.6%), lock:m (11.6%)
APAS-AI-copy/apas-ai/apas-ai/src/Chap18/ArraySeq.rs:112: ArraySeqS - inherent impl with 10 overlapping methods
APAS-AI-copy/apas-ai/apas-ai/src/Chap18/ArraySeq.rs:187: ArraySeqS - trait impl ArraySeq<T> with 10 overlapping methods
  DIFFERENT (10): isEmpty:m (34.6%), update:m (24.1%), nth:m (32.1%), subseq:m (12.0%), new:f (27.1%), singleton:f (57.6%), length:m (28.0%), isSingleton:m (23.3%), empty:f (48.5%), set:m (22.1%)
APAS-AI-copy/apas-ai/apas-ai/src/Chap18/ArraySeqMtEph.rs:22: ArraySeqMtEphS - inherent impl with 7 overlapping methods
APAS-AI-copy/apas-ai/apas-ai/src/Chap18/ArraySeqMtEph.rs:171: ArraySeqMtEphS - trait impl ArraySeqMtEphTrait<T> with 7 overlapping methods
  DIFFERENT (7): subseq_copy:m (12.0%), empty:f (33.8%), singleton:f (63.2%), set:m (14.4%), length:m (18.8%), nth_cloned:m (21.1%), new:f (58.8%)
APAS-AI-copy/apas-ai/apas-ai/src/Chap18/ArraySeqMtPer.rs:24: ArraySeqMtPerS - inherent impl with 6 overlapping methods
APAS-AI-copy/apas-ai/apas-ai/src/Chap18/ArraySeqMtPer.rs:194: ArraySeqMtPerS - trait impl ArraySeqMtPerTrait<T> with 6 overlapping methods
  DIFFERENT (6): empty:f (41.5%), new:f (18.5%), subseq_copy:m (12.8%), singleton:f (63.2%), length:m (26.7%), nth:m (27.3%)
APAS-AI-copy/apas-ai/apas-ai/src/Chap18/ArraySeqStEph.rs:21: ArraySeqStEphS - inherent impl with 9 overlapping methods
APAS-AI-copy/apas-ai/apas-ai/src/Chap18/ArraySeqStEph.rs:180: ArraySeqStEphS - trait impl ArraySeqStEphTrait<T> with 9 overlapping methods
  DIFFERENT (9): nth:m (27.3%), new:f (26.8%), inject:m (10.5%), subseq:m (13.0%), set:m (20.9%), length:m (26.7%), update:m (16.2%), singleton:f (27.3%), empty:f (17.9%)
APAS-AI-copy/apas-ai/apas-ai/src/Chap18/ArraySeqStPer.rs:20: ArraySeqStPerS - inherent impl with 6 overlapping methods
APAS-AI-copy/apas-ai/apas-ai/src/Chap18/ArraySeqStPer.rs:142: ArraySeqStPerS - trait impl ArraySeqStPerTrait<T> with 6 overlapping methods
  DIFFERENT (6): new:f (29.3%), singleton:f (30.3%), nth:m (27.3%), empty:f (17.9%), length:m (26.7%), subseq_copy:m (11.3%)
APAS-AI-copy/apas-ai/apas-ai/src/Chap18/LinkedListStEph.rs:25: LinkedListStEphS - inherent impl with 7 overlapping methods
APAS-AI-copy/apas-ai/apas-ai/src/Chap18/LinkedListStEph.rs:254: LinkedListStEphS - trait impl LinkedListStEphTrait<T> with 7 overlapping methods
  DIFFERENT (7): length:m (18.8%), set:m (19.6%), singleton:f (65.0%), subseq_copy:m (8.9%), empty:f (57.1%), new:f (60.4%), nth:m (18.3%)
APAS-AI-copy/apas-ai/apas-ai/src/Chap18/LinkedListStPer.rs:97: LinkedListStPerS - inherent impl with 6 overlapping methods
APAS-AI-copy/apas-ai/apas-ai/src/Chap18/LinkedListStPer.rs:174: LinkedListStPerS - trait impl LinkedListStPerTrait<T> with 6 overlapping methods
  DIFFERENT (6): nth:m (18.3%), subseq_copy:m (8.9%), empty:f (57.1%), length:m (21.9%), singleton:f (65.0%), new:f (60.4%)
APAS-AI-copy/apas-ai/apas-ai/src/Chap23/BalBinTreeStEph.rs:50: BalBinTree - inherent impl with 7 overlapping methods
APAS-AI-copy/apas-ai/apas-ai/src/Chap23/BalBinTreeStEph.rs:109: BalBinTree - trait impl BalBinTreeStEphTrait<T> with 7 overlapping methods
  HIGH SIMILARITY (1): leaf:f (85.0%)
  DIFFERENT (6): in_order:m (7.0%), node:f (57.1%), pre_order:m (7.2%), is_leaf:m (27.7%), height:m (17.6%), size:m (21.9%)
APAS-AI-copy/apas-ai/apas-ai/src/Chap23/PrimTreeSeqSt.rs:62: PrimTreeSeqStS - inherent impl with 8 overlapping methods
APAS-AI-copy/apas-ai/apas-ai/src/Chap23/PrimTreeSeqSt.rs:125: PrimTreeSeqStS - trait impl PrimTreeSeqStTrait<T> with 8 overlapping methods
  IDENTICAL (8): empty:f, expose:m, as_slice:m, from_vec:f, length:m, into_vec:m, singleton:f, join:f
APAS-AI-copy/apas-ai/apas-ai/src/Chap37/AVLTreeSeq.rs:92: AVLTreeS - inherent impl with 1 overlapping methods
APAS-AI-copy/apas-ai/apas-ai/src/Chap37/AVLTreeSeq.rs:201: AVLTreeS - trait impl AVLTreeSeq<T> with 1 overlapping methods
  DIFFERENT (1): new:f (68.2%)
APAS-AI-copy/apas-ai/apas-ai/src/Chap37/AVLTreeSeqStEph.rs:69: AVLTreeSeqStEphS - inherent impl with 1 overlapping methods
APAS-AI-copy/apas-ai/apas-ai/src/Chap37/AVLTreeSeqStEph.rs:146: AVLTreeSeqStEphS - trait impl AVLTreeSeqStEphTrait<T> with 1 overlapping methods
  DIFFERENT (1): new:f (53.3%)
APAS-AI-copy/apas-ai/apas-ai/src/Chap37/BSTBBAlphaStEph.rs:69: BSTBBAlphaStEph - inherent impl with 4 overlapping methods
APAS-AI-copy/apas-ai/apas-ai/src/Chap37/BSTBBAlphaStEph.rs:217: BSTBBAlphaStEph - trait impl BSTBBAlphaStEphTrait<T> with 4 overlapping methods
  IDENTICAL (3): pre_order:m, height:m, in_order:m
  DIFFERENT (1): insert:m (27.5%)
APAS-AI-copy/apas-ai/apas-ai/src/Chap37/BSTSetAVLMtEph.rs:62: BSTSetAVLMtEph - inherent impl with 20 overlapping methods
APAS-AI-copy/apas-ai/apas-ai/src/Chap37/BSTSetAVLMtEph.rs:221: BSTSetAVLMtEph - trait impl BSTSetAVLMtEphTrait<T> with 20 overlapping methods
  IDENTICAL (9): find:m, minimum:m, contains:m, insert:m, is_empty:m, iter_in_order:m, as_tree:m, maximum:m, size:m
  STUB DELEGATION (2): singleton:f, empty:f
  DIFFERENT (9): delete:m (13.0%), reduce:m (20.5%), intersection:m (13.0%), difference:m (12.5%), join_m:f (14.1%), join_pair:f (14.3%), filter:m (16.2%), union:m (14.2%), split:m (8.4%)
APAS-AI-copy/apas-ai/apas-ai/src/Chap37/BSTSetBBAlphaMtEph.rs:62: BSTSetBBAlphaMtEph - inherent impl with 20 overlapping methods
APAS-AI-copy/apas-ai/apas-ai/src/Chap37/BSTSetBBAlphaMtEph.rs:221: BSTSetBBAlphaMtEph - trait impl BSTSetBBAlphaMtEphTrait<T> with 20 overlapping methods
  IDENTICAL (9): contains:m, iter_in_order:m, is_empty:m, find:m, maximum:m, insert:m, as_tree:m, size:m, minimum:m
  STUB DELEGATION (2): singleton:f, empty:f
  DIFFERENT (9): join_pair:f (14.9%), split:m (8.4%), delete:m (14.4%), join_m:f (14.7%), filter:m (16.2%), reduce:m (19.2%), union:m (14.9%), difference:m (12.9%), intersection:m (13.4%)
APAS-AI-copy/apas-ai/apas-ai/src/Chap37/BSTSetPlainMtEph.rs:62: BSTSetPlainMtEph - inherent impl with 20 overlapping methods
APAS-AI-copy/apas-ai/apas-ai/src/Chap37/BSTSetPlainMtEph.rs:221: BSTSetPlainMtEph - trait impl BSTSetPlainMtEphTrait<T> with 20 overlapping methods
  IDENTICAL (16): join_m:f, contains:m, split:m, find:m, maximum:m, delete:m, union:m, join_pair:f, iter_in_order:m, is_empty:m, insert:m, intersection:m, difference:m, minimum:m, as_tree:m, size:m
  STUB DELEGATION (4): filter:m, reduce:m, singleton:f, empty:f
APAS-AI-copy/apas-ai/apas-ai/src/Chap37/BSTSetRBMtEph.rs:62: BSTSetRBMtEph - inherent impl with 20 overlapping methods
APAS-AI-copy/apas-ai/apas-ai/src/Chap37/BSTSetRBMtEph.rs:221: BSTSetRBMtEph - trait impl BSTSetRBMtEphTrait<T> with 20 overlapping methods
  IDENTICAL (9): iter_in_order:m, is_empty:m, size:m, as_tree:m, find:m, maximum:m, insert:m, minimum:m, contains:m
  STUB DELEGATION (2): empty:f, singleton:f
  DIFFERENT (9): filter:m (16.2%), intersection:m (13.0%), join_pair:f (14.3%), difference:m (12.5%), split:m (8.0%), join_m:f (14.1%), union:m (14.2%), delete:m (13.0%), reduce:m (20.5%)
APAS-AI-copy/apas-ai/apas-ai/src/Chap37/BSTSetSplayMtEph.rs:62: BSTSetSplayMtEph - inherent impl with 20 overlapping methods
APAS-AI-copy/apas-ai/apas-ai/src/Chap37/BSTSetSplayMtEph.rs:221: BSTSetSplayMtEph - trait impl BSTSetSplayMtEphTrait<T> with 20 overlapping methods
  IDENTICAL (9): is_empty:m, insert:m, minimum:m, size:m, contains:m, maximum:m, as_tree:m, iter_in_order:m, find:m
  STUB DELEGATION (2): empty:f, singleton:f
  DIFFERENT (9): delete:m (15.1%), difference:m (12.9%), union:m (14.9%), intersection:m (13.4%), split:m (8.4%), join_m:f (14.7%), join_pair:f (14.9%), filter:m (16.2%), reduce:m (19.2%)
APAS-AI-copy/apas-ai/apas-ai/src/Chap38/BSTParaMtEph.rs:84: ParamBST - inherent impl with 1 overlapping methods
APAS-AI-copy/apas-ai/apas-ai/src/Chap38/BSTParaMtEph.rs:286: ParamBST - trait impl ParamBSTTrait<T> with 1 overlapping methods
  DIFFERENT (1): join_mid:f (10.9%)
APAS-AI-copy/apas-ai/apas-ai/src/Chap38/BSTParaStEph.rs:62: ParamBST - inherent impl with 1 overlapping methods
APAS-AI-copy/apas-ai/apas-ai/src/Chap38/BSTParaStEph.rs:149: ParamBST - trait impl ParamBSTTrait<T> with 1 overlapping methods
  DIFFERENT (1): join_mid:f (10.9%)
APAS-AI-copy/apas-ai/apas-ai/src/Chap39/BSTParaTreapMtEph.rs:67: ParamTreap - inherent impl with 1 overlapping methods
APAS-AI-copy/apas-ai/apas-ai/src/Chap39/BSTParaTreapMtEph.rs:342: ParamTreap - trait impl ParamTreapTrait<T> with 1 overlapping methods
  DIFFERENT (1): join_mid:f (14.7%)
APAS-AI-copy/apas-ai/apas-ai/src/Chap39/BSTSetTreapMtEph.rs:62: BSTSetTreapMtEph - inherent impl with 20 overlapping methods
APAS-AI-copy/apas-ai/apas-ai/src/Chap39/BSTSetTreapMtEph.rs:221: BSTSetTreapMtEph - trait impl BSTSetTreapMtEphTrait<T> with 20 overlapping methods
  IDENTICAL (9): minimum:m, iter_in_order:m, insert:m, contains:m, maximum:m, as_tree:m, size:m, find:m, is_empty:m
  STUB DELEGATION (2): singleton:f, empty:f
  DIFFERENT (9): reduce:m (21.9%), intersection:m (13.9%), split:m (9.1%), union:m (15.5%), join_m:f (15.3%), difference:m (13.4%), delete:m (14.4%), join_pair:f (15.6%), filter:m (17.6%)
APAS-AI-copy/apas-ai/apas-ai/src/Chap47clean/StructChainedHashTable.rs:25: ChainList - inherent impl with 1 overlapping methods
APAS-AI-copy/apas-ai/apas-ai/src/Chap47clean/StructChainedHashTable.rs:29: ChainList - trait impl EntryTrait<Key, Value> with 1 overlapping methods
  DIFFERENT (1): new:f (54.5%)
APAS-AI-copy/apas-ai/apas-ai/src/Chap65/UnionFindStEph.rs:45: UnionFindStEph - inherent impl with 6 overlapping methods
APAS-AI-copy/apas-ai/apas-ai/src/Chap65/UnionFindStEph.rs:165: UnionFindStEph - trait impl UnionFindStEphTrait<V> with 6 overlapping methods
  IDENTICAL (4): num_sets:m, insert:m, equals:m, new:f
  DIFFERENT (2): union:m (76.8%), find:m (77.1%)

================================================================================
PARETO ANALYSIS: DUPLICATION PATTERNS
================================================================================
114    ( 53.0%, cumulative  53.0%): DIFFERENT (<80% similar)
86     ( 40.0%, cumulative  93.0%): IDENTICAL (exact duplication)
14     (  6.5%, cumulative  99.5%): STUB DELEGATION (one calls other)
1      (  0.5%, cumulative 100.0%): HIGH SIMILARITY (>80%)
--------------------------------------------------------------------------------
TOTAL OVERLAPPING: 215 (153 methods :m, 62 functions :f)

✗ Found 25 stub delegation violations in 876 file(s)
Completed in 545ms
