Entering directory '/home/milnes/projects/rusticate/src'

✗ Found 6 violation(s):

duplicate_methods.rs:35: fn outside pub mod
  
duplicate_methods.rs:40: fn outside pub mod
  
duplicate_methods.rs:61: fn outside pub mod
  
duplicate_methods.rs:74: fn outside pub mod
  
duplicate_methods.rs:18: struct outside pub mod
  
duplicate_methods.rs:29: struct outside pub mod
  

Summary: 86 files checked, 1 files with violations, 6 total violations
Completed in 7ms
Entering directory '/home/milnes/projects/rusticate/src'

✗ Found 6 violation(s):

duplicate_methods.rs:35: fn outside pub mod
  
duplicate_methods.rs:40: fn outside pub mod
  
duplicate_methods.rs:61: fn outside pub mod
  
duplicate_methods.rs:74: fn outside pub mod
  
duplicate_methods.rs:18: struct outside pub mod
  
duplicate_methods.rs:29: struct outside pub mod
  

Summary: 86 files checked, 1 files with violations, 6 total violations
Completed in 4ms
