INHERENT IMPL BLOCKS WITH TRAIT BOUNDS COMPARISON
================================================================================
================================================================================
SUMMARY
================================================================================
Total impl blocks with generics: 0
  With trait definitions: 0
  Without trait definitions: 0
INHERENT IMPL BLOCKS WITH TRAIT BOUNDS COMPARISON
================================================================================

================================================================================
SUMMARY
================================================================================
Total impl blocks with generics: 0
  With trait definitions: 0
  Without trait definitions: 0
INHERENT IMPL BLOCKS WITH TRAIT BOUNDS COMPARISON
================================================================================

================================================================================
SUMMARY
================================================================================
Total impl blocks with generics: 0
  With trait definitions: 0
  Without trait definitions: 0
INHERENT IMPL BLOCKS WITH TRAIT BOUNDS COMPARISON
================================================================================

================================================================================
SUMMARY
================================================================================
Total impl blocks with generics: 0
  With trait definitions: 0
  Without trait definitions: 0
INHERENT IMPL BLOCKS WITH TRAIT BOUNDS COMPARISON
================================================================================

================================================================================
SUMMARY
================================================================================
Total impl blocks with generics: 0
  With trait definitions: 0
  Without trait definitions: 0
INHERENT IMPL BLOCKS WITH TRAIT BOUNDS COMPARISON
================================================================================

================================================================================
SUMMARY
================================================================================
Total impl blocks with generics: 0
  With trait definitions: 0
  Without trait definitions: 0
INHERENT IMPL BLOCKS WITH TRAIT BOUNDS COMPARISON
================================================================================

================================================================================
SUMMARY
================================================================================
Total impl blocks with generics: 0
  With trait definitions: 0
  Without trait definitions: 0
INHERENT IMPL BLOCKS WITH TRAIT BOUNDS COMPARISON
================================================================================

================================================================================
SUMMARY
================================================================================
Total impl blocks with generics: 0
  With trait definitions: 0
  Without trait definitions: 0
INHERENT IMPL BLOCKS WITH TRAIT BOUNDS COMPARISON
================================================================================

================================================================================
SUMMARY
================================================================================
Total impl blocks with generics: 0
  With trait definitions: 0
  Without trait definitions: 0
INHERENT IMPL BLOCKS WITH TRAIT BOUNDS COMPARISON
================================================================================

================================================================================
SUMMARY
================================================================================
Total impl blocks with generics: 0
  With trait definitions: 0
  Without trait definitions: 0
INHERENT IMPL BLOCKS WITH TRAIT BOUNDS COMPARISON
================================================================================

================================================================================
SUMMARY
================================================================================
Total impl blocks with generics: 0
  With trait definitions: 0
  Without trait definitions: 0
INHERENT IMPL BLOCKS WITH TRAIT BOUNDS COMPARISON
================================================================================

================================================================================
SUMMARY
================================================================================
Total impl blocks with generics: 0
  With trait definitions: 0
  Without trait definitions: 0
