rusticate-analyze-modules
Command: ./target/release/rusticate-analyze-modules-ast -C /home/milnes/projects/RustCodebases -j 8
Codebase: /home/milnes/projects/RustCodebases | Max: unlimited | Jobs: 8 | Started: Instant { tv_sec: 586644, tv_nsec: 729305403 }
Found 1068 codebases

Found 64165 Rust files across 1068 codebases

/home/milnes/projects/RustCodebases/TinyTemplate/benches/benchmarks.rs:1: Parse error
/home/milnes/projects/RustCodebases/autocfg/src/lib.rs:1: Parse error
/home/milnes/projects/RustCodebases/autocfg/src/version.rs:1: Parse error
/home/milnes/projects/RustCodebases/azure-sdk-for-rust/eng/scripts/update-pathversions.rs:1: Parse error
/home/milnes/projects/RustCodebases/azure-sdk-for-rust/eng/scripts/update-cratenames.rs:1: Parse error
/home/milnes/projects/RustCodebases/azure-sdk-for-rust/eng/scripts/verify-dependencies.rs:1: Parse error
/home/milnes/projects/RustCodebases/cargo/tests/testsuite/cargo_remove/script/in/cargo-remove-test-fixture.rs:1: Parse error
/home/milnes/projects/RustCodebases/cargo/tests/testsuite/cargo_remove/script/out/cargo-remove-test-fixture.rs:1: Parse error
/home/milnes/projects/RustCodebases/cargo/tests/testsuite/cargo_remove/script_last/in/cargo-remove-test-fixture.rs:1: Parse error
/home/milnes/projects/RustCodebases/cargo/tests/testsuite/cargo_remove/script_last/out/cargo-remove-test-fixture.rs:1: Parse error
/home/milnes/projects/RustCodebases/cargo/tests/testsuite/cargo_add/script_bare/out/cargo-test-fixture.rs:1: Parse error
/home/milnes/projects/RustCodebases/cargo/tests/testsuite/cargo_add/script_escape/in/cargo-test-fixture.rs:1: Parse error
/home/milnes/projects/RustCodebases/cargo/tests/testsuite/cargo_add/script_escape/out/cargo-test-fixture.rs:1: Parse error
/home/milnes/projects/RustCodebases/cargo/tests/testsuite/cargo_add/script_frontmatter_empty/in/cargo-test-fixture.rs:1: Parse error
/home/milnes/projects/RustCodebases/cargo/tests/testsuite/cargo_add/script_frontmatter_empty/out/cargo-test-fixture.rs:1: Parse error
/home/milnes/projects/RustCodebases/cargo/tests/testsuite/cargo_add/script_shebang/out/cargo-test-fixture.rs:1: Parse error
/home/milnes/projects/RustCodebases/cargo/tests/testsuite/cargo_add/script_frontmatter/in/cargo-test-fixture.rs:1: Parse error
/home/milnes/projects/RustCodebases/cargo/tests/testsuite/cargo_add/script_frontmatter/out/cargo-test-fixture.rs:1: Parse error
/home/milnes/projects/RustCodebases/cargo/tests/testsuite/script/rustc_fixtures/fence-too-many-dashes.rs:1: Parse error
/home/milnes/projects/RustCodebases/cargo/tests/testsuite/script/rustc_fixtures/content-non-lexible-tokens.rs:1: Parse error
/home/milnes/projects/RustCodebases/cargo/tests/testsuite/script/rustc_fixtures/escape-hyphens-nonleading-2.rs:1: Parse error
/home/milnes/projects/RustCodebases/cargo/tests/testsuite/script/rustc_fixtures/fence-indented-mismatch.rs:1: Parse error
/home/milnes/projects/RustCodebases/cargo/tests/testsuite/script/rustc_fixtures/escape-hyphens-leading.rs:1: Parse error
/home/milnes/projects/RustCodebases/cargo/tests/testsuite/script/rustc_fixtures/fence-indented.rs:1: Parse error
/home/milnes/projects/RustCodebases/cargo/tests/testsuite/script/rustc_fixtures/fence-unclosed-6.rs:1: Parse error
/home/milnes/projects/RustCodebases/cargo/tests/testsuite/script/rustc_fixtures/fence-unclosed-3.rs:1: Parse error
/home/milnes/projects/RustCodebases/cargo/tests/testsuite/script/rustc_fixtures/fence-close-extra-after.rs:1: Parse error
/home/milnes/projects/RustCodebases/cargo/tests/testsuite/script/rustc_fixtures/infostring-hyphen-leading.rs:1: Parse error
/home/milnes/projects/RustCodebases/cargo/tests/testsuite/script/rustc_fixtures/fence-unclosed-1.rs:1: Parse error
/home/milnes/projects/RustCodebases/cargo/tests/testsuite/script/rustc_fixtures/multifrontmatter.rs:1: Parse error
/home/milnes/projects/RustCodebases/cargo/tests/testsuite/script/rustc_fixtures/location-after-shebang.rs:1: Parse error
/home/milnes/projects/RustCodebases/cargo/tests/testsuite/script/rustc_fixtures/infostring-dot-leading.rs:1: Parse error
/home/milnes/projects/RustCodebases/cargo/tests/testsuite/script/rustc_fixtures/infostring-space.rs:1: Parse error
/home/milnes/projects/RustCodebases/cargo/tests/testsuite/script/rustc_fixtures/fence-unclosed-2.rs:1: Parse error
/home/milnes/projects/RustCodebases/cargo/tests/testsuite/script/rustc_fixtures/content-contains-whitespace.rs:1: Parse error
/home/milnes/projects/RustCodebases/cargo/tests/testsuite/script/rustc_fixtures/escape-hyphens-nonleading-1.rs:1: Parse error
/home/milnes/projects/RustCodebases/cargo/tests/testsuite/script/rustc_fixtures/infostring-comma.rs:1: Parse error
/home/milnes/projects/RustCodebases/cargo/tests/testsuite/script/rustc_fixtures/escape-hyphens-nonleading-3.rs:1: Parse error
/home/milnes/projects/RustCodebases/cargo/tests/testsuite/script/rustc_fixtures/fence-unclosed-5.rs:1: Parse error
/home/milnes/projects/RustCodebases/cargo/tests/testsuite/script/rustc_fixtures/fence-whitespace-trailing-1.rs:1: Parse error
/home/milnes/projects/RustCodebases/cargo/tests/testsuite/script/rustc_fixtures/fence-mismatch-1.rs:1: Parse error
/home/milnes/projects/RustCodebases/cargo/tests/testsuite/script/rustc_fixtures/fence-unclosed-4.rs:1: Parse error
/home/milnes/projects/RustCodebases/cargo/tests/testsuite/script/rustc_fixtures/auxiliary/expr.rs:1: Parse error
/home/milnes/projects/RustCodebases/cargo/tests/testsuite/script/rustc_fixtures/auxiliary/lib.rs:1: Parse error
/home/milnes/projects/RustCodebases/cargo/tests/testsuite/script/rustc_fixtures/location-after-tokens.rs:1: Parse error
/home/milnes/projects/RustCodebases/cargo/tests/testsuite/script/rustc_fixtures/infostring-hyphen-nonleading.rs:1: Parse error
/home/milnes/projects/RustCodebases/cargo/tests/testsuite/script/rustc_fixtures/infostring-dot-nonleading.rs:1: Parse error
/home/milnes/projects/RustCodebases/cargo/tests/testsuite/script/rustc_fixtures/fence-whitespace-trailing-2.rs:1: Parse error
/home/milnes/projects/RustCodebases/cargo/tests/testsuite/script/rustc_fixtures/fence-mismatch-2.rs:1: Parse error
/home/milnes/projects/RustCodebases/cargo/tests/testsuite/script/rustc_fixtures/frontmatter-crlf.rs:1: Parse error
/home/milnes/projects/RustCodebases/cargo/crates/rustfix/tests/everything/handle-insert-only.rs:1: Parse error
/home/milnes/projects/RustCodebases/cargo/crates/rustfix/tests/everything/E0178.rs:1: Parse error
/home/milnes/projects/RustCodebases/cargo/crates/rustfix/tests/everything/lt-generic-comp.rs:1: Parse error
/home/milnes/projects/RustCodebases/cassowary-rs/src/solver_impl.rs:1: Parse error
/home/milnes/projects/RustCodebases/cast.rs:1: Parse error
/home/milnes/projects/RustCodebases/cobs.rs:1: Parse error
/home/milnes/projects/RustCodebases/config-rs/src/file/format/corn.rs:1: Parse error
/home/milnes/projects/RustCodebases/criterion.rs:1: Parse error
/home/milnes/projects/RustCodebases/cxx/tests/ui/ptr_no_const_mut.rs:1: Parse error
/home/milnes/projects/RustCodebases/cxx/tests/ui/root_namespace.rs:1: Parse error
/home/milnes/projects/RustCodebases/dbus-rs/dbus/src/methoddisp.rs:1: Parse error
/home/milnes/projects/RustCodebases/diesel/diesel_cli/tests/generate_migrations/diff_alter_table_add_column/sqlite/schema_out.rs:1: Parse error
/home/milnes/projects/RustCodebases/diesel/diesel_cli/tests/generate_migrations/diff_alter_table_add_column/mysql/schema_out.rs:1: Parse error
/home/milnes/projects/RustCodebases/diesel/diesel_cli/tests/generate_migrations/diff_alter_table_add_column/postgres/schema_out.rs:1: Parse error
/home/milnes/projects/RustCodebases/diesel/diesel_cli/tests/generate_migrations/diff_add_table_composite_key/sqlite/schema_out.rs:1: Parse error
/home/milnes/projects/RustCodebases/diesel/diesel_cli/tests/generate_migrations/diff_add_table_composite_key/mysql/schema_out.rs:1: Parse error
/home/milnes/projects/RustCodebases/diesel/diesel_cli/tests/generate_migrations/diff_add_table_composite_key/postgres/schema_out.rs:1: Parse error
/home/milnes/projects/RustCodebases/diesel/diesel_cli/tests/generate_migrations/diff_only_tables/sqlite/schema_out.rs:1: Parse error
/home/milnes/projects/RustCodebases/diesel/diesel_cli/tests/generate_migrations/diff_only_tables/mysql/schema_out.rs:1: Parse error
/home/milnes/projects/RustCodebases/diesel/diesel_cli/tests/generate_migrations/diff_only_tables/postgres/schema_out.rs:1: Parse error
/home/milnes/projects/RustCodebases/diesel/diesel_cli/tests/generate_migrations/diff_alter_table_drop_column/sqlite/schema_out.rs:1: Parse error
/home/milnes/projects/RustCodebases/diesel/diesel_cli/tests/generate_migrations/diff_alter_table_drop_column/mysql/schema_out.rs:1: Parse error
/home/milnes/projects/RustCodebases/diesel/diesel_cli/tests/generate_migrations/diff_alter_table_drop_column/postgres/schema_out.rs:1: Parse error
/home/milnes/projects/RustCodebases/diesel/diesel_cli/tests/generate_migrations/diff_except_tables/sqlite/schema_out.rs:1: Parse error
/home/milnes/projects/RustCodebases/diesel/diesel_cli/tests/generate_migrations/diff_except_tables/mysql/schema_out.rs:1: Parse error
/home/milnes/projects/RustCodebases/diesel/diesel_cli/tests/generate_migrations/diff_except_tables/postgres/schema_out.rs:1: Parse error
/home/milnes/projects/RustCodebases/diesel/diesel_cli/tests/generate_migrations/diff_add_table/sqlite/schema_out.rs:1: Parse error
/home/milnes/projects/RustCodebases/diesel/diesel_cli/tests/generate_migrations/diff_add_table/mysql/schema_out.rs:1: Parse error
/home/milnes/projects/RustCodebases/diesel/diesel_cli/tests/generate_migrations/diff_add_table/postgres/schema_out.rs:1: Parse error
/home/milnes/projects/RustCodebases/diesel/diesel_cli/tests/generate_migrations/diff_add_table_all_the_types/sqlite/schema_out.rs:1: Parse error
/home/milnes/projects/RustCodebases/diesel/diesel_cli/tests/generate_migrations/diff_add_table_all_the_types/mysql/schema_out.rs:1: Parse error
/home/milnes/projects/RustCodebases/diesel/diesel_cli/tests/generate_migrations/diff_add_table_all_the_types/postgres/schema_out.rs:1: Parse error
/home/milnes/projects/RustCodebases/diesel/diesel_cli/tests/generate_migrations/postgres_add_record/postgres/schema_out.rs:1: Parse error
/home/milnes/projects/RustCodebases/diesel/diesel_cli/tests/generate_migrations/postgres_specific_types/postgres/schema_out.rs:1: Parse error
/home/milnes/projects/RustCodebases/diesel/diesel_cli/tests/generate_migrations/diff_drop_table_all_the_types/sqlite/schema_out.rs:1: Parse error
/home/milnes/projects/RustCodebases/diesel/diesel_cli/tests/generate_migrations/diff_drop_table_all_the_types/mysql/schema_out.rs:1: Parse error
/home/milnes/projects/RustCodebases/diesel/diesel_cli/tests/generate_migrations/diff_drop_table_all_the_types/postgres/schema_out.rs:1: Parse error
/home/milnes/projects/RustCodebases/diesel/diesel_cli/tests/generate_migrations/diff_drop_table_composite_key/sqlite/schema_out.rs:1: Parse error
/home/milnes/projects/RustCodebases/diesel/diesel_cli/tests/generate_migrations/diff_drop_table_composite_key/mysql/schema_out.rs:1: Parse error
/home/milnes/projects/RustCodebases/diesel/diesel_cli/tests/generate_migrations/diff_drop_table_composite_key/postgres/schema_out.rs:1: Parse error
/home/milnes/projects/RustCodebases/diesel/diesel_cli/tests/generate_migrations/diff_add_table_sqlite_rowid_column/sqlite/schema_out.rs:1: Parse error
/home/milnes/projects/RustCodebases/diesel/diesel_cli/tests/generate_migrations/diff_add_table_sqlite_rowid_column/mysql/schema_out.rs:1: Parse error
/home/milnes/projects/RustCodebases/diesel/diesel_cli/tests/generate_migrations/diff_add_table_sqlite_rowid_column/postgres/schema_out.rs:1: Parse error
/home/milnes/projects/RustCodebases/diesel/diesel_cli/tests/generate_migrations/diff_drop_table_with_fk/sqlite/schema_out.rs:1: Parse error
/home/milnes/projects/RustCodebases/diesel/diesel_cli/tests/generate_migrations/diff_drop_table_with_fk/mysql/schema_out.rs:1: Parse error
/home/milnes/projects/RustCodebases/diesel/diesel_cli/tests/generate_migrations/diff_drop_table_with_fk/postgres/schema_out.rs:1: Parse error
/home/milnes/projects/RustCodebases/diesel/diesel_cli/tests/generate_migrations/diff_add_table_with_fk/sqlite/schema_out.rs:1: Parse error
/home/milnes/projects/RustCodebases/diesel/diesel_cli/tests/generate_migrations/diff_add_table_with_fk/mysql/schema_out.rs:1: Parse error
/home/milnes/projects/RustCodebases/diesel/diesel_cli/tests/generate_migrations/diff_add_table_with_fk/postgres/schema_out.rs:1: Parse error
/home/milnes/projects/RustCodebases/diesel/diesel_cli/tests/generate_migrations/diff_drop_table/sqlite/schema_out.rs:1: Parse error
/home/milnes/projects/RustCodebases/diesel/diesel_cli/tests/generate_migrations/diff_drop_table/mysql/schema_out.rs:1: Parse error
/home/milnes/projects/RustCodebases/diesel/diesel_cli/tests/generate_migrations/diff_drop_table/postgres/schema_out.rs:1: Parse error
/home/milnes/projects/RustCodebases/diff.rs:1: Parse error
/home/milnes/projects/RustCodebases/difference.rs:1: Parse error
/home/milnes/projects/RustCodebases/difference.rs/src/display.rs:1: Parse error
/home/milnes/projects/RustCodebases/docopt.rs:1: Parse error
/home/milnes/projects/RustCodebases/duct.rs:1: Parse error
/home/milnes/projects/RustCodebases/erased-serde/src/features_check/error.rs:1: Parse error
/home/milnes/projects/RustCodebases/exrs/src/image/channel_groups.rs:1: Parse error
/home/milnes/projects/RustCodebases/fs2-rs/src/unix.rs:1: Parse error
/home/milnes/projects/RustCodebases/fs2-rs/src/windows.rs:1: Parse error
/home/milnes/projects/RustCodebases/futures-rs/futures/tests_disabled/stream.rs:1: Parse error
/home/milnes/projects/RustCodebases/fxhash/lib.rs:1: Parse error
/home/milnes/projects/RustCodebases/goblin/etc/crt1a.rs:1: Parse error
/home/milnes/projects/RustCodebases/goblin/etc/crt1.rs:1: Parse error
/home/milnes/projects/RustCodebases/goblin/etc/crt132.rs:1: Parse error
/home/milnes/projects/RustCodebases/headers/src/disabled/preference_applied.rs:1: Parse error
/home/milnes/projects/RustCodebases/headers/src/disabled/prefer.rs:1: Parse error
/home/milnes/projects/RustCodebases/headers/src/disabled/util/charset.rs:1: Parse error
/home/milnes/projects/RustCodebases/headers/src/disabled/util/extended_value.rs:1: Parse error
/home/milnes/projects/RustCodebases/headers/src/disabled/link.rs:1: Parse error
/home/milnes/projects/RustCodebases/jsonrpc/derive/src/to_client.rs:1: Parse error
/home/milnes/projects/RustCodebases/jsonway/src/serializer.rs:1: Parse error
/home/milnes/projects/RustCodebases/jsonway/src/array_serializer.rs:1: Parse error
/home/milnes/projects/RustCodebases/k8s-openapi/k8s-openapi-codegen-common/templates/impl_serialize.rs:1: Parse error
/home/milnes/projects/RustCodebases/k8s-openapi/k8s-openapi-codegen-common/templates/impl_resource.rs:1: Parse error
/home/milnes/projects/RustCodebases/k8s-openapi/k8s-openapi-codegen-common/templates/newtype.rs:1: Parse error
/home/milnes/projects/RustCodebases/k8s-openapi/k8s-openapi-codegen-common/templates/struct.rs:1: Parse error
/home/milnes/projects/RustCodebases/k8s-openapi/k8s-openapi-codegen-common/templates/impl_listable_resource.rs:1: Parse error
/home/milnes/projects/RustCodebases/k8s-openapi/k8s-openapi-codegen-common/templates/impl_deserialize.rs:1: Parse error
/home/milnes/projects/RustCodebases/k8s-openapi/k8s-openapi-codegen-common/templates/json_schema_props_or.rs:1: Parse error
/home/milnes/projects/RustCodebases/k8s-openapi/k8s-openapi-codegen-common/templates/impl_schema.rs:1: Parse error
/home/milnes/projects/RustCodebases/k8s-openapi/k8s-openapi-codegen-common/templates/patch.rs:1: Parse error
/home/milnes/projects/RustCodebases/k8s-openapi/k8s-openapi-codegen-common/templates/impl_metadata.rs:1: Parse error
/home/milnes/projects/RustCodebases/k8s-openapi/k8s-openapi-codegen-common/templates/watch_event.rs:1: Parse error
/home/milnes/projects/RustCodebases/k8s-openapi/k8s-openapi-codegen-common/templates/int_or_string.rs:1: Parse error
/home/milnes/projects/RustCodebases/k8s-openapi/k8s-openapi-codegen-common/templates/type_header.rs:1: Parse error
/home/milnes/projects/RustCodebases/k8s-openapi/k8s-openapi-codegen-common/templates/struct_deep_merge.rs:1: Parse error
/home/milnes/projects/RustCodebases/lazy-static.rs:1: Parse error
/home/milnes/projects/RustCodebases/libc/ctest/templates/test.rs:1: Parse error
/home/milnes/projects/RustCodebases/libc/ctest/tests/input/invalid_syntax.rs:1: Parse error
/home/milnes/projects/RustCodebases/memchr/benchmarks/haystacks/code/rust-library.rs:1: Parse error
/home/milnes/projects/RustCodebases/mio-uds/tests/echo.rs:1: Parse error
/home/milnes/projects/RustCodebases/mio-uds/src/stream.rs:1: Parse error
/home/milnes/projects/RustCodebases/mio-uds/src/socket.rs:1: Parse error
/home/milnes/projects/RustCodebases/mio-uds/src/listener.rs:1: Parse error
/home/milnes/projects/RustCodebases/mio-uds/src/datagram.rs:1: Parse error
/home/milnes/projects/RustCodebases/neli/neli-proc-macros/src/derive_tobytes.rs:1: Parse error
/home/milnes/projects/RustCodebases/neli/neli-proc-macros/src/derive_size.rs:1: Parse error
/home/milnes/projects/RustCodebases/neli/neli-proc-macros/src/derive_frombytes.rs:1: Parse error
/home/milnes/projects/RustCodebases/neli/neli-proc-macros/src/derive_header.rs:1: Parse error
/home/milnes/projects/RustCodebases/net2-rs/src/ext.rs:1: Parse error
/home/milnes/projects/RustCodebases/net2-rs/src/sys/windows/mod.rs:1: Parse error
/home/milnes/projects/RustCodebases/net2-rs/src/sys/unix/mod.rs:1: Parse error
/home/milnes/projects/RustCodebases/net2-rs/src/socket.rs:1: Parse error
/home/milnes/projects/RustCodebases/net2-rs/src/tcp.rs:1: Parse error
/home/milnes/projects/RustCodebases/net2-rs/src/lib.rs:1: Parse error
/home/milnes/projects/RustCodebases/net2-rs/src/udp.rs:1: Parse error
/home/milnes/projects/RustCodebases/os_pipe.rs:1: Parse error
/home/milnes/projects/RustCodebases/pin-project/tests/ui/pinned_drop/invalid-self.rs:1: Parse error
/home/milnes/projects/RustCodebases/plain/src/methods.rs:1: Parse error
/home/milnes/projects/RustCodebases/prettyplease/cargo-expand/serde_derive-1.0.137.rs:1: Parse error
/home/milnes/projects/RustCodebases/prettyplease/cargo-expand/syn-1.0.97.rs:1: Parse error
/home/milnes/projects/RustCodebases/rust-conv/scripts/safe_float_to_int.rs:1: Parse error
/home/milnes/projects/RustCodebases/rust-delegate/src/lib.rs:1: Parse error
/home/milnes/projects/RustCodebases/rust-derivative/doc/eq-ignore.rs:1: Parse error
/home/milnes/projects/RustCodebases/rust-derivative/doc/debug-transparent-orig.rs:1: Parse error
/home/milnes/projects/RustCodebases/rust-derivative/doc/debug-transparent.rs:1: Parse error
/home/milnes/projects/RustCodebases/rust-derivative/doc/eq-ignore-orig.rs:1: Parse error
/home/milnes/projects/RustCodebases/rust-derivative/doc/default-enum.rs:1: Parse error
/home/milnes/projects/RustCodebases/rust-derivative/doc/default-value.rs:1: Parse error
/home/milnes/projects/RustCodebases/rust-derivative/doc/default-enum-orig.rs:1: Parse error
/home/milnes/projects/RustCodebases/rust-encoding/src/types/lib.rs:1: Parse error
/home/milnes/projects/RustCodebases/rust-htmlescape/src/encode.rs:1: Parse error
/home/milnes/projects/RustCodebases/rust-std-candidates/mod_path/tests/it_works.rs:1: Parse error
/home/milnes/projects/RustCodebases/rust-std-candidates/triable/lib.rs:1: Parse error
/home/milnes/projects/RustCodebases/rustc-serialize/src/collection_impls.rs:1: Parse error
/home/milnes/projects/RustCodebases/rustc-serialize/src/json.rs:1: Parse error
/home/milnes/projects/RustCodebases/rustc-serialize/src/serialize.rs:1: Parse error
/home/milnes/projects/RustCodebases/rustsec/platforms-data-gen/templates/arch_header.rs:1: Parse error
/home/milnes/projects/RustCodebases/rustsec/platforms-data-gen/templates/endian_header.rs:1: Parse error
/home/milnes/projects/RustCodebases/rustsec/platforms-data-gen/templates/os_header.rs:1: Parse error
/home/milnes/projects/RustCodebases/rustsec/platforms-data-gen/templates/bits_header.rs:1: Parse error
/home/milnes/projects/RustCodebases/rustsec/platforms-data-gen/templates/env_header.rs:1: Parse error
/home/milnes/projects/RustCodebases/sct.rs:1: Parse error
/home/milnes/projects/RustCodebases/shared_child.rs:1: Parse error
/home/milnes/projects/RustCodebases/simplelog.rs:1: Parse error
/home/milnes/projects/RustCodebases/stdweb/src/webcore/try_from.rs:1: Parse error
/home/milnes/projects/RustCodebases/stdweb/src/ecosystem/serde.rs:1: Parse error
/home/milnes/projects/RustCodebases/structopt/structopt-derive/src/lib.rs:1: Parse error
/home/milnes/projects/RustCodebases/stylo/style/gecko/pseudo_element_definition.mako.rs:1: Parse error
/home/milnes/projects/RustCodebases/stylo/style/properties/longhands/svg.mako.rs:1: Parse error
/home/milnes/projects/RustCodebases/stylo/style/properties/longhands/inherited_svg.mako.rs:1: Parse error
/home/milnes/projects/RustCodebases/stylo/style/properties/longhands/margin.mako.rs:1: Parse error
/home/milnes/projects/RustCodebases/stylo/style/properties/longhands/ui.mako.rs:1: Parse error
/home/milnes/projects/RustCodebases/stylo/style/properties/longhands/position.mako.rs:1: Parse error
/home/milnes/projects/RustCodebases/stylo/style/properties/longhands/box.mako.rs:1: Parse error
/home/milnes/projects/RustCodebases/stylo/style/properties/longhands/table.mako.rs:1: Parse error
/home/milnes/projects/RustCodebases/stylo/style/properties/longhands/inherited_ui.mako.rs:1: Parse error
/home/milnes/projects/RustCodebases/stylo/style/properties/longhands/column.mako.rs:1: Parse error
/home/milnes/projects/RustCodebases/stylo/style/properties/longhands/counters.mako.rs:1: Parse error
/home/milnes/projects/RustCodebases/stylo/style/properties/longhands/text.mako.rs:1: Parse error
/home/milnes/projects/RustCodebases/stylo/style/properties/longhands/effects.mako.rs:1: Parse error
/home/milnes/projects/RustCodebases/stylo/style/properties/longhands/xul.mako.rs:1: Parse error
/home/milnes/projects/RustCodebases/stylo/style/properties/longhands/font.mako.rs:1: Parse error
/home/milnes/projects/RustCodebases/stylo/style/properties/longhands/padding.mako.rs:1: Parse error
/home/milnes/projects/RustCodebases/stylo/style/properties/longhands/border.mako.rs:1: Parse error
/home/milnes/projects/RustCodebases/stylo/style/properties/longhands/inherited_table.mako.rs:1: Parse error
/home/milnes/projects/RustCodebases/stylo/style/properties/longhands/background.mako.rs:1: Parse error
/home/milnes/projects/RustCodebases/stylo/style/properties/longhands/inherited_text.mako.rs:1: Parse error
/home/milnes/projects/RustCodebases/stylo/style/properties/longhands/inherited_box.mako.rs:1: Parse error
/home/milnes/projects/RustCodebases/stylo/style/properties/longhands/outline.mako.rs:1: Parse error
/home/milnes/projects/RustCodebases/stylo/style/properties/longhands/page.mako.rs:1: Parse error
/home/milnes/projects/RustCodebases/stylo/style/properties/longhands/list.mako.rs:1: Parse error
/home/milnes/projects/RustCodebases/stylo/style/properties/helpers.mako.rs:1: Parse error
/home/milnes/projects/RustCodebases/stylo/style/properties/shorthands/svg.mako.rs:1: Parse error
/home/milnes/projects/RustCodebases/stylo/style/properties/shorthands/inherited_svg.mako.rs:1: Parse error
/home/milnes/projects/RustCodebases/stylo/style/properties/shorthands/margin.mako.rs:1: Parse error
/home/milnes/projects/RustCodebases/stylo/style/properties/shorthands/ui.mako.rs:1: Parse error
/home/milnes/projects/RustCodebases/stylo/style/properties/shorthands/position.mako.rs:1: Parse error
/home/milnes/projects/RustCodebases/stylo/style/properties/shorthands/box.mako.rs:1: Parse error
/home/milnes/projects/RustCodebases/stylo/style/properties/shorthands/column.mako.rs:1: Parse error
/home/milnes/projects/RustCodebases/stylo/style/properties/shorthands/text.mako.rs:1: Parse error
/home/milnes/projects/RustCodebases/stylo/style/properties/shorthands/font.mako.rs:1: Parse error
/home/milnes/projects/RustCodebases/stylo/style/properties/shorthands/padding.mako.rs:1: Parse error
/home/milnes/projects/RustCodebases/stylo/style/properties/shorthands/border.mako.rs:1: Parse error
/home/milnes/projects/RustCodebases/stylo/style/properties/shorthands/background.mako.rs:1: Parse error
/home/milnes/projects/RustCodebases/stylo/style/properties/shorthands/inherited_text.mako.rs:1: Parse error
/home/milnes/projects/RustCodebases/stylo/style/properties/shorthands/outline.mako.rs:1: Parse error
/home/milnes/projects/RustCodebases/stylo/style/properties/shorthands/list.mako.rs:1: Parse error
/home/milnes/projects/RustCodebases/stylo/style/properties/gecko.mako.rs:1: Parse error
/home/milnes/projects/RustCodebases/stylo/style/properties/helpers/animated_properties.mako.rs:1: Parse error
/home/milnes/projects/RustCodebases/stylo/style/properties/properties.mako.rs:1: Parse error
/home/milnes/projects/RustCodebases/swc/crates/swc_ecma_compat_es3/tests/__swc_snapshots__/src/reserved_word.rs:1: Parse error
/home/milnes/projects/RustCodebases/swc/crates/swc_ecma_compat_es3/tests/__swc_snapshots__/src/member_expr_lits.rs:1: Parse error
/home/milnes/projects/RustCodebases/swc/crates/swc_ecma_compat_es3/tests/__swc_snapshots__/src/prop_lits.rs:1: Parse error
/home/milnes/projects/RustCodebases/swc/crates/swc_ecma_transforms_optimization/tests/__swc_snapshots__/tests/simplify_dce.rs:1: Parse error
/home/milnes/projects/RustCodebases/swc/crates/swc_ecma_transforms_optimization/tests/__swc_snapshots__/tests/simplify_inlining.rs:1: Parse error
/home/milnes/projects/RustCodebases/swc/crates/swc_ecma_transforms_optimization/tests/__swc_snapshots__/tests/simplify.rs:1: Parse error
/home/milnes/projects/RustCodebases/swc/crates/swc_ecma_transforms_optimization/tests/__swc_snapshots__/tests/const_modules.rs:1: Parse error
/home/milnes/projects/RustCodebases/swc/crates/swc_ecma_transforms_optimization/tests/__swc_snapshots__/tests/remove_imports_with_side_effects.rs:1: Parse error
/home/milnes/projects/RustCodebases/swc/crates/swc_ecma_transforms_optimization/tests/__swc_snapshots__/src/json_parse.rs:1: Parse error
/home/milnes/projects/RustCodebases/swc/crates/swc_ecma_transforms_optimization/tests/__swc_snapshots__/src/inline_globals.rs:1: Parse error
/home/milnes/projects/RustCodebases/swc/crates/swc_ecma_transforms_proposal/tests/__swc_snapshots__/tests/import_assertions.rs:1: Parse error
/home/milnes/projects/RustCodebases/swc/crates/swc_ecma_transforms_proposal/tests/__swc_snapshots__/tests/export.rs:1: Parse error
/home/milnes/projects/RustCodebases/swc/crates/swc_ecma_transforms_module/tests/__swc_snapshots__/tests/system_js.rs:1: Parse error
/home/milnes/projects/RustCodebases/swc/crates/swc_ecma_transforms_module/tests/__swc_snapshots__/tests/common_js.rs:1: Parse error
/home/milnes/projects/RustCodebases/swc/crates/swc_ecma_transforms_module/tests/__swc_snapshots__/tests/amd.rs:1: Parse error
/home/milnes/projects/RustCodebases/swc/crates/swc_ecma_compat_es2016/tests/__swc_snapshots__/src/exponentiation.rs:1: Parse error
/home/milnes/projects/RustCodebases/swc/crates/swc_ecma_compat_bugfixes/tests/__swc_snapshots__/src/edge_default_param.rs:1: Parse error
/home/milnes/projects/RustCodebases/swc/crates/swc_ecma_compat_bugfixes/tests/__swc_snapshots__/src/template_literal_caching.rs:1: Parse error
/home/milnes/projects/RustCodebases/swc/crates/swc_ecma_compat_bugfixes/tests/__swc_snapshots__/src/safari_id_destructuring_collision_in_function_expression.rs:1: Parse error
/home/milnes/projects/RustCodebases/swc/crates/swc_ecma_compat_bugfixes/tests/__swc_snapshots__/src/async_arrows_in_class.rs:1: Parse error
/home/milnes/projects/RustCodebases/swc/crates/swc_ecma_transforms/tests/__swc_snapshots__/tests/decorators.rs:1: Parse error
/home/milnes/projects/RustCodebases/swc/crates/swc_ecma_transforms/tests/__swc_snapshots__/tests/es2015_function_name.rs:1: Parse error
/home/milnes/projects/RustCodebases/swc/crates/swc_ecma_compat_es2019/tests/__swc_snapshots__/src/optional_catch_binding.rs:1: Parse error
/home/milnes/projects/RustCodebases/swc/crates/swc_ecma_transforms_typescript/tests/__swc_snapshots__/tests/strip.rs:1: Parse error
/home/milnes/projects/RustCodebases/swc/crates/swc_ecma_transforms_compat/tests/__swc_snapshots__/tests/es2015_block_scoping.rs:1: Parse error
/home/milnes/projects/RustCodebases/swc/crates/swc_ecma_transforms_compat/tests/__swc_snapshots__/tests/es2020_nullish_coalescing.rs:1: Parse error
/home/milnes/projects/RustCodebases/swc/crates/swc_ecma_transforms_compat/tests/__swc_snapshots__/tests/es2015_classes.rs:1: Parse error
/home/milnes/projects/RustCodebases/swc/crates/swc_ecma_transforms_compat/tests/__swc_snapshots__/tests/es2015_generator_sparse_array.rs:1: Parse error
/home/milnes/projects/RustCodebases/swc/crates/swc_ecma_transforms_compat/tests/__swc_snapshots__/tests/es2015_spread.rs:1: Parse error
/home/milnes/projects/RustCodebases/swc/crates/swc_ecma_transforms_compat/tests/__swc_snapshots__/tests/es2015_computed_props.rs:1: Parse error
/home/milnes/projects/RustCodebases/swc/crates/swc_ecma_transforms_compat/tests/__swc_snapshots__/tests/es2015_generator.rs:1: Parse error
/home/milnes/projects/RustCodebases/swc/crates/swc_ecma_transforms_compat/tests/__swc_snapshots__/tests/es2015_object_super.rs:1: Parse error
/home/milnes/projects/RustCodebases/swc/crates/swc_ecma_transforms_compat/tests/__swc_snapshots__/tests/es2015_new_target.rs:1: Parse error
/home/milnes/projects/RustCodebases/swc/crates/swc_ecma_transforms_compat/tests/__swc_snapshots__/tests/es2021_logcal_assignments.rs:1: Parse error
/home/milnes/projects/RustCodebases/swc/crates/swc_ecma_transforms_compat/tests/__swc_snapshots__/tests/es2015_duplicated_keys.rs:1: Parse error
/home/milnes/projects/RustCodebases/swc/crates/swc_ecma_transforms_compat/tests/__swc_snapshots__/tests/es2022_class_properties.rs:1: Parse error
/home/milnes/projects/RustCodebases/swc/crates/swc_ecma_transforms_compat/tests/__swc_snapshots__/tests/es2015_destructuring.rs:1: Parse error
/home/milnes/projects/RustCodebases/swc/crates/swc_ecma_transforms_compat/tests/__swc_snapshots__/tests/es2015_for_of.rs:1: Parse error
/home/milnes/projects/RustCodebases/swc/crates/swc_ecma_transforms_compat/tests/__swc_snapshots__/tests/es2020_optional_chaining.rs:1: Parse error
/home/milnes/projects/RustCodebases/swc/crates/swc_ecma_transforms_compat/tests/__swc_snapshots__/tests/es2015_parameters.rs:1: Parse error
/home/milnes/projects/RustCodebases/swc/crates/swc_ecma_transforms_compat/tests/__swc_snapshots__/tests/es2018_object_rest_spread.rs:1: Parse error
/home/milnes/projects/RustCodebases/swc/crates/swc_ecma_transforms_compat/tests/__swc_snapshots__/tests/es2017_async_to_generator.rs:1: Parse error
/home/milnes/projects/RustCodebases/swc/crates/swc_ecma_transforms_compat/tests/__swc_snapshots__/tests/es2015_template_literals.rs:1: Parse error
/home/milnes/projects/RustCodebases/swc/crates/swc_ecma_transforms_react/tests/__swc_snapshots__/src/jsx_src/tests.rs:1: Parse error
/home/milnes/projects/RustCodebases/swc/crates/swc_ecma_transforms_react/tests/__swc_snapshots__/src/refresh/tests.rs:1: Parse error
/home/milnes/projects/RustCodebases/swc/crates/swc_ecma_transforms_react/tests/__swc_snapshots__/src/jsx/tests.rs:1: Parse error
/home/milnes/projects/RustCodebases/swc/crates/swc_ecma_transforms_react/tests/__swc_snapshots__/src/jsx_self/tests.rs:1: Parse error
/home/milnes/projects/RustCodebases/swc/crates/swc_ecma_transforms_react/tests/__swc_snapshots__/src/display_name/tests.rs:1: Parse error
/home/milnes/projects/RustCodebases/swc/crates/swc_ecma_compat_es2015/tests/__swc_snapshots__/src/typeof_symbol.rs:1: Parse error
/home/milnes/projects/RustCodebases/swc/crates/swc_ecma_compat_es2015/tests/__swc_snapshots__/src/sticky_regex.rs:1: Parse error
/home/milnes/projects/RustCodebases/swc/crates/swc_ecma_compat_es2015/tests/__swc_snapshots__/src/object_super.rs:1: Parse error
/home/milnes/projects/RustCodebases/swc/crates/swc_ecma_compat_es2015/tests/__swc_snapshots__/src/lib.rs:1: Parse error
/home/milnes/projects/RustCodebases/swc/crates/swc_ecma_compat_es2015/tests/__swc_snapshots__/src/block_scoped_fn.rs:1: Parse error
/home/milnes/projects/RustCodebases/swc/crates/swc_ecma_compat_es2015/tests/__swc_snapshots__/src/destructuring.rs:1: Parse error
/home/milnes/projects/RustCodebases/syn/tests/test_item.rs:1: Parse error
/home/milnes/projects/RustCodebases/twoway/src/lib.rs:1: Parse error
/home/milnes/projects/RustCodebases/vcpkg-rs/src/lib.rs:1: Parse error
/home/milnes/projects/RustCodebases/wasmtime/crates/wasi-preview1-component-adapter/src/lib.rs:1: Parse error
/home/milnes/projects/RustCodebases/wasmtime/cranelift/filetests/src/function_runner.rs:1: Parse error
/home/milnes/projects/RustCodebases/yasna.rs:1: Parse error
Analysis complete: 101517 std lib uses, 1885 unique paths, 293 errors

=== Standard Library Modules Used ===
Modules (282 total):
  2685 std::fmt
  1886 std::io
  1791 core::fmt
  1210 std::env
  1014 std::mem
   806 std::fs
   709 std::ptr
   691 std::thread
   667 std::io::self
   621 std::fmt::self
   600 core::mem
   538 std::str
   512 alloc::vec
   384 core::fmt::self
   355 alloc::format
   340 std::cmp
   304 core::ptr
   301 std::iter
   298 std::slice
   268 test::Bencher
   247 proc_macro::TokenStream
   241 core::str
   233 core::cmp
   229 core::slice
   222 std::process
   193 std::error
   190 core::ops
   175 core::ffi
   127 std::vec
   126 std::fs::self
   118 core::iter
   117 std::panic
   108 std::ops
    92 core::mem::self
    84 std::char
    81 std::time
    78 std::marker
    77 core::hash
    74 core::ptr::self
    69 std::println
    69 core::f64
    64 core::f32
    61 std::net
    61 std::result
    58 std::f64
    56 core
    54 core::char
    53 proc_macro::TokenTree
    51 test::black_box
    50 std::hint
    50 std::mem::self
    47 std::task::self
    46 std::path
    45 std::thread::self
    43 proc_macro::Span
    41 std::ptr::self
    40 std::future
    40 core::marker
    39 core::num
    39 std::hash
    39 std
    39 alloc::fmt
    36 std::format
    34 proc_macro::Ident
    34 core::any
    32 std::str::self
    32 core::result
    32 proc_macro::Delimiter
    31 std::f32
    27 proc_macro::Group
    27 std::eprintln
    26 std::panic::self
    25 std::iter::self
    25 std::sync::atomic::self
    24 std::sync::mpsc::self
    24 proc_macro::Spacing
    23 core::u32
    23 core::usize
    23 std::collections
    23 std::ffi
    23 proc_macro::Literal
    22 core::str::self
    22 std::process::self
    22 proc_macro::Punct
    22 alloc::Allocator
    21 alloc::SliceWrapper
    20 std::sync
    20 std::usize
    19 alloc::SliceWrapperMut
    19 std::thread_local
    19 core::array
    17 std::net::self
    16 std::string
    15 std::env::self
    15 std::num
    15 std::cmp::self
    15 std::u32
    14 std::borrow::Cow::self
    14 core::panic
    14 std::future::self
    14 core::convert
    14 std::task
    13 std::path::self
    13 std::borrow
    12 core::sync::atomic::self
    12 core::slice::self
    12 std::any
    12 alloc::vec::self
    11 core::simd
    11 std::os::unix::net::self
    11 core::error
    11 proc_macro::token_stream
    10 core::hint
    10 core::option
     9 std::ffi::self
     9 core::borrow
     9 std::u16
     9 std::sync::atomic::Ordering::self
     8 std::dbg
     8 std::u64
     8 alloc::AllocatedStackMemory
     8 proc_macro
     8 core::iter::self
     8 core::u8
     8 core::isize
     8 std::ops::ControlFlow::self
     8 core::i128
     8 alloc::StackAllocator
     8 std::alloc::self
     8 core::u64
     8 alloc::borrow
     7 core::i32
     7 std::array
     7 core::ops::self
     7 core::i8
     7 std::ascii
     7 core::u16
     7 alloc::slice
     7 std::option
     7 core::default
     7 core::cell
     7 alloc
     7 alloc::str
     6 core::i16
     6 test
     6 core::task
     6 core::u128
     6 alloc::sync
     6 core::option::Option::self
     6 core::intrinsics
     6 std::u8
     6 std::alloc
     6 core::i64
     6 core::concat
     5 alloc::rc
     5 alloc::string
     5 std::sync::self
     5 core::stringify
     5 std::ops::self
     5 core::cmp::self
     5 std::os
     5 std::cell
     4 core::hash::self
     4 std::i32
     4 std::isize
     4 std::default
     4 std::assert_eq
     4 core::task::self
     4 std::pin
     4 std::boxed
     4 std::self
     4 std::error::self
     4 std::rc
     4 std::convert
     4 core::format_args
     4 core::module_path
     3 std::hash::self
     3 test::test_main
     3 std::i64
     3 test::TestType
     3 std::i8
     3 alloc::bzero
     3 core::net
     3 test::TestDescAndFn
     3 std::time::self
     3 proc_macro::Diagnostic
     3 core::time
     3 core::line
     3 alloc::boxed
     3 core::file
     3 core::result::Result::self
     3 test::TestName
     3 test::self
     3 test::DynTestFn
     3 test::TestDesc
     3 core::clone
     2 std::collections::hash_map::self
     2 std::collections::btree_map::self
     2 std::stringify
     2 proc_macro::Level
     2 std::vec::self
     2 std::option_env
     2 core::alloc
     2 core::write
     2 std::i16
     2 std::is_x86_feature_detected
     2 core::future
     2 std::matches
     2 core::ascii
     2 std::unreachable
     2 test::Options
     2 core::num::self
     2 core::sync::atomic::Ordering::self
     2 std::print
     1 std::result::Result::self
     1 std::env::VarError::self
     1 proc_macro::LexError
     1 alloc::fmt::self
     1 alloc::declare_stack_allocator_struct
     1 core::compile_error
     1 alloc::boxed::self
     1 core::unimplemented
     1 std::simd::self
     1 test::TestRequest
     1 std::assert
     1 core::include_bytes
     1 test::set_handler_cb
     1 std::boxed::self
     1 core::prelude
     1 std::collections::self
     1 std::pin::self
     1 std::prelude
     1 core::error::self
     1 core::convert::self
     1 std::ops::Bound::self
     1 std::cfg
     1 alloc::define_stack_allocator_traits
     1 test::set_handler
     1 std::include_str
     1 core::env
     1 std::u128
     1 core::any::self
     1 std::task::Poll::self
     1 test::syntax3
     1 core::cell::self
     1 proc_macro::self
     1 std::collections::btree_set::self
     1 alloc::collections::btree_set::self
     1 std::intrinsics
     1 proc_macro::Return
     1 std::option::Option::self
     1 std::char::self
     1 std::os::fd::self
     1 std::eprint
     1 std::format_args
     1 alloc::AllocErr
     1 std::todo
     1 alloc::alloc
     1 core::char::self
     1 alloc::static_array
     1 std::compile_error
     1 std::cmp::Ordering::self
     1 alloc::Alloc
     1 alloc::alloc::self
     1 alloc::define_allocator_memory_pool
     1 core::cmp::Ordering::self
     1 std::os::fortanix_sgx::usercalls::self
     1 core::Level
     1 core::self
     1 core::arch
     1 std::module_path
     1 std::simd
     1 core::pin
     1 alloc::borrow::Cow::self
     1 std::rc::self
     1 core::include_str
     1 core::future::self
     1 std::slice::self
     1 test::ShouldPanic
     1 std::concat
     1 core::matches
     1 core::debug_assert

=== Standard Library Data Types Used ===
Data types (1603 total):
  3877 std::sync::Arc
  2061 std::path::Path
  1983 std::time::Duration
  1938 std::collections::HashMap
  1733 std::path::PathBuf
  1727 alloc::vec::Vec
  1685 std::borrow::Cow
  1587 std::io::Write
  1449 std::pin::Pin
  1220 std::task::Poll
  1182 std::error::Error
  1084 std::task::Context
  1009 std::io::Read
  1005 std::str::FromStr
   950 std::fmt::Debug
   950 std::fs::File
   927 std::future::Future
   901 alloc::string::String
   893 std::sync::atomic::Ordering
   846 std::marker::PhantomData
   821 std::sync::Mutex
   800 std::collections::HashSet
   754 std::ops::Deref
   723 std::fmt::Display
   697 core::marker::PhantomData
   689 alloc::boxed::Box
   667 std::collections::BTreeMap
   655 std::fmt::Write
   623 std::any::Any
   601 std::hash::Hash
   548 std::sync::atomic::AtomicUsize
   532 std::time::Instant
   509 core::fmt::Debug
   497 std::process::Command
   493 alloc::string::ToString
   475 std::fmt::Formatter
   447 std::sync::atomic::AtomicBool
   444 std::rc::Rc
   443 std::cmp::Ordering
   439 std::cell::RefCell
   424 std::net::SocketAddr
   418 std::ffi::OsStr
   413 core::cmp::Ordering
   398 std::ffi::OsString
   383 core::pin::Pin
   378 core::str::FromStr
   377 std::io::Cursor
   375 std::hash::Hasher
   368 core::ops::Deref
   359 std::time::SystemTime
   356 std::ffi::CStr
   353 std::ops::Range
   342 core::mem::MaybeUninit
   338 alloc::borrow::Cow
   331 core::hash::Hash
   327 std::collections::BTreeSet
   324 std::convert::Infallible
   321 core::fmt::Display
   313 std::ops::DerefMut
   310 std::net::Ipv4Addr
   307 std::cell::Cell
   301 std::ffi::CString
   297 std::io::BufRead
   294 alloc::borrow::ToOwned
   293 std::io::BufReader
   288 std::mem::MaybeUninit
   286 std::convert::TryFrom
   281 std::collections::VecDeque
   274 core::ops::Range
   272 std::convert::TryInto
   268 alloc::sync::Arc
   265 core::ptr::NonNull
   251 std::io::prelude
   248 std::io::Error
   240 std::net::IpAddr
   232 std::hint::black_box
   230 core::ops::Add
   229 std::mem::size_of
   221 core::fmt::Formatter
   220 std::ptr::NonNull
   220 core::convert::TryFrom
   219 core::hash::Hasher
   216 std::borrow::Borrow
   216 std::io::ErrorKind
   216 core::fmt::Write
   214 core::ffi::c_void
   209 std::io::Result
   206 core::sync::atomic::Ordering
   204 std::sync::OnceLock
   203 std::os::unix::io::AsRawFd
   203 std::ffi::c_void
   202 std::sync::LazyLock
   202 std::iter::FromIterator
   200 core::borrow::Borrow
   197 std::process::Stdio
   194 core::ops::Sub
   191 std::io::IoSlice
   189 core::time::Duration
   189 core::mem::size_of
   177 std::task::ready
   176 std::net::Ipv6Addr
   172 core::ops::Mul
   171 std::boxed::Box
   168 core::ops::DerefMut
   165 std::io::Seek
   159 core::task::Poll
   158 std::os::raw::c_int
   157 std::ffi::c_int
   152 std::ops::Add
   149 core::task::Context
   148 core::future::Future
   144 core::mem::ManuallyDrop
   144 std::sync::RwLock
   143 std::io::SeekFrom
   140 std::hash::BuildHasher
   133 core::convert::TryInto
   133 core::ops::AddAssign
   130 std::os::raw::c_void
   129 core::iter::FusedIterator
   127 std::os::raw::c_char
   126 core::ops::Index
   123 std::os::unix::io::RawFd
   123 core::ops::Neg
   122 core::convert::Infallible
   121 core::ops::SubAssign
   120 std::num::NonZeroU32
   119 std::net::TcpStream
   118 std::io::BufWriter
   117 std::os::unix::ffi::OsStrExt
   115 std::task::Waker
   114 std::mem::ManuallyDrop
   114 std::ops::Index
   113 std::time::UNIX_EPOCH
   111 std::ffi::c_char
   110 std::sync::atomic::Ordering::Relaxed
   107 core::iter::Sum
   106 std::cmp::min
   105 core::arch::x86_64
   104 core::cell::Cell
   102 std::sync::mpsc
   101 std::os::unix::io::AsFd
   101 core::iter::FromIterator
   101 std::vec::Vec
   100 std::pin::pin
   100 std::collections::hash_map::Entry
    99 std::fs::OpenOptions
    99 core::cell::UnsafeCell
    98 std::net::TcpListener
    98 core::num::NonZeroU32
    97 core::num::NonZeroUsize
    96 std::cell::UnsafeCell
    96 core::ops::Div
    95 core::ops::MulAssign
    95 std::marker::PhantomPinned
    92 std::os::unix::io::BorrowedFd
    92 std::collections::hash_map::DefaultHasher
    92 std::sync::atomic::Ordering::SeqCst
    91 std::sync::atomic::AtomicU32
    90 core::arch::x86
    89 alloc::collections::BTreeMap
    88 core::iter::Product
    88 std::iter::FusedIterator
    88 std::sync::Once
    87 std::os::unix::io::OwnedFd
    86 std::any::TypeId
    85 std::thread::sleep
    84 core::sync::atomic::AtomicUsize
    84 std::num::NonZeroUsize
    83 core::hash::BuildHasher
    83 core::ffi::c_int
    83 core::ops::IndexMut
    82 std::sync::Weak
    82 std::collections::hash_map::RandomState
    81 core::ops::RangeInclusive
    77 std::string::String
    76 std::ptr::null_mut
    76 std::os::unix::io::FromRawFd
    76 std::ops::Mul
    75 core::num::NonZeroU64
    74 core::ops::BitXor
    74 core::error::Error
    74 std::panic::catch_unwind
    74 std::sync::atomic::AtomicU64
    73 std::os::raw::c_uint
    72 alloc::rc::Rc
    72 std::panic::AssertUnwindSafe
    72 std::alloc::Layout
    71 core::ops::BitAnd
    71 core::ops::BitOr
    71 std::panic::UnwindSafe
    71 std::default::Default
    70 std::sync::MutexGuard
    70 std::os::fd::AsRawFd
    70 std::ops::Sub
    69 core::cmp::min
    68 core::ops::RangeBounds
    66 std::ops::RangeInclusive
    66 std::sync::Barrier
    66 core::panic::RefUnwindSafe
    66 std::sync::mpsc::channel
    65 std::ops::RangeBounds
    64 core::cell::RefCell
    63 std::iter::once
    63 std::os::raw::c_ulong
    63 core::panic::UnwindSafe
    63 core::ops::Not
    61 core::ffi::CStr
    61 std::os::unix::net::UnixStream
    60 core::arch::asm
    60 std::ops::IndexMut
    59 core::ops::DivAssign
    59 core::ffi::c_char
    59 std::fmt::Error
    58 std::ops::AddAssign
    57 std::os::windows::io::AsRawHandle
    57 std::num::NonZeroU64
    57 std::fs::read_to_string
    57 std::future::poll_fn
    56 std::io::IoSliceMut
    55 std::string::ToString
    55 core::ops::Bound
    55 core::alloc::Layout
    55 std::ops::Bound
    55 std::sync::atomic::Ordering::Acquire
    54 std::os::unix::io::IntoRawFd
    54 std::iter::Peekable
    54 core::num::Wrapping
    53 std::collections::BinaryHeap
    53 std::io::stdout
    53 std::any::type_name
    53 core::net::Ipv4Addr
    53 std::net::ToSocketAddrs
    52 std::str::from_utf8
    52 core::num::NonZeroU16
    52 std::thread::JoinHandle
    52 std::mem::take
    51 core::arch::aarch64
    51 std::path::Component
    50 core::cmp::max
    49 std::thread::spawn
    49 alloc::collections::BTreeSet
    48 std::cmp::max
    48 std::iter::Iterator
    48 std::sync::Condvar
    47 std::net::Shutdown
    46 core::num::NonZeroU8
    46 std::collections::hash_map
    46 std::process::Output
    46 std::panic::RefUnwindSafe
    45 std::os::windows::ffi::OsStringExt
    45 std::net::SocketAddrV4
    45 core::any::Any
    45 core::net::Ipv6Addr
    45 std::process::exit
    45 core::ops::BitXorAssign
    45 core::net::IpAddr
    45 std::os::unix::prelude
    45 alloc::collections::VecDeque
    45 std::sync::atomic::AtomicPtr
    44 std::ptr::addr_of_mut
    44 std::os::unix::ffi::OsStringExt
    43 core::ffi::c_uint
    43 std::prelude::v1
    42 std::ops::Neg
    42 core::any::TypeId
    42 std::mem::size_of_val
    42 core::marker::PhantomPinned
    42 std::os::fd::FromRawFd
    41 std::ops::Div
    41 std::cell::OnceCell
    41 core::borrow::BorrowMut
    41 core::ops::BitOrAssign
    41 std::io::IsTerminal
    41 std::os::windows::io::AsRawSocket
    41 core::ops::BitAndAssign
    41 std::cell::Ref
    40 std::num::ParseIntError
    40 std::convert::From
    40 std::sync::atomic::Ordering::Release
    40 std::ops::Not
    40 std::sync::atomic
    39 std::os::windows::io::RawHandle
    39 core::ops::RangeFrom
    39 core::ops::Rem
    39 std::process::ExitStatus
    39 core::sync::atomic::AtomicBool
    39 std::os::raw
    38 std::ops::MulAssign
    38 core::ptr::null_mut
    38 core::sync::atomic::AtomicPtr
    38 std::borrow::BorrowMut
    38 std::fmt::Result
    37 std::borrow::ToOwned
    37 std::hash::BuildHasherDefault
    36 std::os::raw::c_uchar
    36 std::str::Utf8Error
    36 std::os::unix::fs::MetadataExt
    36 std::ops::BitOr
    36 core::ops::RangeTo
    36 std::slice::Iter
    36 std::mem::transmute
    35 std::os::raw::c_long
    35 std::sync::atomic::AtomicU8
    35 std::ffi::c_uint
    34 std::process::Child
    34 std::net::SocketAddrV6
    34 core::mem::transmute
    34 core::task::Waker
    34 core::ops::ControlFlow
    34 core::ops::Shr
    34 std::os::fd::RawFd
    34 core::sync::atomic
    33 core::num::NonZeroU128
    33 std::ptr::null
    33 std::num::Wrapping
    33 std::iter::repeat
    33 std::cell::RefMut
    32 core::num::NonZeroI32
    32 std::sync::atomic::Ordering::AcqRel
    32 std::os::fd::AsFd
    32 std::sync::mpsc::Receiver
    32 std::os::unix::fs::PermissionsExt
    32 core::ops::Shl
    32 std::os::fd::OwnedFd
    32 core::net::SocketAddr
    31 core::sync::atomic::AtomicU32
    31 std::os::windows::ffi::OsStrExt
    31 std::ops::SubAssign
    31 std::sync::PoisonError
    30 std::convert::Into
    30 std::ops::BitAnd
    29 core::cmp::Eq
    29 std::sync::mpsc::Sender
    29 std::net::UdpSocket
    29 std::cmp::PartialEq
    29 core::mem::align_of
    28 std::fs::read
    28 std::io::stdin
    28 core::arch::wasm32
    28 std::alloc::System
    28 alloc::alloc::Layout
    28 core::task::ready
    28 std::os::windows::io::RawSocket
    27 std::cmp::Eq
    27 std::num::NonZeroU8
    27 std::fs::create_dir_all
    27 std::process::ExitCode
    27 std::result::Result
    27 std::env::args
    27 core::num::NonZeroI64
    26 std::os::unix::fs::symlink
    26 std::collections::LinkedList
    26 core::num::NonZeroI8
    26 std::mem::align_of
    26 std::ops::DivAssign
    26 core::sync::atomic::AtomicU8
    26 core::default::Default
    26 core::fmt::Result
    25 std::future::ready
    25 core::num::NonZeroI16
    25 std::mem::replace
    25 core::num::NonZeroI128
    25 std::num::NonZeroU16
    25 std::fs::Metadata
    25 core::cmp::PartialEq
    24 core::slice::Iter
    24 std::ffi::c_long
    24 core::iter::Peekable
    24 std::fs::read_dir
    24 std::iter::IntoIterator
    24 core::ptr::addr_of_mut
    23 std::ops::ControlFlow
    23 std::os::fd::BorrowedFd
    23 core::fmt::LowerHex
    23 std::collections::btree_map::Entry
    23 std::num::NonZero
    23 std::ops::Rem
    23 std::collections::hash_map::HashMap
    23 core::cmp::Ord
    23 std::num::NonZeroI32
    23 std::hash::DefaultHasher
    23 std::mem::forget
    23 std::ffi::c_double
    22 core::cmp::Ordering::Equal
    22 std::task::RawWakerVTable
    22 std::task::RawWaker
    22 core::fmt::UpperHex
    22 std::num::TryFromIntError
    22 core::ops::RangeFull
    22 std::ops::RangeFrom
    22 std::os::unix::fs::OpenOptionsExt
    22 std::cmp::Reverse
    22 std::ffi::c_uchar
    22 std::ffi::c_ulong
    21 std::os::raw::c_ushort
    21 core::fmt::Error
    21 std::env::current_dir
    21 alloc::ffi::CString
    21 std::env::VarError
    21 core::ffi::c_ulong
    21 core::num::ParseIntError
    21 core::fmt::Binary
    21 std::os::windows::io::FromRawSocket
    21 std::os::windows::io::AsSocket
    21 std::future::IntoFuture
    21 std::cmp::Ord
    20 std::rc::Weak
    20 core::num::NonZero
    20 core::hash::BuildHasherDefault
    20 std::os::windows::prelude
    20 core::sync::atomic::Ordering::Relaxed
    20 std::os::raw::c_short
    20 core::cmp::Ordering::Less
    20 core::ops::RangeToInclusive
    20 std::sync::atomic::AtomicI32
    20 alloc::borrow::Borrow
    19 std::ops::BitXor
    19 std::os::fd::IntoRawFd
    19 core::ops::RemAssign
    19 std::os::windows::io::BorrowedSocket
    19 std::convert::AsRef
    19 std::sync::atomic::AtomicIsize
    19 core::sync::atomic::AtomicU64
    19 std::os::windows::io::FromRawHandle
    19 std::str::Chars
    19 std::num::Saturating
    19 std::os::windows::io::IntoRawSocket
    19 std::alloc::GlobalAlloc
    18 std::sync::TryLockError
    18 std::os::unix::net::SocketAddr
    18 std::panic::Location
    18 std::os::windows::fs::symlink_dir
    18 core::cmp::Ordering::Greater
    18 core::cmp::PartialOrd
    18 core::num::NonZeroIsize
    17 std::slice::from_raw_parts
    17 std::cmp::PartialOrd
    17 std::env::temp_dir
    17 std::cmp::Ordering::Less
    17 std::future::Ready
    17 std::backtrace::Backtrace
    17 std::arch::x86_64
    17 std::cmp::Ordering::Greater
    17 std::f64::consts::PI
    17 std::sync::mpsc::SyncSender
    17 std::string::FromUtf8Error
    17 core::str::Utf8Error
    17 core::ops::ShrAssign
    16 std::os::windows::fs::OpenOptionsExt
    16 std::iter::Fuse
    16 core::fmt::Octal
    16 std::sync::atomic::AtomicU16
    16 std::sync::mpsc::RecvTimeoutError
    16 std::env::var
    16 core::slice::SliceIndex
    16 core::ptr::null
    16 core::convert::From
    16 core::sync::atomic::Ordering::SeqCst
    16 std::vec::IntoIter
    16 std::borrow::Cow::Borrowed
    16 std::os::windows::io::AsHandle
    15 std::io::stderr
    15 std::sync::RwLockReadGuard
    15 std::sync::mpsc::TryRecvError
    15 alloc::sync::Weak
    15 core::fmt::Pointer
    15 core::str::from_utf8_unchecked
    15 std::os::unix::net::UnixDatagram
    15 std::marker::Unpin
    15 alloc::collections::TryReserveError
    15 core::result::Result
    15 std::mem::swap
    15 core::iter::once
    15 std::thread::ThreadId
    14 core::num::TryFromIntError
    14 core::hint::unreachable_unchecked
    14 std::os::windows::prelude::OsStringExt
    14 core::task::RawWaker
    14 std::os::unix::prelude::OsStrExt
    14 alloc::collections::btree_map
    14 core::iter::Enumerate
    14 std::sync::RwLockWriteGuard
    14 core::convert::AsRef
    14 std::sync::mpsc::sync_channel
    14 std::ops::RangeTo
    13 std::iter::Sum
    13 core::sync::atomic::AtomicI32
    13 core::iter::Iterator
    13 core::mem::size_of_val
    13 std::ops::RemAssign
    13 core::arch::x86_64::__m128i
    13 std::ffi::c_ushort
    13 core::result::Result::Err
    13 std::os::unix::net::UnixListener
    13 std::fs::DirEntry
    13 core::sync::atomic::Ordering::Acquire
    13 std::iter::repeat_n
    13 std::os::hermit::io::AsRawFd
    13 core::f32::consts::PI
    13 core::option::Option
    13 core::mem::offset_of
    13 std::collections::btree_map
    13 std::task::Poll::Ready
    13 std::cmp::Ordering::Equal
    12 core::ffi::c_uchar
    12 std::ffi::c_short
    12 core::str::Chars
    12 core::ops::ShlAssign
    12 std::os::windows::io::IntoRawHandle
    12 std::panic::resume_unwind
    12 core::task::RawWakerVTable
    12 std::os::windows::io::OwnedSocket
    12 std::ffi::c_float
    12 core::f32::consts::FRAC_PI_2
    11 std::ops::BitOrAssign
    11 core::mem::transmute_copy
    11 std::num::NonZeroI64
    11 core::ptr::addr_of
    11 std::arch::x86
    11 std::str::CharIndices
    11 core::str::from_utf8
    11 std::os::windows::io::BorrowedHandle
    11 std::os::windows::process::CommandExt
    11 core::num::FpCategory
    11 std::mem::zeroed
    11 std::task::Wake
    11 std::str::from_utf8_unchecked
    11 core::iter::IntoIterator
    11 core::pin::pin
    11 core::sync::atomic::Ordering::Release
    11 std::ops::Drop
    11 core::iter::ExactSizeIterator
    11 std::sync::atomic::AtomicI64
    11 std::convert::identity
    11 core::hint::black_box
    11 std::ops::RangeFull
    10 alloc::collections::btree_map::Entry
    10 core::arch::x86_64::__m256i
    10 std::os::hermit::io::RawFd
    10 core::ptr::copy_nonoverlapping
    10 core::arch::arm
    10 std::fs::remove_file
    10 std::collections::btree_map::BTreeMap
    10 alloc::collections::BinaryHeap
    10 std::borrow::Cow::Owned
    10 alloc::alloc::handle_alloc_error
    10 std::f32::consts
    10 core::cell::OnceCell
    10 core::iter::DoubleEndedIterator
    10 std::ascii::AsciiExt
    10 std::fs::Permissions
    10 std::collections::Bound
    10 std::ffi::NulError
    10 alloc::alloc::alloc
    10 std::thread::Thread
    10 std::os::hermit::io::FromRawFd
    10 core::simd::prelude
    10 std::os::raw::c_double
     9 core::result::Result::Ok
     9 std::panic::set_hook
     9 std::path::MAIN_SEPARATOR
     9 std::num::NonZeroI8
     9 std::sync::LockResult
     9 core::mem::forget
     9 std::ptr::addr_of
     9 std::os::linux::net::SocketAddrExt
     9 std::os::unix::process::CommandExt
     9 std::clone::Clone
     9 std::net::AddrParseError
     9 std::thread::panicking
     9 alloc::collections::LinkedList
     9 std::num::FpCategory
     9 std::num::ParseFloatError
     9 std::ops::Shl
     9 core::f64::consts::PI
     9 core::fmt::LowerExp
     9 core::ops::Drop
     9 std::mem::offset_of
     9 std::io::copy
     9 core::marker::Unpin
     9 std::future::pending
     9 std::slice::IterMut
     9 std::fs::FileType
     9 core::str::CharIndices
     8 std::task::Poll::Pending
     8 std::os::unix::process::ExitStatusExt
     8 std::iter::Extend
     8 std::slice::from_raw_parts_mut
     8 alloc::str::FromStr
     8 std::os::windows::fs::symlink_file
     8 core::ffi::c_double
     8 std::iter::empty
     8 core::fmt::Arguments
     8 std::ops::RangeToInclusive
     8 core::ffi::c_ushort
     8 core::sync::atomic::fence
     8 std::ops::ControlFlow::Continue
     8 core::mem::zeroed
     8 std::ops::ControlFlow::Break
     8 std::iter::Enumerate
     8 std::alloc::alloc
     8 std::alloc::dealloc
     8 core::ffi::c_ulonglong
     8 core::panic::PanicInfo
     8 alloc::alloc::dealloc
     8 core::slice::from_raw_parts_mut
     8 std::process::ChildStderr
     8 std::f32::consts::PI
     8 std::iter::repeat_with
     8 std::slice::SliceIndex
     8 core::fmt::UpperExp
     8 core::iter::repeat
     8 core::alloc::LayoutError
     8 core::sync::atomic::Ordering::AcqRel
     7 core::arch::naked_asm
     7 core::num::IntErrorKind
     7 core::ffi::c_long
     7 std::os::hermit::io::AsFd
     7 std::os::windows::io::OwnedHandle
     7 std::iter::Rev
     7 std::os::android::net::SocketAddrExt
     7 std::num::NonZeroU128
     7 std::option::Option
     7 core::convert::AsMut
     7 core::fmt::Alignment
     7 alloc::borrow::BorrowMut
     7 std::thread::scope
     7 std::ops::BitXorAssign
     7 std::iter::zip
     7 std::iter::ExactSizeIterator
     7 core::alloc::GlobalAlloc
     7 core::future::poll_fn
     7 core::option::Option::None
     7 std::thread::available_parallelism
     7 core::net::AddrParseError
     7 core::marker::Sized
     7 std::os::unix::prelude::AsRawFd
     7 core::mem::replace
     7 core::iter::Chain
     7 core::slice::IterMut
     6 core::prelude::v1
     6 std::os::hermit::io::OwnedFd
     6 core::arch::aarch64::uint8x16_t
     6 core::array::TryFromSliceError
     6 std::sync::TryLockResult
     6 core::net::SocketAddrV4
     6 std::path::Component::Normal
     6 core::marker::Sync
     6 core::iter::Extend
     6 std::collections::TryReserveError
     6 std::env::args_os
     6 core::option::Option::Some
     6 std::os::hermit::io::BorrowedFd
     6 std::cell::LazyCell
     6 std::num::NonZeroI16
     6 core::cmp::Reverse
     6 alloc::collections::btree_map::BTreeMap
     6 std::thread::yield_now
     6 core::marker::Send
     6 core::net::SocketAddrV6
     6 std::num::NonZeroIsize
     6 core::mem::take
     6 std::mem::needs_drop
     6 std::os::wasi::io::FromRawFd
     6 std::ops::BitAndAssign
     6 std::os::unix::prelude::RawFd
     6 std::thread::Builder
     6 core::slice::from_raw_parts
     6 std::fmt::LowerHex
     6 core::hint::spin_loop
     6 std::iter::Product
     6 core::ffi::c_float
     6 alloc::alloc::alloc_zeroed
     6 std::sync::atomic::AtomicI8
     6 std::ops::Shr
     6 std::os::wasi::ffi::OsStrExt
     6 core::panic::AssertUnwindSafe
     6 std::hash::RandomState
     6 core::ptr::write_bytes
     5 core::iter::zip
     5 std::iter::Once
     5 std::fs::metadata
     5 core::error::request_value
     5 core::convert::Into
     5 std::fs::remove_dir_all
     5 std::os::unix::net
     5 std::io::StdoutLock
     5 std::path::Prefix
     5 core::simd::LaneCount
     5 std::io::Stdout
     5 core::simd::cmp::SimdPartialOrd
     5 std::sync::atomic::AtomicI16
     5 core::char::REPLACEMENT_CHARACTER
     5 core::sync::atomic::AtomicIsize
     5 std::os::unix::fs::FileExt
     5 std::ops::Bound::Included
     5 std::time::SystemTimeError
     5 proc_macro::token_stream::IntoIter
     5 std::fs::read_link
     5 core::sync::atomic::AtomicI8
     5 std::result::Result::Ok
     5 std::fmt::UpperHex
     5 std::path::Component::ParentDir
     5 core::any::type_name
     5 std::fs::DirBuilder
     5 std::alloc::handle_alloc_error
     5 std::process::abort
     5 std::fs::create_dir
     5 core::simd::SupportedLaneCount
     5 std::os::unix::fs::DirEntryExt
     5 core::mem::swap
     5 core::f64::consts
     5 core::clone::Clone
     5 std::str::Lines
     5 core::arch::global_asm
     5 std::env::var_os
     5 core::arch::x86_64::_mm256_blend_epi32
     4 std::fs::canonicalize
     4 std::panic::PanicInfo
     4 std::thread::LocalKey
     4 std::path::Component::RootDir
     4 std::path::is_separator
     4 std::process::ChildStdout
     4 std::iter::Cloned
     4 core::simd::cmp::SimdPartialEq
     4 core::arch::x86::__m128i
     4 std::f32::NAN
     4 std::ops::ShlAssign
     4 std::ops::Bound::Excluded
     4 std::collections::hash_map::Iter
     4 core::iter::FlatMap
     4 std::os::raw::c_ulonglong
     4 core::f64::consts::FRAC_PI_2
     4 std::alloc::alloc_zeroed
     4 std::convert::AsMut
     4 std::char::decode_utf16
     4 std::num::NonZeroI128
     4 std::env::consts::ARCH
     4 core::mem::discriminant
     4 std::fs::write
     4 core::arch::wasm32::v128
     4 core::error::request_ref
     4 std::str::Split
     4 alloc::alloc::GlobalAlloc
     4 core::arch::riscv64
     4 std::path::Component::Prefix
     4 core::arch::riscv32
     4 std::fs::ReadDir
     4 std::marker::Send
     4 std::path::Components
     4 std::os::windows::fs::MetadataExt
     4 std::panic::take_hook
     4 std::path::Component::CurDir
     4 std::sync::mpsc::RecvError
     4 std::os::wasi::io::IntoRawFd
     4 std::sync::mpsc::SendError
     4 std::env::set_current_dir
     4 std::env::consts::DLL_SUFFIX
     4 std::env::consts::DLL_PREFIX
     4 std::char::from_u32
     4 std::os::hermit::io::IntoRawFd
     4 core::iter::Cloned
     4 core::f64::INFINITY
     4 std::option::Option::None
     4 alloc::fmt::Write
     4 std::sync::atomic::fence
     4 std::str::pattern::Searcher
     4 std::str::pattern::Pattern
     4 std::os::windows::prelude::AsRawHandle
     4 std::os::wasi::ffi::OsStringExt
     4 std::arch::asm
     4 std::io::Take
     4 core::sync::atomic::AtomicU16
     4 std::fmt::Octal
     4 alloc::alloc::realloc
     4 std::fmt::Binary
     4 std::ascii::escape_default
     4 std::result::Result::Err
     4 std::env::set_var
     4 std::os::raw::c_longlong
     4 std::slice::from_ref
     4 core::future::ready
     4 std::iter::from_fn
     4 core::str::Bytes
     4 alloc::fmt::Display
     4 core::ffi::c_short
     4 std::backtrace::BacktraceStatus
     4 core::arch::x86_64::__m512i
     4 std::env::consts::EXE_EXTENSION
     3 std::os::unix::prelude::MetadataExt
     3 std::iter::Flatten
     3 core::arch::x86::_mm_prefetch
     3 std::alloc::Alloc
     3 std::fmt::Arguments
     3 std::ffi::c_ulonglong
     3 std::fmt::LowerExp
     3 core::sync::atomic::AtomicI16
     3 core::arch::x86_64::_mm_shuffle_epi8
     3 core::simd::simd_swizzle
     3 std::arch::is_aarch64_feature_detected
     3 core::hint::assert_unchecked
     3 core::arch::x86_64::_mm256_shuffle_epi32
     3 core::arch::x86_64::_xgetbv
     3 core::iter::Take
     3 std::u64::MAX
     3 std::env::consts::OS
     3 std::num::IntErrorKind
     3 std::process::ChildStdin
     3 std::os::raw::c_float
     3 std::sync::mpsc::TrySendError
     3 std::os::windows::prelude::RawHandle
     3 core::arch::x86::_MM_HINT_T0
     3 std::ptr::copy_nonoverlapping
     3 std::fmt::UpperExp
     3 std::iter::FilterMap
     3 core::alloc::LayoutErr
     3 alloc::rc::Weak
     3 std::io::Bytes
     3 std::option::Option::Some
     3 std::sync::atomic::ATOMIC_USIZE_INIT
     3 core::num::ParseFloatError
     3 core::iter::Skip
     3 std::collections::hash_map::Entry::Vacant
     3 std::iter::Chain
     3 std::io::Lines
     3 std::f64::consts::LN_2
     3 std::io::StderrLock
     3 core::arch::x86_64::_mm512_loadu_si512
     3 std::str::pattern::SearchStep
     3 std::env::consts::EXE_SUFFIX
     3 core::simd::num::SimdFloat
     3 core::arch::x86_64::_mm_cvtsi32_si128
     3 core::panic::Location
     3 std::os::unix::prelude::AsFd
     3 std::alloc::realloc
     3 core::cell::Ref
     3 std::iter::Map
     3 core::slice::from_ref
     3 core::arch::x86::__cpuid_count
     3 std::collections::hash_map::IntoIter
     3 std::process::id
     3 core::primitive::u8
     3 core::f64::MAX_EXP
     3 std::iter::Zip
     3 core::convert::identity
     3 alloc::collections::vec_deque::VecDeque
     3 std::simd::StdFloat
     3 core::str::from_utf8_unchecked_mut
     3 core::simd::u16x8
     3 std::thread::current
     3 std::ops::ShrAssign
     3 std::io::Stderr
     3 std::fmt::Pointer
     3 core::intrinsics::transmute
     3 std::collections::btree_map::Iter
     3 std::path::Iter
     3 std::os::raw::c_schar
     3 core::future::pending
     3 core::iter::Filter
     3 std::os::unix::fs::FileTypeExt
     3 alloc::string::FromUtf8Error
     3 std::iter::DoubleEndedIterator
     3 core::arch::x86_64::_mm_prefetch
     3 core::arch::x86_64::__cpuid_count
     3 std::f64::consts
     3 std::thread::Result
     3 core::char::decode_utf16
     3 std::path::Display
     3 core::arch::x86_64::_MM_HINT_T0
     3 std::fs::rename
     3 std::vec::Drain
     3 std::iter::Copied
     3 core::simd::u8x16
     3 core::arch::x86_64::_mm_loadu_si128
     3 core::sync::atomic::AtomicI64
     3 std::prelude::rust_2018
     3 std::os::windows::fs::FileExt
     3 core::arch::x86::__m256i
     3 std::os::unix::prelude::FromRawFd
     3 std::os::windows::prelude::OsStrExt
     3 std::alloc::Allocator
     3 core::future::Ready
     3 core::error::Request
     3 std::marker::Sync
     3 std::char::CharTryFromError
     3 std::process::Termination
     3 core::cell::RefMut
     3 core::iter::Copied
     3 std::ptr::drop_in_place
     2 std::hash::SipHasher
     2 core::arch::x86_64::_mm256_movemask_epi8
     2 core::ptr::without_provenance_mut
     2 std::io::ErrorKind::UnexpectedEof
     2 std::ptr::from_ref
     2 std::arch::x86::_mm_cmpeq_epi8
     2 core::arch::x86_64::CpuidResult
     2 std::path::PrefixComponent
     2 core::simd::SimdElement
     2 std::arch::x86::_mm_loadu_si128
     2 core::arch::wasm64
     2 core::arch::x86_64::_mm_movemask_epi8
     2 std::os::windows::prelude::AsHandle
     2 std::io::StdinLock
     2 std::simd::cmp::SimdPartialOrd
     2 std::os::hermit::ffi::OsStrExt
     2 std::any::type_name_of_val
     2 core::simd::u64x2
     2 std::os::wasi::fs::MetadataExt
     2 core::ops::Bound::Excluded
     2 std::alloc::AllocError
     2 std::slice::Chunks
     2 std::env::VarError::NotPresent
     2 core::arch::x86_64::_addcarry_u64
     2 core::arch::aarch64::uint16x8_t
     2 core::ffi::c_longlong
     2 std::collections::hash_map::Keys
     2 std::heap::Alloc
     2 std::os::windows::raw::SOCKET
     2 std::io::ErrorKind::AlreadyExists
     2 core::f64::MIN_EXP
     2 std::arch::x86_64::_mm_set1_epi8
     2 core::simd::Simd
     2 std::fs::hard_link
     2 core::arch::x86_64::_mm256_extracti128_si256
     2 core::arch::aarch64::vld1q_u8
     2 std::env::current_exe
     2 core::arch::x86_64::_mm_or_si128
     2 core::arch::x86_64::_mm_xor_si128
     2 core::ops::Bound::Included
     2 core::str::pattern::Searcher
     2 core::alloc::Allocator
     2 core::arch::x86_64::_mm_set1_epi8
     2 core::arch::x86::__m512i
     2 core::simd::u64x4
     2 std::arch::x86_64::_mm_cmpeq_epi8
     2 core::simd::u64x8
     2 core::primitive::i64
     2 std::path::StripPrefixError
     2 core::ptr::slice_from_raw_parts_mut
     2 std::sync::WaitTimeoutResult
     2 core::arch::x86_64::_mm_add_epi32
     2 core::f32::consts::TAU
     2 core::ptr::read
     2 core::ptr::drop_in_place
     2 std::panic::panic_any
     2 std::simd::f32x4
     2 std::os::wasi::io::AsRawFd
     2 std::io::LineWriter
     2 core::char::DecodeUtf16Error
     2 std::iter::Filter
     2 core::arch::x86_64::_mm256_castsi256_si128
     2 std::str::ParseBoolError
     2 std::char::REPLACEMENT_CHARACTER
     2 test::bench::black_box
     2 std::os::wasi::io::RawFd
     2 alloc::vec::Drain
     2 core::arch::x86_64::_mm_cvtsi128_si32
     2 core::ops::Bound::Unbounded
     2 alloc::string::FromUtf16Error
     2 std::slice::Split
     2 std::os::windows::process::ExitStatusExt
     2 core::iter::Zip
     2 std::collections::hash_set
     2 core::ptr::read_unaligned
     2 core::iter::Map
     2 std::heap::Heap
     2 std::collections::btree_set::BTreeSet
     2 std::simd::num::SimdUint
     2 core::arch::x86::_xgetbv
     2 core::arch::x86_64::_mm256_permutevar8x32_epi32
     2 std::arch::x86::_mm_set1_epi8
     2 std::iter::Cycle
     2 test::ShouldPanic::No
     2 std::os::unix::thread::JoinHandleExt
     2 core::f64::consts::TAU
     2 core::arch::aarch64::uint8x16x4_t
     2 std::slice::ChunksExactMut
     2 std::char::DecodeUtf16
     2 core::iter::empty
     2 core::arch::x86_64::_mm_and_si128
     2 core::f64::RADIX
     2 core::ptr::slice_from_raw_parts
     2 core::simd::ToBytes
     2 core::simd::mask16x8
     2 std::char::DecodeUtf16Error
     2 core::f64::MANTISSA_DIGITS
     2 std::iter::once_with
     2 core::arch::x86_64::_mm256_add_epi32
     2 core::u128::MAX
     2 std::collections::hash_map::OccupiedEntry
     2 std::os::unix::prelude::OwnedFd
     2 std::str::pattern::ReverseSearcher
     2 core::primitive::str
     2 core::str::pattern::SearchStep
     2 core::primitive::bool
     2 std::io::prelude::Write
     2 core::f64::consts::E
     2 core::iter::Fuse
     2 std::collections::vec_deque
     2 alloc::alloc::Allocator
     2 std::collections::hash_map::Entry::Occupied
     2 std::ops::Fn
     2 core::ffi::FromBytesWithNulError
     2 core::arch::x86_64::_mm512_setzero_si512
     2 core::str::ParseBoolError
     2 std::os::unix::prelude::PermissionsExt
     2 std::slice::ChunksExact
     2 core::arch::aarch64::vld1q_u8_x4
     2 core::future::Pending
     2 std::io::ErrorKind::WouldBlock
     2 std::io::ErrorKind::InvalidData
     2 core::arch::x86_64::_mm256_loadu_si256
     2 std::os::unix::thread::RawPthread
     2 core::simd::prelude::SimdPartialOrd
     2 std::os::windows::prelude::BorrowedHandle
     2 core::alloc::AllocError
     2 core::arch::aarch64::vandq_u8
     2 std::heap::Layout
     2 std::mem::drop
     2 alloc::fmt::Formatter
     2 std::arch::x86_64::_mm_loadu_si128
     2 std::io::read_to_string
     2 std::ops::Bound::Unbounded
     2 core::num::Saturating
     2 std::sync::atomic::ATOMIC_BOOL_INIT
     2 core::arch::x86_64::_mm_shuffle_epi32
     2 core::intrinsics::likely
     2 core::ptr::copy
     2 std::os::wasi::prelude
     2 test::results::test
     2 std::os::windows::prelude::FromRawHandle
     2 core::arch::x86_64::_mm_unpackhi_epi64
     2 std::ops::FnMut
     2 core::arch::x86_64::_mm512_zextsi128_si512
     2 core::str::pattern::Pattern
     2 std::os::unix::fs
     2 core::arch::x86_64::_mm512_xor_si512
     2 std::ffi::c_longlong
     2 std::arch::x86_64::__m128i
     2 core::arch::aarch64::vdupq_n_u8
     2 std::simd::num::SimdFloat
     2 alloc::task::Wake
     2 std::arch::x86::__m128i
     2 core::arch::aarch64::vceqq_u8
     2 std::io::sink
     2 alloc::collections::binary_heap::PeekMut
     2 core::primitive::u64
     2 std::collections::vec_deque::VecDeque
     1 core::arch::aarch64::vdupq_n_u16
     1 core::ops::CoerceUnsized
     1 core::cell::BorrowError
     1 proc_macro::Delimiter::Parenthesis
     1 core::arch::x86_64::_mm256_setzero_si256
     1 core::arch::x86_64::_mm256_cvtps_ph
     1 std::collections::hash_set::Iter
     1 core::arch::wasm32::u8x16_shuffle
     1 std::arch::aarch64::vdupq_n_u8
     1 core::arch::x86_64::_mm512_madd_epi16
     1 std::arch::x86_64::_mm256_sub_epi8
     1 core::prelude::v1::Option
     1 core::arch::aarch64::vorrq_u8
     1 std::alloc::LayoutError
     1 core::alloc::AllocErr
     1 std::arch::x86_64::_mm256_xor_si256
     1 test::resource_borrow_in_record::test::Foo
     1 core::arch::x86_64::_mm_alignr_epi8
     1 core::ptr::with_exposed_provenance_mut
     1 std::collections::hash_set::Difference
     1 core::prelude::v1::Eq
     1 core::mem::needs_drop
     1 std::ffi::VaList
     1 std::f64::consts::E
     1 std::thread::Scope
     1 core::arch::x86_64::_mm256_madd_epi16
     1 core::arch::wasm32::v128_load
     1 std::f64::MANTISSA_DIGITS
     1 core::prelude::v1::include_str
     1 alloc::ffi::NulError
     1 core::prelude::v1::compile_error
     1 std::iter::Take
     1 std::arch::x86::_mm_sad_epu8
     1 core::arch::arm::vtbl2_u8
     1 alloc::collections::btree_set::BTreeSet
     1 std::future::Pending
     1 core::prelude::v1::Sized
     1 std::os::hermit::ext::ffi::OsStringExt
     1 std::arch::x86::__cpuid
     1 core::arch::aarch64::vpadd_u32
     1 std::os::unix::prelude::BorrowedFd
     1 std::os::windows::io::InvalidHandleError
     1 core::ptr::read_volatile
     1 core::array::from_mut
     1 core::arch::x86::_mm512_test_epi8_mask
     1 core::arch::x86_64::_mm256_set1_epi8
     1 core::arch::x86_64::_mm512_test_epi8_mask
     1 core::arch::x86_64::_mm_cmpeq_epi8
     1 core::arch::x86::_mm512_shuffle_epi8
     1 core::arch::arm::vextq_u8
     1 core::arch::x86_64::_MM_FROUND_TO_NEAREST_INT
     1 core::arch::wasm32::u8x16
     1 std::arch::x86_64::__cpuid
     1 core::primitive::i8
     1 core::arch::aarch64::vextq_u8
     1 core::arch::x86_64::_mm512_cmpeq_epu8_mask
     1 std::ffi::FromVecWithNulError
     1 core::arch::aarch64::vget_high_u32
     1 core::str::pattern::Utf8Pattern
     1 core::prelude::v1::stringify
     1 std::os::unix::process
     1 core::arch::x86_64::_mm_storeu_si128
     1 std::os::windows::fs::FileTypeExt
     1 core::arch::x86::_mm512_or_si512
     1 core::f64::consts::LOG10_2
     1 std::os::unix
     1 std::collections::binary_heap::BinaryHeap
     1 core::slice::Windows
     1 core::iter::TrustedLen
     1 core::arch::x86_64::_mm256_xor_si256
     1 test::lists::to_test
     1 std::simd::cmp::SimdPartialEq
     1 std::arch::aarch64
     1 std::f64::consts::LOG2_E
     1 core::arch::x86::_mm512_set_epi64
     1 core::cmp::min_by_key
     1 core::prelude::v1::Default
     1 std::alloc::Excess
     1 core::arch::x86::_mm256_or_si256
     1 std::marker::Copy
     1 core::arch::x86::_mm256_loadu_si256
     1 core::arch::x86::_mm_shuffle_epi8
     1 std::option::IntoIter
     1 core::prelude::v1::Debug
     1 core::simd::prelude::SimdFloat
     1 core::arch::aarch64::vqsubq_u8
     1 core::alloc::Alloc
     1 core::char::DecodeUtf16
     1 core::ffi::c_schar
     1 test::resource_with_lists::test::Thing
     1 std::os::wasi::fs::OpenOptionsExt
     1 core::prelude::v1::line
     1 core::arch::arm::veorq_u8
     1 core::arch::x86_64::_mm512_set1_epi8
     1 std::prelude::v1::Vec
     1 core::primitive::u32
     1 std::arch::aarch64::vceqq_u8
     1 core::prelude::v1::concat
     1 core::simd::MaskElement
     1 core::marker::Copy
     1 std::collections::binary_heap::PeekMut
     1 std::os::wasi::io::AsFd
     1 core::arch::wasm32::v128_and
     1 core::char::CharTryFromError
     1 core::prelude::v1::test
     1 std::arch::aarch64::vorrq_u8
     1 core::arch::x86::_mm_cvtph_ps
     1 core::prelude::v1::Extend
     1 core::arch::x86_64::_mm_srli_si128
     1 std::collections::hash_map::IntoKeys
     1 core::array::from_ref
     1 proc_macro::Delimiter::Brace
     1 core::arch::aarch64::vshlq_n_u32
     1 core::arch::x86_64::_mm256_sad_epu8
     1 std::os::wasi::io::BorrowedFd
     1 core::arch::aarch64::veorq_u8
     1 std::arch::x86_64::_mm256_loadu_si256
     1 core::ops::FnMut
     1 std::os::vxworks::ext::ffi::OsStringExt
     1 core::arch::x86_64::_mm512_ternarylogic_epi32
     1 core::prelude::v1::include_bytes
     1 core::arch::x86_64::_subborrow_u64
     1 std::os::fortanix_sgx::usercalls::raw::WAIT_INDEFINITE
     1 std::os::wasi::io::OwnedFd
     1 core::prelude::rust_2021::TryInto
     1 core::prelude::v1::PartialOrd
     1 std::arch::wasm32
     1 std::collections::hash_map::IntoValues
     1 core::ascii::escape_default
     1 std::arch::aarch64::vld1q_u8
     1 core::arch::x86::_mm_movemask_epi8
     1 core::arch::loongarch64::lsx_vfcvtl_s_h
     1 std::arch::aarch64::float32x4x4_t
     1 std::alloc::Global
     1 core::arch::x86_64::_mm512_castsi512_si256
     1 std::fs::TryLockError
     1 std::os::wasi::fs::FileExt
     1 test::resource_alias::e2::Foo
     1 core::repository::branch::list
     1 std::arch::aarch64::vmulq_n_f32
     1 core::arch::x86_64::_mm_setr_epi8
     1 core::fmt::DebugStruct
     1 core::arch::x86::_mm256_shuffle_epi8
     1 core::f64::consts::LOG2_10
     1 core::arch::x86::_mm_subs_epu8
     1 std::simd::cmp::SimdOrd
     1 std::arch::x86::_mm_xor_si128
     1 std::os::hermit::ext::ffi::OsStrExt
     1 std::arch::x86::_mm_and_si128
     1 core::arch::wasm32::u8x16_all_true
     1 core::arch::wasm32::v128_or
     1 core::prelude::v1::format_args
     1 core::arch::x86::_mm256_permute2x128_si256
     1 core::arch::x86::_mm256_xor_si256
     1 core::prelude::v1::concat_idents
     1 core::arch::x86::_mm256_cvtps_ph
     1 core::u64::MAX
     1 std::arch::x86::_mm_sub_epi8
     1 core::arch::arm::vpmax_u8
     1 std::f32::EPSILON
     1 std::os::wasi::fs::DirEntryExt
     1 core::arch::arm::vorrq_u8
     1 core::arch::x86::_mm_set1_epi8
     1 core::arch::x86_64::_mm256_permute4x64_epi64
     1 std::env::join_paths
     1 core::alloc::CannotReallocInPlace
     1 core::arch::x86_64::__m128
     1 core::arch::loongarch64::m128
     1 core::ascii::EscapeDefault
     1 std::mem::align_of_val
     1 std::arch::x86_64::_mm_movemask_epi8
     1 core::prelude::v1::PartialEq
     1 core::arch::x86_64::_mm256_cvtph_ps
     1 core::arch::wasm32::v128_any_true
     1 core::arch::x86::_mm512_and_si512
     1 std::os::xous
     1 core::arch::x86_64::_mm512_subs_epu8
     1 core::arch::x86_64::_mm_cmpeq_epu8_mask
     1 core::intrinsics::unlikely
     1 std::str::pattern::SearchStep::Match
     1 core::prelude::v1::Fn
     1 core::prelude::v1::IntoIterator
     1 core::option::IntoIter
     1 std::arch::x86_64::_mm256_and_si256
     1 std::sync::OnceState
     1 core::arch::x86::_rdseed64_step
     1 core::prelude::v1::env
     1 core::arch::x86_64::__cpuid
     1 std::os::fortanix_sgx::thread::current
     1 core::arch::aarch64::vsriq_n_u8
     1 core::prelude::v1::Ok
     1 core::arch::x86_64::__m256
     1 std::arch::x86::_mm_cvtsi128_si32
     1 core::prelude::v1::drop
     1 std::io::WriterPanicked
     1 core::arch::x86::_mm512_loadu_si512
     1 std::fs::symlink_metadata
     1 core::arch::aarch64::vaddw_high_u8
     1 std::arch::x86_64::_mm256_sad_epu8
     1 core::arch::x86::_mm512_subs_epu8
     1 core::arch::aarch64::vmlal_u16
     1 core::arch::aarch64::vaddq_u32
     1 core::arch::wasm32::u8x16_bitmask
     1 core::arch::x86_64::_mm256_and_si256
     1 std::os::fortanix_sgx::usercalls::raw::EV_UNPARK
     1 core::arch::x86::_mm256_cvtph_ps
     1 core::iter::OnceWith
     1 core::marker::Unsize
     1 core::primitive::isize
     1 core::prelude::v1::Some
     1 std::arch::x86::_mm_shuffle_epi32
     1 core::arch::arm::vqsubq_u8
     1 std::io::PipeReader
     1 core::arch::x86_64::_mm256_mul_epu32
     1 core::prelude::v1::From
     1 core::prelude::rust_2018
     1 std::str::pattern::SearchStep::Done
     1 std::io::ErrorKind::InvalidInput
     1 core::arch::x86_64::_mm512_maskz_loadu_epi8
     1 core::arch::x86_64::_mm256_srli_epi16
     1 test::dep0_2_0::test
     1 std::str::Bytes
     1 std::fs::set_permissions
     1 test::resource_floats::test::Float
     1 core::prelude::v1::Hash
     1 std::os::windows::io::HandleOrInvalid
     1 core::prelude::rust_2021::FromIterator
     1 std::arch::x86_64::_mm_sub_epi8
     1 alloc::collections::btree_set
     1 core::arch::x86::_mm_testz_si128
     1 std::fs::copy
     1 core::arch::x86::_mm256_and_si256
     1 core::str::pattern::ReverseSearcher
     1 std::f64::NAN
     1 core::arch::x86_64::_mm256_madd52hi_epu64
     1 core::arch::aarch64::vmovq_n_u8
     1 core::arch::x86_64::_mm512_movepi8_mask
     1 core::arch::x86::_mm256_srli_epi16
     1 core::arch::x86::_mm_loadu_si128
     1 test::resource_alias::e2::a
     1 core::cmp::max_by
     1 core::simd::mask8x16
     1 core::arch::x86_64::_mm512_set_epi8
     1 alloc::fmt::LowerHex
     1 core::arch::aarch64::vqtbl1q_u8
     1 std::simd::Simd
     1 core::arch::x86_64::_mm_cvtps_ph
     1 std::arch::x86_64::_mm_shuffle_epi32
     1 core::f32::consts::LOG10_2
     1 std::char::ParseCharError
     1 core::arch::aarch64::vpadalq_u16
     1 core::arch::x86::_mm_setr_epi8
     1 core::prelude::v1::Clone
     1 core::simd::Swizzle
     1 std::ptr::slice_from_raw_parts
     1 alloc::collections::binary_heap::BinaryHeap
     1 core::arch::x86_64::_rdtsc
     1 std::os::bitrig::fs::MetadataExt
     1 core::arch::x86::_mm512_alignr_epi8
     1 core::arch::arm::uint8x16_t
     1 core::result::IntoIter
     1 core::arch::aarch64::vdupq_n_u32
     1 core::arch::x86::_mm512_set_epi8
     1 core::arch::aarch64::vsetq_lane_u32
     1 std::ptr::write_unaligned
     1 std::arch::x86_64::_mm_setzero_si128
     1 core::arch::x86::_mm256_movemask_epi8
     1 std::hint::spin_loop
     1 core::arch::x86_64::_mm_cvtph_ps
     1 std::usize::MAX
     1 core::arch::aarch64::vaddlvq_u8
     1 std::os::windows::prelude::IntoRawHandle
     1 core::arch::arm::vmovq_n_u8
     1 std::os::windows::io
     1 core::arch::x86::_rdtsc
     1 core::prelude::v1::FnOnce
     1 core::char::UNICODE_VERSION
     1 std::io::IntoInnerError
     1 core::arch::wasm32::u8x16_splat
     1 core::ptr::with_exposed_provenance
     1 test::bench::Bencher
     1 core::arch::x86_64::_mm512_srli_epi16
     1 std::mem::transmute_copy
     1 core::prelude::v1::include
     1 core::iter::Repeat
     1 core::arch::x86_64::_mm256_or_si256
     1 core::prelude::v1::Iterator
     1 std::arch::aarch64::vdupq_n_u32
     1 std::thread::AccessError
     1 core::arch::x86::_mm_or_si128
     1 core::arch::x86_64::_mm512_setr_epi32
     1 core::prelude::rust_2021::TryFrom
     1 std::array::from_ref
     1 core::f64::NAN
     1 core::arch::x86_64::_mm_setzero_si128
     1 core::arch::x86_64::_mm512_add_epi32
     1 core::arch::aarch64::vmlal_high_u16
     1 std::arch::x86::_mm_or_si128
     1 core::arch::aarch64::vget_lane_u64
     1 alloc::fmt::Debug
     1 core::arch::x86_64::_mm512_extracti64x4_epi64
     1 core::prelude::v1::AsRef
     1 core::arch::x86_64::_mm_srli_epi16
     1 core::arch::aarch64::uint16x8x2_t
     1 core::prelude::v1::cfg_accessible
     1 std::os::wasi
     1 std::sync::ONCE_INIT
     1 core::prelude::v1::ExactSizeIterator
     1 core::arch::x86_64::_mm512_alignr_epi8
     1 test::resource_alias::e1::X
     1 core::arch::wasm32::u8x16_eq
     1 core::arch::x86_64::_mm512_shuffle_epi8
     1 core::arch::arm::vandq_u8
     1 core::prelude::v1::Send
     1 std::hint::unreachable_unchecked
     1 std::array::from_fn
     1 core::arch::arm::vget_high_u8
     1 core::arch::x86_64::_mm256_testz_si256
     1 std::prelude::v1::String
     1 core::arch::x86::_mm256_subs_epu8
     1 core::arch::arm::vget_low_u8
     1 std::os::unix::fs::DirBuilderExt
     1 std::os::solid
     1 core::os::darwin::objc
     1 test::options::to_test
     1 core::prelude::v1::assert
     1 std::ffi::c_schar
     1 core::arch::x86_64::_mm256_cmpeq_epi8
     1 core::iter::from_fn
     1 core::arch::aarch64::vshrq_n_u8
     1 core::arch::x86::_mm256_set1_epi8
     1 core::arch::aarch64::uint16x4_t
     1 test::numbers::numbers
     1 core::arch::x86::_mm512_movepi8_mask
     1 std::num::Zero
     1 core::os::raw::c_int
     1 core::arch::arm::vget_lane_u8
     1 core::arch::aarch64::vshrn_n_u16
     1 core::arch::wasm32::u8x16_sub_sat
     1 std::os::fortanix_sgx
     1 core::arch::arm::uint8x8x2_t
     1 proc_macro::Delimiter::Bracket
     1 std::arch::aarch64::vgetq_lane_f32
     1 core::num::IntErrorKind::Empty
     1 core::arch::x86::__m256
     1 core::arch::x86_64::_rdseed64_step
     1 std::str::pattern::SearchStep::Reject
     1 core::arch::x86_64::_mm_subs_epu8
     1 core::arch::x86::__cpuid
     1 test::async_import::blah::Host
     1 core::prelude::v1::test_case
     1 std::f64::consts::LOG10_2
     1 core::arch::arm::vdupq_n_u8
     1 core::arch::x86::_mm_cvtps_ph
     1 core::arch::aarch64::vpaddlq_u8
     1 core::str::Split
     1 std::collections::hash_set::Intersection
     1 std::io::Empty
     1 core::arch::x86::_mm512_set1_epi8
     1 core::arch::aarch64::vget_low_u32
     1 core::arch::aarch64::_prefetch
     1 std::os::vxworks::ext::ffi::OsStrExt
     1 std::string::Drain
     1 std::os::windows::io::NullHandleError
     1 core::arch::x86::_mm512_setzero_si512
     1 core::arch::aarch64::vget_lane_u32
     1 core::cmp::min_by
     1 core::arch::aarch64::float64x2_t
     1 std::arch::x86_64::_mm256_cmpeq_epi8
     1 std::iter::FlatMap
     1 core::prelude::v1::module_path
     1 core::arch::x86::_mm512_xor_si512
     1 std::arch::x86_64::__m256i
     1 core::prelude::v1::file
     1 std::thread::park_timeout
     1 std::os::wasi::fs::FileTypeExt
     1 core::arch::loongarch64::m128i
     1 core::arch::arm::vld1q_u8
     1 core::prelude::v1::derive
     1 core::prelude::v1::trace_macros
     1 core::simd::cmp::SimdOrd
     1 core::prelude::v1::Ord
     1 std::ptr::addr_eq
     1 std::arch::x86_64::_mm256_set1_epi8
     1 alloc::vec::IntoIter
     1 std::io::Chain
     1 core::arch::x86_64::_mm512_set4_epi32
     1 core::arch::x86_64::_mm512_slli_epi32
     1 std::os::unix::raw::dev_t
     1 std::char::MAX
     1 std::arch::x86_64::_mm_xor_si128
     1 std::collections::hash_set::HashSet
     1 core::arch::x86::_mm_and_si128
     1 std::os::windows::prelude::RawSocket
     1 std::simd::num::SimdInt
     1 std::arch::aarch64::vld1q_f32
     1 core::arch::x86_64::_mm512_inserti32x4
     1 core::prelude::v1::None
     1 core::arch::x86::CpuidResult
     1 std::num::One
     1 std::arch::x86::_mm_setzero_si128
     1 core::arch::x86_64::_mm512_storeu_si512
     1 core::arch::x86_64::_mm512_sad_epu8
     1 core::str::Lines
     1 test::dep0_1_0::test
     1 core::arch::arm::vcombine_u8
     1 core::arch::aarch64::vsubq_u8
     1 std::arch::aarch64::vdupq_n_f32
     1 core::iter::Empty
     1 std::arch::aarch64::vmaxvq_u8
     1 core::prelude::v1::global_allocator
     1 core::arch::aarch64::_PREFETCH_READ
     1 core::arch::x86::_mm_setzero_si128
     1 core::arch::x86_64::_mm256_srlv_epi32
     1 std::ffi::FromBytesWithNulError
     1 std::io::Stdin
     1 core::arch::x86_64::_mm_load_si128
     1 core::arch::aarch64::vreinterpret_u64_u8
     1 core::arch::loongarch64
     1 std::arch::x86_64::_mm_or_si128
     1 std::os::windows::prelude::OwnedHandle
     1 core::arch::x86_64::_mm256_setr_epi8
     1 core::arch::loongarch64::lsx_vfcvt_h_s
     1 std::arch::x86_64::_mm_sad_epu8
     1 core::f32::consts::LOG2_10
     1 core::hash::SipHasher
     1 std::arch::x86_64::_mm256_extract_epi64
     1 core::arch::x86_64::_mm_testz_si128
     1 core::mem::uninitialized
     1 std::prelude::rust_2021
     1 core::prelude::v1::Unpin
     1 core::arch::wasm32::u8x16_shr
     1 std::env::Vars
     1 core::f64::NEG_INFINITY
     1 core::arch::x86_64::_mm_clmulepi64_si128
     1 core::arch::wasm32::v128_xor
     1 core::cmp::max_by_key
     1 std::thread::ScopedJoinHandle
     1 core::arch::x86_64::_mm256_alignr_epi8
     1 core::iter::Rev
     1 core::arch::x86_64::_mm256_shuffle_epi8
     1 core::prelude::v1::FnMut
     1 core::arch::x86::_mm_xor_si128
     1 core::prelude::v1::cfg
     1 core::sync::atomic::compiler_fence
     1 std::thread::park
     1 core::prelude::v1::Drop
     1 core::arch::x86_64::_mm512_set1_epi16
     1 std::os::linux::fs::MetadataExt
     1 core::arch::x86_64::_mm512_maddubs_epi16
     1 core::arch::x86_64::_mm512_permutex2var_epi64
     1 std::arch::x86_64::_mm_and_si128
     1 core::arch::aarch64::vpadalq_u8
     1 core::iter::repeat_n
     1 std::os::hermit::io
     1 core::arch::x86::_MM_FROUND_TO_NEAREST_INT
     1 std::f64::consts::FRAC_PI_3
     1 core::arch::x86_64::_mm512_clmulepi64_epi128
     1 test::resource_alias::e1::a
     1 core::arch::x86::_mm512_maskz_loadu_epi8
     1 core::arch::aarch64::vld4q_u8
     1 std::arch::x86_64::_mm256_setzero_si256
     1 core::arch::wasm32::u8x16_lt
     1 std::net::Ipv6MulticastScope
     1 core::arch::x86_64::_mm256_unpacklo_epi32
     1 core::arch::aarch64::vreinterpretq_u16_u8
     1 core::prelude::v1::DoubleEndedIterator
     1 core::arch::aarch64::vget_low_u16
     1 core::simd::num::SimdInt
     1 core::arch::aarch64::uint16x8x4_t
     1 core::arch::aarch64::vget_low_u8
     1 core::primitive::i32
     1 core::prelude::v1::Err
     1 std::arch::x86::_mm_movemask_epi8
     1 std::env::JoinPathsError
     1 core::char::from_u32
     1 core::prelude::v1::column
     1 core::prelude::v1::AsMut
     1 std::prelude::v1::Box
     1 alloc::fmt::Result
     1 core::f32::INFINITY
     1 core::simd::u8x32
     1 std::prelude::v1::ToOwned
     1 std::os::unix::io
     1 core::arch::x86_64::_mm256_unpackhi_epi32
     1 core::prelude::v1::bench
     1 std::arch::aarch64::vmlaq_n_f32
     1 core::arch::arm::vshrq_n_u8
     1 test::resource_borrow_in_record::test::Thing
     1 core::simd::num::SimdUint
     1 core::prelude::v1::concat_bytes
     1 core::arch::aarch64::_PREFETCH_LOCALITY3
     1 std::arch::aarch64::uint32x4_t
     1 core::arch::x86_64::_mm256_subs_epu8
     1 core::arch::x86_64::_mm512_or_si512
     1 core::arch::x86::_mm_srli_epi16
     1 core::prelude::v1::log_syntax
     1 core::iter::MapWhile
     1 core::iter::once_with
     1 core::arch::x86::_mm512_permutex2var_epi64
     1 std::collections::btree_set
     1 core::arch::wasm32::u8x16_swizzle
     1 core::prelude::v1::cfg_eval
     1 core::arch::x86::_mm256_setzero_si256
     1 core::arch::x86_64::_mm512_set_epi64
     1 core::arch::x86::__m128
     1 test::resource_alias::e1::Foo
     1 std::os::windows::fs
     1 std::os::hermit
     1 std::fs::FileTimes
     1 std::collections::linked_list::LinkedList
     1 core::arch::x86_64::_mm512_and_si512
     1 core::arch::aarch64::vmaxvq_u8
     1 alloc::borrow::Cow::Borrowed
     1 std::array::TryFromSliceError
     1 std::arch::x86_64::_mm_cvtsi128_si32
     1 core::arch::aarch64::vaddw_u8
     1 std::io::PipeWriter
     1 core::prelude::v1::Into
     1 std::collections::hash_map::VacantEntry
     1 core::arch::x86_64::_mm512_permutexvar_epi32
     1 core::prelude::v1::Sync
     1 core::iter::FilterMap
     1 alloc::str::from_utf8
     1 core::simd::Mask
     1 std::ffi::IntoStringError
     1 core::alloc::Excess
     1 core::prelude::v1::Result
     1 std::mem::discriminant
     1 core::iter::RepeatN
     1 core::arch::x86_64::_mm_extract_epi32
     1 core::arch::x86_64::_mm256_permute2x128_si256
     1 core::arch::aarch64::float32x4_t
     1 core::arch::x86::_mm512_srli_epi16
     1 core::arch::x86::_mm256_setr_epi8
     1 core::cell::BorrowMutError
     1 core::prelude::v1::option_env
     1 std::collections::hash_map::IterMut
     1 std::arch::aarch64::float32x4_t
     1 std::prelude::v1::ToString
     1 core::arch::x86_64::_mm_slli_si128
     1 core::arch::x86::_mm_alignr_epi8
     1 core::arch::x86::_mm256_testz_si256
     1 core::arch::x86_64::_mm256_maddubs_epi16
     1 std::collections::btree_set::Iter
     1 core::arch::x86_64::_mm256_zextsi128_si256
     1 core::fmt::write
     1 core::arch::x86_64::_mm512_extracti32x4_epi32
     1 std::os::fortanix_sgx::usercalls::raw::Tcs
     1 core::arch::x86::_mm256_alignr_epi8
     1 std::env::VarError::NotUnicode
     1 core::arch::x86_64::_mm256_slli_epi32
     1 core::prelude::v1::Copy
     1 core::prelude::v1::format_args_nl
     1 core::arch::x86_64::_mm256_madd52lo_epu64

Completed in 29015 ms.
